[0.431s] Invoking command in '/home/gaetano/Documents/Udemy_Ros/ros2_ws/src/my_py_pkg': PYTHONPATH=/home/gaetano/Documents/Udemy_Ros/ros2_ws/build/my_py_pkg/prefix_override:/home/gaetano/Documents/Udemy_Ros/ros2_ws/install/my_py_pkg/lib/python3.8/site-packages:${PYTHONPATH} /usr/bin/python3 setup.py egg_info --egg-base ../../build/my_py_pkg build --build-base /home/gaetano/Documents/Udemy_Ros/ros2_ws/build/my_py_pkg/build install --record /home/gaetano/Documents/Udemy_Ros/ros2_ws/build/my_py_pkg/install.log --single-version-externally-managed
[0.586s] running egg_info
[0.586s] writing ../../build/my_py_pkg/my_py_pkg.egg-info/PKG-INFO
[0.586s] writing dependency_links to ../../build/my_py_pkg/my_py_pkg.egg-info/dependency_links.txt
[0.586s] writing entry points to ../../build/my_py_pkg/my_py_pkg.egg-info/entry_points.txt
[0.586s] writing requirements to ../../build/my_py_pkg/my_py_pkg.egg-info/requires.txt
[0.586s] writing top-level names to ../../build/my_py_pkg/my_py_pkg.egg-info/top_level.txt
[0.598s] reading manifest file '../../build/my_py_pkg/my_py_pkg.egg-info/SOURCES.txt'
[0.599s] writing manifest file '../../build/my_py_pkg/my_py_pkg.egg-info/SOURCES.txt'
[0.599s] running build
[0.599s] running build_py
[0.599s] copying my_py_pkg/robot_news_station.py -> /home/gaetano/Documents/Udemy_Ros/ros2_ws/build/my_py_pkg/build/lib/my_py_pkg
[0.599s] running install
[0.599s] running install_lib
[0.600s] copying /home/gaetano/Documents/Udemy_Ros/ros2_ws/build/my_py_pkg/build/lib/my_py_pkg/robot_news_station.py -> /home/gaetano/Documents/Udemy_Ros/ros2_ws/install/my_py_pkg/lib/python3.8/site-packages/my_py_pkg
[0.600s] byte-compiling /home/gaetano/Documents/Udemy_Ros/ros2_ws/install/my_py_pkg/lib/python3.8/site-packages/my_py_pkg/robot_news_station.py to robot_news_station.cpython-38.pyc
[0.600s] running install_data
[0.600s] copying package.xml -> /home/gaetano/Documents/Udemy_Ros/ros2_ws/install/my_py_pkg/share/my_py_pkg
[0.601s] running install_egg_info
[0.601s] removing '/home/gaetano/Documents/Udemy_Ros/ros2_ws/install/my_py_pkg/lib/python3.8/site-packages/my_py_pkg-0.0.0-py3.8.egg-info' (and everything under it)
[0.601s] Copying ../../build/my_py_pkg/my_py_pkg.egg-info to /home/gaetano/Documents/Udemy_Ros/ros2_ws/install/my_py_pkg/lib/python3.8/site-packages/my_py_pkg-0.0.0-py3.8.egg-info
[0.602s] running install_scripts
[0.613s] Installing py_node script to /home/gaetano/Documents/Udemy_Ros/ros2_ws/install/my_py_pkg/lib/my_py_pkg
[0.613s] Installing robot_news_station script to /home/gaetano/Documents/Udemy_Ros/ros2_ws/install/my_py_pkg/lib/my_py_pkg
[0.613s] writing list of installed files to '/home/gaetano/Documents/Udemy_Ros/ros2_ws/build/my_py_pkg/install.log'
[0.626s] Invoked command in '/home/gaetano/Documents/Udemy_Ros/ros2_ws/src/my_py_pkg' returned '0': PYTHONPATH=/home/gaetano/Documents/Udemy_Ros/ros2_ws/build/my_py_pkg/prefix_override:/home/gaetano/Documents/Udemy_Ros/ros2_ws/install/my_py_pkg/lib/python3.8/site-packages:${PYTHONPATH} /usr/bin/python3 setup.py egg_info --egg-base ../../build/my_py_pkg build --build-base /home/gaetano/Documents/Udemy_Ros/ros2_ws/build/my_py_pkg/build install --record /home/gaetano/Documents/Udemy_Ros/ros2_ws/build/my_py_pkg/install.log --single-version-externally-managed
