[0.020s] Invoking command in '/home/gaetano/Documents/Udemy_Ros/ros2_ws/build/my_cpp_pkg': CMAKE_PREFIX_PATH=${CMAKE_PREFIX_PATH}:/home/gaetano/Documents/Udemy_Ros/ros2_ws/install/my_py_pkg:/opt/ros/foxy /home/gaetano/.local/bin/cmake --build /home/gaetano/Documents/Udemy_Ros/ros2_ws/build/my_cpp_pkg -- -j20 -l20
[0.048s] -- Found ament_cmake: 0.9.12 (/opt/ros/foxy/share/ament_cmake/cmake)
[0.049s] [33mCMake Warning (dev) at /opt/ros/foxy/share/ament_cmake_core/cmake/core/python.cmake:22 (find_package):
[0.049s]   Policy CMP0148 is not set: The FindPythonInterp and FindPythonLibs modules
[0.049s]   are removed.  Run "cmake --help-policy CMP0148" for policy details.  Use
[0.049s]   the cmake_policy command to set the policy and suppress this warning.
[0.049s] 
[0.050s] Call Stack (most recent call first):
[0.050s]   /opt/ros/foxy/share/ament_cmake_core/cmake/core/all.cmake:53 (include)
[0.050s]   /opt/ros/foxy/share/ament_cmake_core/cmake/ament_cmake_core-extras.cmake:17 (include)
[0.050s]   /opt/ros/foxy/share/ament_cmake_core/cmake/ament_cmake_coreConfig.cmake:41 (include)
[0.050s]   /opt/ros/foxy/share/ament_cmake/cmake/ament_cmake_export_dependencies-extras.cmake:15 (find_package)
[0.050s]   /opt/ros/foxy/share/ament_cmake/cmake/ament_cmakeConfig.cmake:41 (include)
[0.050s]   CMakeLists.txt:14 (find_package)
[0.050s] This warning is for project developers.  Use -Wno-dev to suppress it.
[0.050s] [0m
[0.068s] -- Using PYTHON_EXECUTABLE: /usr/bin/python3
[0.207s] -- Found rclcpp: 2.4.3 (/opt/ros/foxy/share/rclcpp/cmake)
[0.233s] -- Using all available rosidl_typesupport_c: rosidl_typesupport_fastrtps_c;rosidl_typesupport_introspection_c
[0.235s] -- Found rosidl_adapter: 1.3.1 (/opt/ros/foxy/share/rosidl_adapter/cmake)
[0.329s] -- Using all available rosidl_typesupport_cpp: rosidl_typesupport_fastrtps_cpp;rosidl_typesupport_introspection_cpp
[0.363s] -- Found rmw_implementation_cmake: 1.0.4 (/opt/ros/foxy/share/rmw_implementation_cmake/cmake)
[0.364s] -- Using RMW implementation 'rmw_fastrtps_cpp' as default
[0.507s] -- Configuring done (0.5s)
[0.512s] -- Generating done (0.0s)
[0.513s] -- Build files have been written to: /home/gaetano/Documents/Udemy_Ros/ros2_ws/build/my_cpp_pkg
[0.526s] [ 50%] [32mBuilding CXX object CMakeFiles/cpp_node.dir/src/my_first_node.cpp.o[0m
[1.533s] [100%] [32m[1mLinking CXX executable cpp_node[0m
[1.598s] [100%] Built target cpp_node
[1.603s] Invoked command in '/home/gaetano/Documents/Udemy_Ros/ros2_ws/build/my_cpp_pkg' returned '0': CMAKE_PREFIX_PATH=${CMAKE_PREFIX_PATH}:/home/gaetano/Documents/Udemy_Ros/ros2_ws/install/my_py_pkg:/opt/ros/foxy /home/gaetano/.local/bin/cmake --build /home/gaetano/Documents/Udemy_Ros/ros2_ws/build/my_cpp_pkg -- -j20 -l20
[1.657s] Invoking command in '/home/gaetano/Documents/Udemy_Ros/ros2_ws/build/my_cpp_pkg': CMAKE_PREFIX_PATH=${CMAKE_PREFIX_PATH}:/home/gaetano/Documents/Udemy_Ros/ros2_ws/install/my_py_pkg:/opt/ros/foxy /home/gaetano/.local/bin/cmake --install /home/gaetano/Documents/Udemy_Ros/ros2_ws/build/my_cpp_pkg
[1.676s] -- Install configuration: ""
[1.676s] -- Installing: /home/gaetano/Documents/Udemy_Ros/ros2_ws/install/my_cpp_pkg/lib/my_cpp_pkg/cpp_node
[1.676s] -- Set runtime path of "/home/gaetano/Documents/Udemy_Ros/ros2_ws/install/my_cpp_pkg/lib/my_cpp_pkg/cpp_node" to ""
[1.676s] -- Up-to-date: /home/gaetano/Documents/Udemy_Ros/ros2_ws/install/my_cpp_pkg/share/ament_index/resource_index/package_run_dependencies/my_cpp_pkg
[1.677s] -- Installing: /home/gaetano/Documents/Udemy_Ros/ros2_ws/install/my_cpp_pkg/share/ament_index/resource_index/parent_prefix_path/my_cpp_pkg
[1.677s] -- Up-to-date: /home/gaetano/Documents/Udemy_Ros/ros2_ws/install/my_cpp_pkg/share/my_cpp_pkg/environment/ament_prefix_path.sh
[1.677s] -- Installing: /home/gaetano/Documents/Udemy_Ros/ros2_ws/install/my_cpp_pkg/share/my_cpp_pkg/environment/ament_prefix_path.dsv
[1.677s] -- Up-to-date: /home/gaetano/Documents/Udemy_Ros/ros2_ws/install/my_cpp_pkg/share/my_cpp_pkg/environment/path.sh
[1.677s] -- Installing: /home/gaetano/Documents/Udemy_Ros/ros2_ws/install/my_cpp_pkg/share/my_cpp_pkg/environment/path.dsv
[1.677s] -- Up-to-date: /home/gaetano/Documents/Udemy_Ros/ros2_ws/install/my_cpp_pkg/share/my_cpp_pkg/local_setup.bash
[1.677s] -- Up-to-date: /home/gaetano/Documents/Udemy_Ros/ros2_ws/install/my_cpp_pkg/share/my_cpp_pkg/local_setup.sh
[1.677s] -- Up-to-date: /home/gaetano/Documents/Udemy_Ros/ros2_ws/install/my_cpp_pkg/share/my_cpp_pkg/local_setup.zsh
[1.677s] -- Installing: /home/gaetano/Documents/Udemy_Ros/ros2_ws/install/my_cpp_pkg/share/my_cpp_pkg/local_setup.dsv
[1.677s] -- Installing: /home/gaetano/Documents/Udemy_Ros/ros2_ws/install/my_cpp_pkg/share/my_cpp_pkg/package.dsv
[1.677s] -- Up-to-date: /home/gaetano/Documents/Udemy_Ros/ros2_ws/install/my_cpp_pkg/share/ament_index/resource_index/packages/my_cpp_pkg
[1.677s] -- Up-to-date: /home/gaetano/Documents/Udemy_Ros/ros2_ws/install/my_cpp_pkg/share/my_cpp_pkg/cmake/my_cpp_pkgConfig.cmake
[1.677s] -- Up-to-date: /home/gaetano/Documents/Udemy_Ros/ros2_ws/install/my_cpp_pkg/share/my_cpp_pkg/cmake/my_cpp_pkgConfig-version.cmake
[1.678s] -- Up-to-date: /home/gaetano/Documents/Udemy_Ros/ros2_ws/install/my_cpp_pkg/share/my_cpp_pkg/package.xml
[1.683s] Invoked command in '/home/gaetano/Documents/Udemy_Ros/ros2_ws/build/my_cpp_pkg' returned '0': CMAKE_PREFIX_PATH=${CMAKE_PREFIX_PATH}:/home/gaetano/Documents/Udemy_Ros/ros2_ws/install/my_py_pkg:/opt/ros/foxy /home/gaetano/.local/bin/cmake --install /home/gaetano/Documents/Udemy_Ros/ros2_ws/build/my_cpp_pkg
