[0.009s] Invoking command in '/home/gaetano/Documents/Udemy_Ros/ros2_ws/build/my_robot_interfaces': CMAKE_PREFIX_PATH=${CMAKE_PREFIX_PATH}:/home/gaetano/Documents/Udemy_Ros/ros2_ws/install/my_py_pkg:/opt/ros/foxy /home/gaetano/.local/bin/cmake --build /home/gaetano/Documents/Udemy_Ros/ros2_ws/build/my_robot_interfaces -- -j20 -l20
[0.036s] -- Found ament_cmake: 0.9.12 (/opt/ros/foxy/share/ament_cmake/cmake)
[0.037s] [33mCMake Warning (dev) at /opt/ros/foxy/share/ament_cmake_core/cmake/core/python.cmake:22 (find_package):
[0.037s]   Policy CMP0148 is not set: The FindPythonInterp and FindPythonLibs modules
[0.037s]   are removed.  Run "cmake --help-policy CMP0148" for policy details.  Use
[0.037s]   the cmake_policy command to set the policy and suppress this warning.
[0.037s] 
[0.037s] Call Stack (most recent call first):
[0.037s]   /opt/ros/foxy/share/ament_cmake_core/cmake/core/all.cmake:53 (include)
[0.037s]   /opt/ros/foxy/share/ament_cmake_core/cmake/ament_cmake_core-extras.cmake:17 (include)
[0.037s]   /opt/ros/foxy/share/ament_cmake_core/cmake/ament_cmake_coreConfig.cmake:41 (include)
[0.037s]   /opt/ros/foxy/share/ament_cmake/cmake/ament_cmake_export_dependencies-extras.cmake:15 (find_package)
[0.037s]   /opt/ros/foxy/share/ament_cmake/cmake/ament_cmakeConfig.cmake:41 (include)
[0.037s]   CMakeLists.txt:14 (find_package)
[0.037s] This warning is for project developers.  Use -Wno-dev to suppress it.
[0.037s] [0m
[0.053s] -- Found PythonInterp: /usr/bin/python3 (found suitable version "3.8.10", minimum required is "3") 
[0.053s] -- Using PYTHON_EXECUTABLE: /usr/bin/python3
[0.180s] -- Found rosidl_default_generators: 1.0.1 (/opt/ros/foxy/share/rosidl_default_generators/cmake)
[0.181s] -- Using all available rosidl_typesupport_c: rosidl_typesupport_fastrtps_c;rosidl_typesupport_introspection_c
[0.183s] -- Found rosidl_adapter: 1.3.1 (/opt/ros/foxy/share/rosidl_adapter/cmake)
[0.259s] -- Using all available rosidl_typesupport_cpp: rosidl_typesupport_fastrtps_cpp;rosidl_typesupport_introspection_cpp
[0.272s] [33mCMake Warning (dev) at /opt/ros/foxy/share/rosidl_adapter/cmake/rosidl_adapt_interfaces.cmake:40 (find_package):
[0.272s]   Policy CMP0148 is not set: The FindPythonInterp and FindPythonLibs modules
[0.273s]   are removed.  Run "cmake --help-policy CMP0148" for policy details.  Use
[0.273s]   the cmake_policy command to set the policy and suppress this warning.
[0.273s] 
[0.273s] Call Stack (most recent call first):
[0.273s]   /opt/ros/foxy/share/rosidl_cmake/cmake/rosidl_generate_interfaces.cmake:130 (rosidl_adapt_interfaces)
[0.273s]   CMakeLists.txt:17 (rosidl_generate_interfaces)
[0.273s] This warning is for project developers.  Use -Wno-dev to suppress it.
[0.273s] [0m
[0.288s] -- Found PythonInterp: /usr/bin/python3 (found version "3.8.10") 
[0.369s] -- Found ament_cmake_ros: 0.9.2 (/opt/ros/foxy/share/ament_cmake_ros/cmake)
[0.432s] -- Using all available rosidl_typesupport_c: rosidl_typesupport_fastrtps_c;rosidl_typesupport_introspection_c
[0.436s] -- Using all available rosidl_typesupport_cpp: rosidl_typesupport_fastrtps_cpp;rosidl_typesupport_introspection_cpp
[0.438s] [33mCMake Warning (dev) at /opt/ros/foxy/share/rosidl_generator_py/cmake/rosidl_generator_py_generate_interfaces.cmake:20 (find_package):
[0.438s]   Policy CMP0148 is not set: The FindPythonInterp and FindPythonLibs modules
[0.438s]   are removed.  Run "cmake --help-policy CMP0148" for policy details.  Use
[0.438s]   the cmake_policy command to set the policy and suppress this warning.
[0.438s] 
[0.438s] Call Stack (most recent call first):
[0.438s]   /opt/ros/foxy/share/ament_cmake_core/cmake/core/ament_execute_extensions.cmake:48 (include)
[0.438s]   /opt/ros/foxy/share/rosidl_cmake/cmake/rosidl_generate_interfaces.cmake:286 (ament_execute_extensions)
[0.438s]   CMakeLists.txt:17 (rosidl_generate_interfaces)
[0.438s] This warning is for project developers.  Use -Wno-dev to suppress it.
[0.438s] [0m
[0.455s] -- Found PythonInterp: /usr/bin/python3 (found suitable version "3.8.10", minimum required is "3.5") 
[0.455s] -- Found python_cmake_module: 0.8.1 (/opt/ros/foxy/share/python_cmake_module/cmake)
[0.455s] [33mCMake Warning (dev) at /opt/ros/foxy/share/python_cmake_module/cmake/Modules/FindPythonExtra.cmake:45 (find_package):
[0.455s]   Policy CMP0148 is not set: The FindPythonInterp and FindPythonLibs modules
[0.455s]   are removed.  Run "cmake --help-policy CMP0148" for policy details.  Use
[0.456s]   the cmake_policy command to set the policy and suppress this warning.
[0.456s] 
[0.456s] Call Stack (most recent call first):
[0.456s]   /opt/ros/foxy/share/rosidl_generator_py/cmake/rosidl_generator_py_generate_interfaces.cmake:23 (find_package)
[0.456s]   /opt/ros/foxy/share/ament_cmake_core/cmake/core/ament_execute_extensions.cmake:48 (include)
[0.456s]   /opt/ros/foxy/share/rosidl_cmake/cmake/rosidl_generate_interfaces.cmake:286 (ament_execute_extensions)
[0.456s]   CMakeLists.txt:17 (rosidl_generate_interfaces)
[0.456s] This warning is for project developers.  Use -Wno-dev to suppress it.
[0.456s] [0m
[0.472s] [33mCMake Warning (dev) at /opt/ros/foxy/share/python_cmake_module/cmake/Modules/FindPythonExtra.cmake:133 (find_package):
[0.472s]   Policy CMP0148 is not set: The FindPythonInterp and FindPythonLibs modules
[0.472s]   are removed.  Run "cmake --help-policy CMP0148" for policy details.  Use
[0.472s]   the cmake_policy command to set the policy and suppress this warning.
[0.472s] 
[0.472s] Call Stack (most recent call first):
[0.472s]   /opt/ros/foxy/share/rosidl_generator_py/cmake/rosidl_generator_py_generate_interfaces.cmake:23 (find_package)
[0.472s]   /opt/ros/foxy/share/ament_cmake_core/cmake/core/ament_execute_extensions.cmake:48 (include)
[0.472s]   /opt/ros/foxy/share/rosidl_cmake/cmake/rosidl_generate_interfaces.cmake:286 (ament_execute_extensions)
[0.472s]   CMakeLists.txt:17 (rosidl_generate_interfaces)
[0.472s] This warning is for project developers.  Use -Wno-dev to suppress it.
[0.472s] [0m
[0.474s] -- Using PYTHON_EXECUTABLE: /usr/bin/python3
[0.474s] -- Using PYTHON_INCLUDE_DIRS: /usr/include/python3.8
[0.474s] -- Using PYTHON_LIBRARIES: /usr/lib/x86_64-linux-gnu/libpython3.8.so
[0.489s] -- Configuring done (0.5s)
[0.508s] -- Generating done (0.0s)
[0.509s] -- Build files have been written to: /home/gaetano/Documents/Udemy_Ros/ros2_ws/build/my_robot_interfaces
[0.516s] [  2%] [34m[1mGenerating C code for ROS interfaces[0m
[0.519s] [  5%] [34m[1mGenerating C++ code for ROS interfaces[0m
[0.675s] [  5%] Built target my_robot_interfaces__cpp
[0.677s] [  7%] [34m[1mGenerating C++ type support dispatch for ROS interfaces[0m
[0.677s] [ 10%] [34m[1mGenerating C++ introspection for ROS interfaces[0m
[0.678s] [ 12%] [34m[1mGenerating C++ type support for eProsima Fast-RTPS[0m
[0.681s] [ 15%] [32mBuilding C object CMakeFiles/my_robot_interfaces__rosidl_generator_c.dir/rosidl_generator_c/my_robot_interfaces/msg/detail/hardware_status__functions.c.o[0m
[0.682s] [ 17%] [32mBuilding C object CMakeFiles/my_robot_interfaces__rosidl_generator_c.dir/rosidl_generator_c/my_robot_interfaces/srv/detail/compute_rectangle_area__functions.c.o[0m
[0.724s] [ 20%] [32m[1mLinking C shared library libmy_robot_interfaces__rosidl_generator_c.so[0m
[0.741s] [ 20%] Built target my_robot_interfaces__rosidl_generator_c
[0.744s] [ 23%] [34m[1mGenerating C introspection for ROS interfaces[0m
[0.744s] [ 25%] [34m[1mGenerating C type support dispatch for ROS interfaces[0m
[0.832s] [ 28%] [32mBuilding CXX object CMakeFiles/my_robot_interfaces__rosidl_typesupport_cpp.dir/rosidl_typesupport_cpp/my_robot_interfaces/msg/hardware_status__type_support.cpp.o[0m
[0.833s] [ 30%] [32mBuilding CXX object CMakeFiles/my_robot_interfaces__rosidl_typesupport_cpp.dir/rosidl_typesupport_cpp/my_robot_interfaces/srv/compute_rectangle_area__type_support.cpp.o[0m
[0.843s] [ 33%] [32mBuilding CXX object CMakeFiles/my_robot_interfaces__rosidl_typesupport_introspection_cpp.dir/rosidl_typesupport_introspection_cpp/my_robot_interfaces/msg/detail/hardware_status__type_support.cpp.o[0m
[0.844s] [ 35%] [32mBuilding CXX object CMakeFiles/my_robot_interfaces__rosidl_typesupport_introspection_cpp.dir/rosidl_typesupport_introspection_cpp/my_robot_interfaces/srv/detail/compute_rectangle_area__type_support.cpp.o[0m
[0.858s] [ 38%] [32mBuilding CXX object CMakeFiles/my_robot_interfaces__rosidl_typesupport_fastrtps_cpp.dir/rosidl_typesupport_fastrtps_cpp/my_robot_interfaces/msg/detail/dds_fastrtps/hardware_status__type_support.cpp.o[0m
[0.859s] [ 41%] [32mBuilding CXX object CMakeFiles/my_robot_interfaces__rosidl_typesupport_fastrtps_cpp.dir/rosidl_typesupport_fastrtps_cpp/my_robot_interfaces/srv/detail/dds_fastrtps/compute_rectangle_area__type_support.cpp.o[0m
[0.916s] [ 43%] [32mBuilding CXX object CMakeFiles/my_robot_interfaces__rosidl_typesupport_c.dir/rosidl_typesupport_c/my_robot_interfaces/msg/hardware_status__type_support.cpp.o[0m
[0.917s] [ 46%] [32mBuilding CXX object CMakeFiles/my_robot_interfaces__rosidl_typesupport_c.dir/rosidl_typesupport_c/my_robot_interfaces/srv/compute_rectangle_area__type_support.cpp.o[0m
[0.924s] [ 48%] [32mBuilding C object CMakeFiles/my_robot_interfaces__rosidl_typesupport_introspection_c.dir/rosidl_typesupport_introspection_c/my_robot_interfaces/msg/detail/hardware_status__type_support.c.o[0m
[0.925s] [ 51%] [32mBuilding C object CMakeFiles/my_robot_interfaces__rosidl_typesupport_introspection_c.dir/rosidl_typesupport_introspection_c/my_robot_interfaces/srv/detail/compute_rectangle_area__type_support.c.o[0m
[0.940s] [ 53%] [32m[1mLinking CXX shared library libmy_robot_interfaces__rosidl_typesupport_c.so[0m
[0.954s] [ 56%] [32m[1mLinking C shared library libmy_robot_interfaces__rosidl_typesupport_introspection_c.so[0m
[0.959s] [ 56%] Built target my_robot_interfaces__rosidl_typesupport_c
[0.967s] [ 56%] Built target my_robot_interfaces__rosidl_typesupport_introspection_c
[1.011s] [ 58%] [32m[1mLinking CXX shared library libmy_robot_interfaces__rosidl_typesupport_cpp.so[0m
[1.030s] [ 58%] Built target my_robot_interfaces__rosidl_typesupport_cpp
[1.080s] [ 61%] [32m[1mLinking CXX shared library libmy_robot_interfaces__rosidl_typesupport_introspection_cpp.so[0m
[1.112s] [ 61%] Built target my_robot_interfaces__rosidl_typesupport_introspection_cpp
[1.139s] [ 64%] [32m[1mLinking CXX shared library libmy_robot_interfaces__rosidl_typesupport_fastrtps_cpp.so[0m
[1.178s] [ 64%] Built target my_robot_interfaces__rosidl_typesupport_fastrtps_cpp
[1.181s] [ 66%] [34m[1mGenerating C type support for eProsima Fast-RTPS[0m
[1.337s] [ 69%] [32mBuilding CXX object CMakeFiles/my_robot_interfaces__rosidl_typesupport_fastrtps_c.dir/rosidl_typesupport_fastrtps_c/my_robot_interfaces/msg/detail/hardware_status__type_support_c.cpp.o[0m
[1.337s] [ 71%] [32mBuilding CXX object CMakeFiles/my_robot_interfaces__rosidl_typesupport_fastrtps_c.dir/rosidl_typesupport_fastrtps_c/my_robot_interfaces/srv/detail/compute_rectangle_area__type_support_c.cpp.o[0m
[1.520s] [ 74%] [32m[1mLinking CXX shared library libmy_robot_interfaces__rosidl_typesupport_fastrtps_c.so[0m
[1.559s] [ 74%] Built target my_robot_interfaces__rosidl_typesupport_fastrtps_c
[1.565s] [ 74%] Built target my_robot_interfaces
[1.570s] [ 76%] [34m[1mGenerating Python code for ROS interfaces[0m
[1.896s] [ 76%] Built target my_robot_interfaces__py
[1.903s] [ 79%] [32mBuilding C object CMakeFiles/my_robot_interfaces__python.dir/rosidl_generator_py/my_robot_interfaces/msg/_hardware_status_s.c.o[0m
[1.903s] [ 82%] [32mBuilding C object CMakeFiles/my_robot_interfaces__python.dir/rosidl_generator_py/my_robot_interfaces/srv/_compute_rectangle_area_s.c.o[0m
[1.970s] [ 84%] [32m[1mLinking C shared library rosidl_generator_py/my_robot_interfaces/libmy_robot_interfaces__python.so[0m
[1.985s] [ 84%] Built target my_robot_interfaces__python
[1.992s] [ 87%] [32mBuilding C object CMakeFiles/my_robot_interfaces__rosidl_typesupport_fastrtps_c__pyext.dir/rosidl_generator_py/my_robot_interfaces/_my_robot_interfaces_s.ep.rosidl_typesupport_fastrtps_c.c.o[0m
[1.992s] [ 89%] [32mBuilding C object CMakeFiles/my_robot_interfaces__rosidl_typesupport_introspection_c__pyext.dir/rosidl_generator_py/my_robot_interfaces/_my_robot_interfaces_s.ep.rosidl_typesupport_introspection_c.c.o[0m
[1.992s] [ 92%] [32mBuilding C object CMakeFiles/my_robot_interfaces__rosidl_typesupport_c__pyext.dir/rosidl_generator_py/my_robot_interfaces/_my_robot_interfaces_s.ep.rosidl_typesupport_c.c.o[0m
[2.041s] [100%] [32m[1mLinking CXX shared library rosidl_generator_py/my_robot_interfaces/my_robot_interfaces_s__rosidl_typesupport_fastrtps_c.cpython-38-x86_64-linux-gnu.so[0m
[2.041s] [100%] [32m[1mLinking C shared library rosidl_generator_py/my_robot_interfaces/my_robot_interfaces_s__rosidl_typesupport_introspection_c.cpython-38-x86_64-linux-gnu.so[0m
[2.041s] [100%] [32m[1mLinking C shared library rosidl_generator_py/my_robot_interfaces/my_robot_interfaces_s__rosidl_typesupport_c.cpython-38-x86_64-linux-gnu.so[0m
[2.055s] [100%] Built target my_robot_interfaces__rosidl_typesupport_introspection_c__pyext
[2.055s] [100%] Built target my_robot_interfaces__rosidl_typesupport_c__pyext
[2.070s] [100%] Built target my_robot_interfaces__rosidl_typesupport_fastrtps_c__pyext
[2.076s] Invoked command in '/home/gaetano/Documents/Udemy_Ros/ros2_ws/build/my_robot_interfaces' returned '0': CMAKE_PREFIX_PATH=${CMAKE_PREFIX_PATH}:/home/gaetano/Documents/Udemy_Ros/ros2_ws/install/my_py_pkg:/opt/ros/foxy /home/gaetano/.local/bin/cmake --build /home/gaetano/Documents/Udemy_Ros/ros2_ws/build/my_robot_interfaces -- -j20 -l20
[2.160s] Invoking command in '/home/gaetano/Documents/Udemy_Ros/ros2_ws/build/my_robot_interfaces': CMAKE_PREFIX_PATH=${CMAKE_PREFIX_PATH}:/home/gaetano/Documents/Udemy_Ros/ros2_ws/install/my_py_pkg:/opt/ros/foxy /home/gaetano/.local/bin/cmake --install /home/gaetano/Documents/Udemy_Ros/ros2_ws/build/my_robot_interfaces
[2.177s] -- Install configuration: ""
[2.178s] -- Installing: /home/gaetano/Documents/Udemy_Ros/ros2_ws/install/my_robot_interfaces/share/ament_index/resource_index/rosidl_interfaces/my_robot_interfaces
[2.178s] -- Up-to-date: /home/gaetano/Documents/Udemy_Ros/ros2_ws/install/my_robot_interfaces/include/my_robot_interfaces
[2.178s] -- Up-to-date: /home/gaetano/Documents/Udemy_Ros/ros2_ws/install/my_robot_interfaces/include/my_robot_interfaces/msg
[2.178s] -- Up-to-date: /home/gaetano/Documents/Udemy_Ros/ros2_ws/install/my_robot_interfaces/include/my_robot_interfaces/msg/detail
[2.178s] -- Installing: /home/gaetano/Documents/Udemy_Ros/ros2_ws/install/my_robot_interfaces/include/my_robot_interfaces/msg/detail/hardware_status__type_support.h
[2.178s] -- Installing: /home/gaetano/Documents/Udemy_Ros/ros2_ws/install/my_robot_interfaces/include/my_robot_interfaces/msg/detail/hardware_status__struct.h
[2.178s] -- Installing: /home/gaetano/Documents/Udemy_Ros/ros2_ws/install/my_robot_interfaces/include/my_robot_interfaces/msg/detail/hardware_status__functions.c
[2.178s] -- Installing: /home/gaetano/Documents/Udemy_Ros/ros2_ws/install/my_robot_interfaces/include/my_robot_interfaces/msg/detail/hardware_status__functions.h
[2.179s] -- Up-to-date: /home/gaetano/Documents/Udemy_Ros/ros2_ws/install/my_robot_interfaces/include/my_robot_interfaces/msg/rosidl_generator_c__visibility_control.h
[2.179s] -- Installing: /home/gaetano/Documents/Udemy_Ros/ros2_ws/install/my_robot_interfaces/include/my_robot_interfaces/msg/hardware_status.h
[2.179s] -- Installing: /home/gaetano/Documents/Udemy_Ros/ros2_ws/install/my_robot_interfaces/include/my_robot_interfaces/srv
[2.179s] -- Installing: /home/gaetano/Documents/Udemy_Ros/ros2_ws/install/my_robot_interfaces/include/my_robot_interfaces/srv/detail
[2.179s] -- Installing: /home/gaetano/Documents/Udemy_Ros/ros2_ws/install/my_robot_interfaces/include/my_robot_interfaces/srv/detail/compute_rectangle_area__struct.h
[2.179s] -- Installing: /home/gaetano/Documents/Udemy_Ros/ros2_ws/install/my_robot_interfaces/include/my_robot_interfaces/srv/detail/compute_rectangle_area__functions.c
[2.179s] -- Installing: /home/gaetano/Documents/Udemy_Ros/ros2_ws/install/my_robot_interfaces/include/my_robot_interfaces/srv/detail/compute_rectangle_area__type_support.h
[2.179s] -- Installing: /home/gaetano/Documents/Udemy_Ros/ros2_ws/install/my_robot_interfaces/include/my_robot_interfaces/srv/detail/compute_rectangle_area__functions.h
[2.179s] -- Installing: /home/gaetano/Documents/Udemy_Ros/ros2_ws/install/my_robot_interfaces/include/my_robot_interfaces/srv/compute_rectangle_area.h
[2.179s] -- Up-to-date: /home/gaetano/Documents/Udemy_Ros/ros2_ws/install/my_robot_interfaces/share/my_robot_interfaces/environment/library_path.sh
[2.179s] -- Installing: /home/gaetano/Documents/Udemy_Ros/ros2_ws/install/my_robot_interfaces/share/my_robot_interfaces/environment/library_path.dsv
[2.179s] -- Installing: /home/gaetano/Documents/Udemy_Ros/ros2_ws/install/my_robot_interfaces/lib/libmy_robot_interfaces__rosidl_generator_c.so
[2.179s] -- Set runtime path of "/home/gaetano/Documents/Udemy_Ros/ros2_ws/install/my_robot_interfaces/lib/libmy_robot_interfaces__rosidl_generator_c.so" to ""
[2.179s] -- Up-to-date: /home/gaetano/Documents/Udemy_Ros/ros2_ws/install/my_robot_interfaces/include/my_robot_interfaces
[2.180s] -- Up-to-date: /home/gaetano/Documents/Udemy_Ros/ros2_ws/install/my_robot_interfaces/include/my_robot_interfaces/msg
[2.180s] -- Up-to-date: /home/gaetano/Documents/Udemy_Ros/ros2_ws/install/my_robot_interfaces/include/my_robot_interfaces/msg/detail
[2.180s] -- Installing: /home/gaetano/Documents/Udemy_Ros/ros2_ws/install/my_robot_interfaces/include/my_robot_interfaces/msg/detail/hardware_status__rosidl_typesupport_fastrtps_c.h
[2.180s] -- Up-to-date: /home/gaetano/Documents/Udemy_Ros/ros2_ws/install/my_robot_interfaces/include/my_robot_interfaces/msg/rosidl_typesupport_fastrtps_c__visibility_control.h
[2.180s] -- Up-to-date: /home/gaetano/Documents/Udemy_Ros/ros2_ws/install/my_robot_interfaces/include/my_robot_interfaces/srv
[2.180s] -- Up-to-date: /home/gaetano/Documents/Udemy_Ros/ros2_ws/install/my_robot_interfaces/include/my_robot_interfaces/srv/detail
[2.180s] -- Installing: /home/gaetano/Documents/Udemy_Ros/ros2_ws/install/my_robot_interfaces/include/my_robot_interfaces/srv/detail/compute_rectangle_area__rosidl_typesupport_fastrtps_c.h
[2.180s] -- Installing: /home/gaetano/Documents/Udemy_Ros/ros2_ws/install/my_robot_interfaces/lib/libmy_robot_interfaces__rosidl_typesupport_fastrtps_c.so
[2.180s] -- Set runtime path of "/home/gaetano/Documents/Udemy_Ros/ros2_ws/install/my_robot_interfaces/lib/libmy_robot_interfaces__rosidl_typesupport_fastrtps_c.so" to ""
[2.180s] -- Up-to-date: /home/gaetano/Documents/Udemy_Ros/ros2_ws/install/my_robot_interfaces/include/my_robot_interfaces
[2.180s] -- Up-to-date: /home/gaetano/Documents/Udemy_Ros/ros2_ws/install/my_robot_interfaces/include/my_robot_interfaces/msg
[2.180s] -- Up-to-date: /home/gaetano/Documents/Udemy_Ros/ros2_ws/install/my_robot_interfaces/include/my_robot_interfaces/msg/detail
[2.180s] -- Installing: /home/gaetano/Documents/Udemy_Ros/ros2_ws/install/my_robot_interfaces/include/my_robot_interfaces/msg/detail/hardware_status__rosidl_typesupport_fastrtps_cpp.hpp
[2.181s] -- Up-to-date: /home/gaetano/Documents/Udemy_Ros/ros2_ws/install/my_robot_interfaces/include/my_robot_interfaces/msg/detail/dds_fastrtps
[2.181s] -- Up-to-date: /home/gaetano/Documents/Udemy_Ros/ros2_ws/install/my_robot_interfaces/include/my_robot_interfaces/msg/rosidl_typesupport_fastrtps_cpp__visibility_control.h
[2.181s] -- Up-to-date: /home/gaetano/Documents/Udemy_Ros/ros2_ws/install/my_robot_interfaces/include/my_robot_interfaces/srv
[2.181s] -- Up-to-date: /home/gaetano/Documents/Udemy_Ros/ros2_ws/install/my_robot_interfaces/include/my_robot_interfaces/srv/detail
[2.181s] -- Installing: /home/gaetano/Documents/Udemy_Ros/ros2_ws/install/my_robot_interfaces/include/my_robot_interfaces/srv/detail/dds_fastrtps
[2.181s] -- Installing: /home/gaetano/Documents/Udemy_Ros/ros2_ws/install/my_robot_interfaces/include/my_robot_interfaces/srv/detail/compute_rectangle_area__rosidl_typesupport_fastrtps_cpp.hpp
[2.181s] -- Installing: /home/gaetano/Documents/Udemy_Ros/ros2_ws/install/my_robot_interfaces/lib/libmy_robot_interfaces__rosidl_typesupport_fastrtps_cpp.so
[2.181s] -- Set runtime path of "/home/gaetano/Documents/Udemy_Ros/ros2_ws/install/my_robot_interfaces/lib/libmy_robot_interfaces__rosidl_typesupport_fastrtps_cpp.so" to ""
[2.181s] -- Up-to-date: /home/gaetano/Documents/Udemy_Ros/ros2_ws/install/my_robot_interfaces/include/my_robot_interfaces
[2.181s] -- Up-to-date: /home/gaetano/Documents/Udemy_Ros/ros2_ws/install/my_robot_interfaces/include/my_robot_interfaces/msg
[2.181s] -- Up-to-date: /home/gaetano/Documents/Udemy_Ros/ros2_ws/install/my_robot_interfaces/include/my_robot_interfaces/msg/detail
[2.181s] -- Installing: /home/gaetano/Documents/Udemy_Ros/ros2_ws/install/my_robot_interfaces/include/my_robot_interfaces/msg/detail/hardware_status__type_support.c
[2.181s] -- Installing: /home/gaetano/Documents/Udemy_Ros/ros2_ws/install/my_robot_interfaces/include/my_robot_interfaces/msg/detail/hardware_status__rosidl_typesupport_introspection_c.h
[2.181s] -- Up-to-date: /home/gaetano/Documents/Udemy_Ros/ros2_ws/install/my_robot_interfaces/include/my_robot_interfaces/msg/rosidl_typesupport_introspection_c__visibility_control.h
[2.181s] -- Up-to-date: /home/gaetano/Documents/Udemy_Ros/ros2_ws/install/my_robot_interfaces/include/my_robot_interfaces/srv
[2.181s] -- Up-to-date: /home/gaetano/Documents/Udemy_Ros/ros2_ws/install/my_robot_interfaces/include/my_robot_interfaces/srv/detail
[2.182s] -- Installing: /home/gaetano/Documents/Udemy_Ros/ros2_ws/install/my_robot_interfaces/include/my_robot_interfaces/srv/detail/compute_rectangle_area__type_support.c
[2.182s] -- Installing: /home/gaetano/Documents/Udemy_Ros/ros2_ws/install/my_robot_interfaces/include/my_robot_interfaces/srv/detail/compute_rectangle_area__rosidl_typesupport_introspection_c.h
[2.182s] -- Installing: /home/gaetano/Documents/Udemy_Ros/ros2_ws/install/my_robot_interfaces/lib/libmy_robot_interfaces__rosidl_typesupport_introspection_c.so
[2.182s] -- Set runtime path of "/home/gaetano/Documents/Udemy_Ros/ros2_ws/install/my_robot_interfaces/lib/libmy_robot_interfaces__rosidl_typesupport_introspection_c.so" to ""
[2.182s] -- Installing: /home/gaetano/Documents/Udemy_Ros/ros2_ws/install/my_robot_interfaces/lib/libmy_robot_interfaces__rosidl_typesupport_c.so
[2.182s] -- Set runtime path of "/home/gaetano/Documents/Udemy_Ros/ros2_ws/install/my_robot_interfaces/lib/libmy_robot_interfaces__rosidl_typesupport_c.so" to ""
[2.182s] -- Up-to-date: /home/gaetano/Documents/Udemy_Ros/ros2_ws/install/my_robot_interfaces/include/my_robot_interfaces
[2.182s] -- Up-to-date: /home/gaetano/Documents/Udemy_Ros/ros2_ws/install/my_robot_interfaces/include/my_robot_interfaces/msg
[2.182s] -- Up-to-date: /home/gaetano/Documents/Udemy_Ros/ros2_ws/install/my_robot_interfaces/include/my_robot_interfaces/msg/detail
[2.182s] -- Installing: /home/gaetano/Documents/Udemy_Ros/ros2_ws/install/my_robot_interfaces/include/my_robot_interfaces/msg/detail/hardware_status__traits.hpp
[2.182s] -- Installing: /home/gaetano/Documents/Udemy_Ros/ros2_ws/install/my_robot_interfaces/include/my_robot_interfaces/msg/detail/hardware_status__builder.hpp
[2.182s] -- Installing: /home/gaetano/Documents/Udemy_Ros/ros2_ws/install/my_robot_interfaces/include/my_robot_interfaces/msg/detail/hardware_status__type_support.hpp
[2.182s] -- Installing: /home/gaetano/Documents/Udemy_Ros/ros2_ws/install/my_robot_interfaces/include/my_robot_interfaces/msg/detail/hardware_status__struct.hpp
[2.182s] -- Installing: /home/gaetano/Documents/Udemy_Ros/ros2_ws/install/my_robot_interfaces/include/my_robot_interfaces/msg/hardware_status.hpp
[2.182s] -- Up-to-date: /home/gaetano/Documents/Udemy_Ros/ros2_ws/install/my_robot_interfaces/include/my_robot_interfaces/msg/rosidl_generator_cpp__visibility_control.hpp
[2.182s] -- Up-to-date: /home/gaetano/Documents/Udemy_Ros/ros2_ws/install/my_robot_interfaces/include/my_robot_interfaces/srv
[2.182s] -- Up-to-date: /home/gaetano/Documents/Udemy_Ros/ros2_ws/install/my_robot_interfaces/include/my_robot_interfaces/srv/detail
[2.182s] -- Installing: /home/gaetano/Documents/Udemy_Ros/ros2_ws/install/my_robot_interfaces/include/my_robot_interfaces/srv/detail/compute_rectangle_area__struct.hpp
[2.183s] -- Installing: /home/gaetano/Documents/Udemy_Ros/ros2_ws/install/my_robot_interfaces/include/my_robot_interfaces/srv/detail/compute_rectangle_area__builder.hpp
[2.183s] -- Installing: /home/gaetano/Documents/Udemy_Ros/ros2_ws/install/my_robot_interfaces/include/my_robot_interfaces/srv/detail/compute_rectangle_area__type_support.hpp
[2.183s] -- Installing: /home/gaetano/Documents/Udemy_Ros/ros2_ws/install/my_robot_interfaces/include/my_robot_interfaces/srv/detail/compute_rectangle_area__traits.hpp
[2.183s] -- Installing: /home/gaetano/Documents/Udemy_Ros/ros2_ws/install/my_robot_interfaces/include/my_robot_interfaces/srv/compute_rectangle_area.hpp
[2.183s] -- Up-to-date: /home/gaetano/Documents/Udemy_Ros/ros2_ws/install/my_robot_interfaces/include/my_robot_interfaces
[2.183s] -- Up-to-date: /home/gaetano/Documents/Udemy_Ros/ros2_ws/install/my_robot_interfaces/include/my_robot_interfaces/msg
[2.183s] -- Up-to-date: /home/gaetano/Documents/Udemy_Ros/ros2_ws/install/my_robot_interfaces/include/my_robot_interfaces/msg/detail
[2.183s] -- Installing: /home/gaetano/Documents/Udemy_Ros/ros2_ws/install/my_robot_interfaces/include/my_robot_interfaces/msg/detail/hardware_status__rosidl_typesupport_introspection_cpp.hpp
[2.183s] -- Installing: /home/gaetano/Documents/Udemy_Ros/ros2_ws/install/my_robot_interfaces/include/my_robot_interfaces/msg/detail/hardware_status__type_support.cpp
[2.183s] -- Up-to-date: /home/gaetano/Documents/Udemy_Ros/ros2_ws/install/my_robot_interfaces/include/my_robot_interfaces/srv
[2.183s] -- Up-to-date: /home/gaetano/Documents/Udemy_Ros/ros2_ws/install/my_robot_interfaces/include/my_robot_interfaces/srv/detail
[2.183s] -- Installing: /home/gaetano/Documents/Udemy_Ros/ros2_ws/install/my_robot_interfaces/include/my_robot_interfaces/srv/detail/compute_rectangle_area__rosidl_typesupport_introspection_cpp.hpp
[2.183s] -- Installing: /home/gaetano/Documents/Udemy_Ros/ros2_ws/install/my_robot_interfaces/include/my_robot_interfaces/srv/detail/compute_rectangle_area__type_support.cpp
[2.183s] -- Installing: /home/gaetano/Documents/Udemy_Ros/ros2_ws/install/my_robot_interfaces/lib/libmy_robot_interfaces__rosidl_typesupport_introspection_cpp.so
[2.183s] -- Set runtime path of "/home/gaetano/Documents/Udemy_Ros/ros2_ws/install/my_robot_interfaces/lib/libmy_robot_interfaces__rosidl_typesupport_introspection_cpp.so" to ""
[2.183s] -- Installing: /home/gaetano/Documents/Udemy_Ros/ros2_ws/install/my_robot_interfaces/lib/libmy_robot_interfaces__rosidl_typesupport_cpp.so
[2.183s] -- Set runtime path of "/home/gaetano/Documents/Udemy_Ros/ros2_ws/install/my_robot_interfaces/lib/libmy_robot_interfaces__rosidl_typesupport_cpp.so" to ""
[2.183s] -- Up-to-date: /home/gaetano/Documents/Udemy_Ros/ros2_ws/install/my_robot_interfaces/share/my_robot_interfaces/environment/pythonpath.sh
[2.183s] -- Installing: /home/gaetano/Documents/Udemy_Ros/ros2_ws/install/my_robot_interfaces/share/my_robot_interfaces/environment/pythonpath.dsv
[2.184s] -- Installing: /home/gaetano/Documents/Udemy_Ros/ros2_ws/install/my_robot_interfaces/lib/python3.8/site-packages/my_robot_interfaces/__init__.py
[2.204s] Compiling '/home/gaetano/Documents/Udemy_Ros/ros2_ws/install/my_robot_interfaces/lib/python3.8/site-packages/my_robot_interfaces/__init__.py'...
[2.207s] -- Up-to-date: /home/gaetano/Documents/Udemy_Ros/ros2_ws/install/my_robot_interfaces/lib/python3.8/site-packages/my_robot_interfaces/msg
[2.207s] -- Installing: /home/gaetano/Documents/Udemy_Ros/ros2_ws/install/my_robot_interfaces/lib/python3.8/site-packages/my_robot_interfaces/msg/__init__.py
[2.207s] -- Installing: /home/gaetano/Documents/Udemy_Ros/ros2_ws/install/my_robot_interfaces/lib/python3.8/site-packages/my_robot_interfaces/msg/_hardware_status.py
[2.207s] -- Installing: /home/gaetano/Documents/Udemy_Ros/ros2_ws/install/my_robot_interfaces/lib/python3.8/site-packages/my_robot_interfaces/msg/_hardware_status_s.c
[2.207s] -- Installing: /home/gaetano/Documents/Udemy_Ros/ros2_ws/install/my_robot_interfaces/lib/python3.8/site-packages/my_robot_interfaces/srv
[2.207s] -- Installing: /home/gaetano/Documents/Udemy_Ros/ros2_ws/install/my_robot_interfaces/lib/python3.8/site-packages/my_robot_interfaces/srv/_compute_rectangle_area_s.c
[2.207s] -- Installing: /home/gaetano/Documents/Udemy_Ros/ros2_ws/install/my_robot_interfaces/lib/python3.8/site-packages/my_robot_interfaces/srv/__init__.py
[2.207s] -- Installing: /home/gaetano/Documents/Udemy_Ros/ros2_ws/install/my_robot_interfaces/lib/python3.8/site-packages/my_robot_interfaces/srv/_compute_rectangle_area.py
[2.208s] -- Installing: /home/gaetano/Documents/Udemy_Ros/ros2_ws/install/my_robot_interfaces/lib/python3.8/site-packages/my_robot_interfaces/my_robot_interfaces_s__rosidl_typesupport_fastrtps_c.cpython-38-x86_64-linux-gnu.so
[2.208s] -- Set runtime path of "/home/gaetano/Documents/Udemy_Ros/ros2_ws/install/my_robot_interfaces/lib/python3.8/site-packages/my_robot_interfaces/my_robot_interfaces_s__rosidl_typesupport_fastrtps_c.cpython-38-x86_64-linux-gnu.so" to ""
[2.208s] -- Installing: /home/gaetano/Documents/Udemy_Ros/ros2_ws/install/my_robot_interfaces/lib/python3.8/site-packages/my_robot_interfaces/my_robot_interfaces_s__rosidl_typesupport_introspection_c.cpython-38-x86_64-linux-gnu.so
[2.208s] -- Set runtime path of "/home/gaetano/Documents/Udemy_Ros/ros2_ws/install/my_robot_interfaces/lib/python3.8/site-packages/my_robot_interfaces/my_robot_interfaces_s__rosidl_typesupport_introspection_c.cpython-38-x86_64-linux-gnu.so" to ""
[2.208s] -- Installing: /home/gaetano/Documents/Udemy_Ros/ros2_ws/install/my_robot_interfaces/lib/python3.8/site-packages/my_robot_interfaces/my_robot_interfaces_s__rosidl_typesupport_c.cpython-38-x86_64-linux-gnu.so
[2.208s] -- Set runtime path of "/home/gaetano/Documents/Udemy_Ros/ros2_ws/install/my_robot_interfaces/lib/python3.8/site-packages/my_robot_interfaces/my_robot_interfaces_s__rosidl_typesupport_c.cpython-38-x86_64-linux-gnu.so" to ""
[2.208s] -- Installing: /home/gaetano/Documents/Udemy_Ros/ros2_ws/install/my_robot_interfaces/lib/libmy_robot_interfaces__python.so
[2.208s] -- Set runtime path of "/home/gaetano/Documents/Udemy_Ros/ros2_ws/install/my_robot_interfaces/lib/libmy_robot_interfaces__python.so" to ""
[2.208s] -- Up-to-date: /home/gaetano/Documents/Udemy_Ros/ros2_ws/install/my_robot_interfaces/share/my_robot_interfaces/msg/HardwareStatus.idl
[2.208s] -- Installing: /home/gaetano/Documents/Udemy_Ros/ros2_ws/install/my_robot_interfaces/share/my_robot_interfaces/srv/ComputeRectangleArea.idl
[2.208s] -- Up-to-date: /home/gaetano/Documents/Udemy_Ros/ros2_ws/install/my_robot_interfaces/share/my_robot_interfaces/msg/HardwareStatus.msg
[2.209s] -- Installing: /home/gaetano/Documents/Udemy_Ros/ros2_ws/install/my_robot_interfaces/share/my_robot_interfaces/srv/ComputeRectangleArea.srv
[2.209s] -- Installing: /home/gaetano/Documents/Udemy_Ros/ros2_ws/install/my_robot_interfaces/share/my_robot_interfaces/srv/ComputeRectangleArea_Request.msg
[2.209s] -- Installing: /home/gaetano/Documents/Udemy_Ros/ros2_ws/install/my_robot_interfaces/share/my_robot_interfaces/srv/ComputeRectangleArea_Response.msg
[2.209s] -- Up-to-date: /home/gaetano/Documents/Udemy_Ros/ros2_ws/install/my_robot_interfaces/share/ament_index/resource_index/package_run_dependencies/my_robot_interfaces
[2.209s] -- Installing: /home/gaetano/Documents/Udemy_Ros/ros2_ws/install/my_robot_interfaces/share/ament_index/resource_index/parent_prefix_path/my_robot_interfaces
[2.209s] -- Up-to-date: /home/gaetano/Documents/Udemy_Ros/ros2_ws/install/my_robot_interfaces/share/my_robot_interfaces/environment/ament_prefix_path.sh
[2.209s] -- Installing: /home/gaetano/Documents/Udemy_Ros/ros2_ws/install/my_robot_interfaces/share/my_robot_interfaces/environment/ament_prefix_path.dsv
[2.209s] -- Up-to-date: /home/gaetano/Documents/Udemy_Ros/ros2_ws/install/my_robot_interfaces/share/my_robot_interfaces/environment/path.sh
[2.209s] -- Installing: /home/gaetano/Documents/Udemy_Ros/ros2_ws/install/my_robot_interfaces/share/my_robot_interfaces/environment/path.dsv
[2.210s] -- Up-to-date: /home/gaetano/Documents/Udemy_Ros/ros2_ws/install/my_robot_interfaces/share/my_robot_interfaces/local_setup.bash
[2.210s] -- Up-to-date: /home/gaetano/Documents/Udemy_Ros/ros2_ws/install/my_robot_interfaces/share/my_robot_interfaces/local_setup.sh
[2.210s] -- Up-to-date: /home/gaetano/Documents/Udemy_Ros/ros2_ws/install/my_robot_interfaces/share/my_robot_interfaces/local_setup.zsh
[2.210s] -- Installing: /home/gaetano/Documents/Udemy_Ros/ros2_ws/install/my_robot_interfaces/share/my_robot_interfaces/local_setup.dsv
[2.210s] -- Installing: /home/gaetano/Documents/Udemy_Ros/ros2_ws/install/my_robot_interfaces/share/my_robot_interfaces/package.dsv
[2.210s] -- Up-to-date: /home/gaetano/Documents/Udemy_Ros/ros2_ws/install/my_robot_interfaces/share/ament_index/resource_index/packages/my_robot_interfaces
[2.210s] -- Up-to-date: /home/gaetano/Documents/Udemy_Ros/ros2_ws/install/my_robot_interfaces/share/my_robot_interfaces/cmake/my_robot_interfaces__rosidl_generator_cExport.cmake
[2.210s] -- Up-to-date: /home/gaetano/Documents/Udemy_Ros/ros2_ws/install/my_robot_interfaces/share/my_robot_interfaces/cmake/my_robot_interfaces__rosidl_generator_cExport-noconfig.cmake
[2.210s] -- Up-to-date: /home/gaetano/Documents/Udemy_Ros/ros2_ws/install/my_robot_interfaces/share/my_robot_interfaces/cmake/my_robot_interfaces__rosidl_typesupport_introspection_cExport.cmake
[2.210s] -- Up-to-date: /home/gaetano/Documents/Udemy_Ros/ros2_ws/install/my_robot_interfaces/share/my_robot_interfaces/cmake/my_robot_interfaces__rosidl_typesupport_introspection_cExport-noconfig.cmake
[2.210s] -- Up-to-date: /home/gaetano/Documents/Udemy_Ros/ros2_ws/install/my_robot_interfaces/share/my_robot_interfaces/cmake/my_robot_interfaces__rosidl_typesupport_cExport.cmake
[2.210s] -- Up-to-date: /home/gaetano/Documents/Udemy_Ros/ros2_ws/install/my_robot_interfaces/share/my_robot_interfaces/cmake/my_robot_interfaces__rosidl_typesupport_cExport-noconfig.cmake
[2.210s] -- Up-to-date: /home/gaetano/Documents/Udemy_Ros/ros2_ws/install/my_robot_interfaces/share/my_robot_interfaces/cmake/my_robot_interfaces__rosidl_generator_cppExport.cmake
[2.211s] -- Up-to-date: /home/gaetano/Documents/Udemy_Ros/ros2_ws/install/my_robot_interfaces/share/my_robot_interfaces/cmake/my_robot_interfaces__rosidl_typesupport_introspection_cppExport.cmake
[2.211s] -- Up-to-date: /home/gaetano/Documents/Udemy_Ros/ros2_ws/install/my_robot_interfaces/share/my_robot_interfaces/cmake/my_robot_interfaces__rosidl_typesupport_introspection_cppExport-noconfig.cmake
[2.211s] -- Up-to-date: /home/gaetano/Documents/Udemy_Ros/ros2_ws/install/my_robot_interfaces/share/my_robot_interfaces/cmake/my_robot_interfaces__rosidl_typesupport_cppExport.cmake
[2.211s] -- Up-to-date: /home/gaetano/Documents/Udemy_Ros/ros2_ws/install/my_robot_interfaces/share/my_robot_interfaces/cmake/my_robot_interfaces__rosidl_typesupport_cppExport-noconfig.cmake
[2.211s] -- Installing: /home/gaetano/Documents/Udemy_Ros/ros2_ws/install/my_robot_interfaces/share/my_robot_interfaces/cmake/rosidl_cmake-extras.cmake
[2.211s] -- Up-to-date: /home/gaetano/Documents/Udemy_Ros/ros2_ws/install/my_robot_interfaces/share/my_robot_interfaces/cmake/ament_cmake_export_dependencies-extras.cmake
[2.211s] -- Up-to-date: /home/gaetano/Documents/Udemy_Ros/ros2_ws/install/my_robot_interfaces/share/my_robot_interfaces/cmake/ament_cmake_export_libraries-extras.cmake
[2.211s] -- Up-to-date: /home/gaetano/Documents/Udemy_Ros/ros2_ws/install/my_robot_interfaces/share/my_robot_interfaces/cmake/ament_cmake_export_targets-extras.cmake
[2.211s] -- Up-to-date: /home/gaetano/Documents/Udemy_Ros/ros2_ws/install/my_robot_interfaces/share/my_robot_interfaces/cmake/ament_cmake_export_include_directories-extras.cmake
[2.211s] -- Up-to-date: /home/gaetano/Documents/Udemy_Ros/ros2_ws/install/my_robot_interfaces/share/my_robot_interfaces/cmake/rosidl_cmake_export_typesupport_libraries-extras.cmake
[2.211s] -- Up-to-date: /home/gaetano/Documents/Udemy_Ros/ros2_ws/install/my_robot_interfaces/share/my_robot_interfaces/cmake/rosidl_cmake_export_typesupport_targets-extras.cmake
[2.211s] -- Up-to-date: /home/gaetano/Documents/Udemy_Ros/ros2_ws/install/my_robot_interfaces/share/my_robot_interfaces/cmake/my_robot_interfacesConfig.cmake
[2.211s] -- Up-to-date: /home/gaetano/Documents/Udemy_Ros/ros2_ws/install/my_robot_interfaces/share/my_robot_interfaces/cmake/my_robot_interfacesConfig-version.cmake
[2.211s] -- Up-to-date: /home/gaetano/Documents/Udemy_Ros/ros2_ws/install/my_robot_interfaces/share/my_robot_interfaces/package.xml
[2.216s] Invoked command in '/home/gaetano/Documents/Udemy_Ros/ros2_ws/build/my_robot_interfaces' returned '0': CMAKE_PREFIX_PATH=${CMAKE_PREFIX_PATH}:/home/gaetano/Documents/Udemy_Ros/ros2_ws/install/my_py_pkg:/opt/ros/foxy /home/gaetano/.local/bin/cmake --install /home/gaetano/Documents/Udemy_Ros/ros2_ws/build/my_robot_interfaces
