[0.007s] Invoking command in '/home/gaetano/Documents/Udemy_Ros/ros2_ws/build/my_robot_interfaces': CMAKE_PREFIX_PATH=/opt/ros/foxy /home/gaetano/.local/bin/cmake --build /home/gaetano/Documents/Udemy_Ros/ros2_ws/build/my_robot_interfaces -- -j20 -l20
[0.037s] [  6%] Built target my_robot_interfaces__cpp
[0.037s] [ 12%] Built target my_robot_interfaces__rosidl_generator_c
[0.042s] [ 29%] Built target my_robot_interfaces__rosidl_typesupport_c
[0.042s] [ 32%] Built target my_robot_interfaces__rosidl_typesupport_introspection_c
[0.043s] [ 41%] Built target my_robot_interfaces__rosidl_typesupport_introspection_cpp
[0.048s] [ 51%] Built target my_robot_interfaces__rosidl_typesupport_fastrtps_cpp
[0.048s] [ 61%] Built target my_robot_interfaces__rosidl_typesupport_cpp
[0.053s] [ 70%] Built target my_robot_interfaces__rosidl_typesupport_fastrtps_c
[0.058s] [ 70%] Built target my_robot_interfaces
[0.063s] [ 74%] Built target my_robot_interfaces__py
[0.068s] [ 80%] Built target my_robot_interfaces__python
[0.074s] [ 87%] Built target my_robot_interfaces__rosidl_typesupport_fastrtps_c__pyext
[0.075s] [ 93%] Built target my_robot_interfaces__rosidl_typesupport_introspection_c__pyext
[0.075s] [100%] Built target my_robot_interfaces__rosidl_typesupport_c__pyext
[0.080s] Invoked command in '/home/gaetano/Documents/Udemy_Ros/ros2_ws/build/my_robot_interfaces' returned '0': CMAKE_PREFIX_PATH=/opt/ros/foxy /home/gaetano/.local/bin/cmake --build /home/gaetano/Documents/Udemy_Ros/ros2_ws/build/my_robot_interfaces -- -j20 -l20
[0.139s] Invoking command in '/home/gaetano/Documents/Udemy_Ros/ros2_ws/build/my_robot_interfaces': CMAKE_PREFIX_PATH=/opt/ros/foxy /home/gaetano/.local/bin/cmake --install /home/gaetano/Documents/Udemy_Ros/ros2_ws/build/my_robot_interfaces
[0.158s] -- Install configuration: ""
[0.158s] -- Up-to-date: /home/gaetano/Documents/Udemy_Ros/ros2_ws/install/my_robot_interfaces/share/ament_index/resource_index/rosidl_interfaces/my_robot_interfaces
[0.158s] -- Up-to-date: /home/gaetano/Documents/Udemy_Ros/ros2_ws/install/my_robot_interfaces/include/my_robot_interfaces
[0.158s] -- Up-to-date: /home/gaetano/Documents/Udemy_Ros/ros2_ws/install/my_robot_interfaces/include/my_robot_interfaces/msg
[0.158s] -- Up-to-date: /home/gaetano/Documents/Udemy_Ros/ros2_ws/install/my_robot_interfaces/include/my_robot_interfaces/msg/detail
[0.158s] -- Up-to-date: /home/gaetano/Documents/Udemy_Ros/ros2_ws/install/my_robot_interfaces/include/my_robot_interfaces/msg/detail/hardware_status__type_support.h
[0.158s] -- Up-to-date: /home/gaetano/Documents/Udemy_Ros/ros2_ws/install/my_robot_interfaces/include/my_robot_interfaces/msg/detail/hardware_status__struct.h
[0.158s] -- Up-to-date: /home/gaetano/Documents/Udemy_Ros/ros2_ws/install/my_robot_interfaces/include/my_robot_interfaces/msg/detail/hardware_status__functions.c
[0.158s] -- Up-to-date: /home/gaetano/Documents/Udemy_Ros/ros2_ws/install/my_robot_interfaces/include/my_robot_interfaces/msg/detail/hardware_status__functions.h
[0.158s] -- Up-to-date: /home/gaetano/Documents/Udemy_Ros/ros2_ws/install/my_robot_interfaces/include/my_robot_interfaces/msg/rosidl_generator_c__visibility_control.h
[0.158s] -- Up-to-date: /home/gaetano/Documents/Udemy_Ros/ros2_ws/install/my_robot_interfaces/include/my_robot_interfaces/msg/hardware_status.h
[0.158s] -- Up-to-date: /home/gaetano/Documents/Udemy_Ros/ros2_ws/install/my_robot_interfaces/share/my_robot_interfaces/environment/library_path.sh
[0.158s] -- Up-to-date: /home/gaetano/Documents/Udemy_Ros/ros2_ws/install/my_robot_interfaces/share/my_robot_interfaces/environment/library_path.dsv
[0.158s] -- Up-to-date: /home/gaetano/Documents/Udemy_Ros/ros2_ws/install/my_robot_interfaces/lib/libmy_robot_interfaces__rosidl_generator_c.so
[0.158s] -- Up-to-date: /home/gaetano/Documents/Udemy_Ros/ros2_ws/install/my_robot_interfaces/include/my_robot_interfaces
[0.158s] -- Up-to-date: /home/gaetano/Documents/Udemy_Ros/ros2_ws/install/my_robot_interfaces/include/my_robot_interfaces/msg
[0.158s] -- Up-to-date: /home/gaetano/Documents/Udemy_Ros/ros2_ws/install/my_robot_interfaces/include/my_robot_interfaces/msg/detail
[0.159s] -- Up-to-date: /home/gaetano/Documents/Udemy_Ros/ros2_ws/install/my_robot_interfaces/include/my_robot_interfaces/msg/detail/hardware_status__rosidl_typesupport_fastrtps_c.h
[0.159s] -- Up-to-date: /home/gaetano/Documents/Udemy_Ros/ros2_ws/install/my_robot_interfaces/include/my_robot_interfaces/msg/rosidl_typesupport_fastrtps_c__visibility_control.h
[0.159s] -- Up-to-date: /home/gaetano/Documents/Udemy_Ros/ros2_ws/install/my_robot_interfaces/lib/libmy_robot_interfaces__rosidl_typesupport_fastrtps_c.so
[0.159s] -- Up-to-date: /home/gaetano/Documents/Udemy_Ros/ros2_ws/install/my_robot_interfaces/include/my_robot_interfaces
[0.159s] -- Up-to-date: /home/gaetano/Documents/Udemy_Ros/ros2_ws/install/my_robot_interfaces/include/my_robot_interfaces/msg
[0.159s] -- Up-to-date: /home/gaetano/Documents/Udemy_Ros/ros2_ws/install/my_robot_interfaces/include/my_robot_interfaces/msg/detail
[0.159s] -- Up-to-date: /home/gaetano/Documents/Udemy_Ros/ros2_ws/install/my_robot_interfaces/include/my_robot_interfaces/msg/detail/hardware_status__rosidl_typesupport_fastrtps_cpp.hpp
[0.159s] -- Up-to-date: /home/gaetano/Documents/Udemy_Ros/ros2_ws/install/my_robot_interfaces/include/my_robot_interfaces/msg/detail/dds_fastrtps
[0.159s] -- Up-to-date: /home/gaetano/Documents/Udemy_Ros/ros2_ws/install/my_robot_interfaces/include/my_robot_interfaces/msg/rosidl_typesupport_fastrtps_cpp__visibility_control.h
[0.159s] -- Up-to-date: /home/gaetano/Documents/Udemy_Ros/ros2_ws/install/my_robot_interfaces/lib/libmy_robot_interfaces__rosidl_typesupport_fastrtps_cpp.so
[0.159s] -- Up-to-date: /home/gaetano/Documents/Udemy_Ros/ros2_ws/install/my_robot_interfaces/include/my_robot_interfaces
[0.159s] -- Up-to-date: /home/gaetano/Documents/Udemy_Ros/ros2_ws/install/my_robot_interfaces/include/my_robot_interfaces/msg
[0.159s] -- Up-to-date: /home/gaetano/Documents/Udemy_Ros/ros2_ws/install/my_robot_interfaces/include/my_robot_interfaces/msg/detail
[0.159s] -- Up-to-date: /home/gaetano/Documents/Udemy_Ros/ros2_ws/install/my_robot_interfaces/include/my_robot_interfaces/msg/detail/hardware_status__type_support.c
[0.159s] -- Up-to-date: /home/gaetano/Documents/Udemy_Ros/ros2_ws/install/my_robot_interfaces/include/my_robot_interfaces/msg/detail/hardware_status__rosidl_typesupport_introspection_c.h
[0.159s] -- Up-to-date: /home/gaetano/Documents/Udemy_Ros/ros2_ws/install/my_robot_interfaces/include/my_robot_interfaces/msg/rosidl_typesupport_introspection_c__visibility_control.h
[0.159s] -- Up-to-date: /home/gaetano/Documents/Udemy_Ros/ros2_ws/install/my_robot_interfaces/lib/libmy_robot_interfaces__rosidl_typesupport_introspection_c.so
[0.159s] -- Up-to-date: /home/gaetano/Documents/Udemy_Ros/ros2_ws/install/my_robot_interfaces/lib/libmy_robot_interfaces__rosidl_typesupport_c.so
[0.159s] -- Up-to-date: /home/gaetano/Documents/Udemy_Ros/ros2_ws/install/my_robot_interfaces/include/my_robot_interfaces
[0.159s] -- Up-to-date: /home/gaetano/Documents/Udemy_Ros/ros2_ws/install/my_robot_interfaces/include/my_robot_interfaces/msg
[0.159s] -- Up-to-date: /home/gaetano/Documents/Udemy_Ros/ros2_ws/install/my_robot_interfaces/include/my_robot_interfaces/msg/detail
[0.159s] -- Up-to-date: /home/gaetano/Documents/Udemy_Ros/ros2_ws/install/my_robot_interfaces/include/my_robot_interfaces/msg/detail/hardware_status__traits.hpp
[0.159s] -- Up-to-date: /home/gaetano/Documents/Udemy_Ros/ros2_ws/install/my_robot_interfaces/include/my_robot_interfaces/msg/detail/hardware_status__builder.hpp
[0.159s] -- Up-to-date: /home/gaetano/Documents/Udemy_Ros/ros2_ws/install/my_robot_interfaces/include/my_robot_interfaces/msg/detail/hardware_status__type_support.hpp
[0.159s] -- Up-to-date: /home/gaetano/Documents/Udemy_Ros/ros2_ws/install/my_robot_interfaces/include/my_robot_interfaces/msg/detail/hardware_status__struct.hpp
[0.159s] -- Up-to-date: /home/gaetano/Documents/Udemy_Ros/ros2_ws/install/my_robot_interfaces/include/my_robot_interfaces/msg/hardware_status.hpp
[0.159s] -- Up-to-date: /home/gaetano/Documents/Udemy_Ros/ros2_ws/install/my_robot_interfaces/include/my_robot_interfaces/msg/rosidl_generator_cpp__visibility_control.hpp
[0.159s] -- Up-to-date: /home/gaetano/Documents/Udemy_Ros/ros2_ws/install/my_robot_interfaces/include/my_robot_interfaces
[0.159s] -- Up-to-date: /home/gaetano/Documents/Udemy_Ros/ros2_ws/install/my_robot_interfaces/include/my_robot_interfaces/msg
[0.159s] -- Up-to-date: /home/gaetano/Documents/Udemy_Ros/ros2_ws/install/my_robot_interfaces/include/my_robot_interfaces/msg/detail
[0.159s] -- Up-to-date: /home/gaetano/Documents/Udemy_Ros/ros2_ws/install/my_robot_interfaces/include/my_robot_interfaces/msg/detail/hardware_status__rosidl_typesupport_introspection_cpp.hpp
[0.159s] -- Up-to-date: /home/gaetano/Documents/Udemy_Ros/ros2_ws/install/my_robot_interfaces/include/my_robot_interfaces/msg/detail/hardware_status__type_support.cpp
[0.159s] -- Up-to-date: /home/gaetano/Documents/Udemy_Ros/ros2_ws/install/my_robot_interfaces/lib/libmy_robot_interfaces__rosidl_typesupport_introspection_cpp.so
[0.159s] -- Up-to-date: /home/gaetano/Documents/Udemy_Ros/ros2_ws/install/my_robot_interfaces/lib/libmy_robot_interfaces__rosidl_typesupport_cpp.so
[0.159s] -- Up-to-date: /home/gaetano/Documents/Udemy_Ros/ros2_ws/install/my_robot_interfaces/share/my_robot_interfaces/environment/pythonpath.sh
[0.160s] -- Up-to-date: /home/gaetano/Documents/Udemy_Ros/ros2_ws/install/my_robot_interfaces/share/my_robot_interfaces/environment/pythonpath.dsv
[0.160s] -- Up-to-date: /home/gaetano/Documents/Udemy_Ros/ros2_ws/install/my_robot_interfaces/lib/python3.8/site-packages/my_robot_interfaces/__init__.py
[0.183s] -- Up-to-date: /home/gaetano/Documents/Udemy_Ros/ros2_ws/install/my_robot_interfaces/lib/python3.8/site-packages/my_robot_interfaces/msg
[0.183s] -- Up-to-date: /home/gaetano/Documents/Udemy_Ros/ros2_ws/install/my_robot_interfaces/lib/python3.8/site-packages/my_robot_interfaces/msg/__init__.py
[0.183s] -- Up-to-date: /home/gaetano/Documents/Udemy_Ros/ros2_ws/install/my_robot_interfaces/lib/python3.8/site-packages/my_robot_interfaces/msg/_hardware_status.py
[0.183s] -- Up-to-date: /home/gaetano/Documents/Udemy_Ros/ros2_ws/install/my_robot_interfaces/lib/python3.8/site-packages/my_robot_interfaces/msg/_hardware_status_s.c
[0.183s] -- Up-to-date: /home/gaetano/Documents/Udemy_Ros/ros2_ws/install/my_robot_interfaces/lib/python3.8/site-packages/my_robot_interfaces/my_robot_interfaces_s__rosidl_typesupport_fastrtps_c.cpython-38-x86_64-linux-gnu.so
[0.183s] -- Up-to-date: /home/gaetano/Documents/Udemy_Ros/ros2_ws/install/my_robot_interfaces/lib/python3.8/site-packages/my_robot_interfaces/my_robot_interfaces_s__rosidl_typesupport_introspection_c.cpython-38-x86_64-linux-gnu.so
[0.183s] -- Up-to-date: /home/gaetano/Documents/Udemy_Ros/ros2_ws/install/my_robot_interfaces/lib/python3.8/site-packages/my_robot_interfaces/my_robot_interfaces_s__rosidl_typesupport_c.cpython-38-x86_64-linux-gnu.so
[0.183s] -- Up-to-date: /home/gaetano/Documents/Udemy_Ros/ros2_ws/install/my_robot_interfaces/lib/libmy_robot_interfaces__python.so
[0.183s] -- Up-to-date: /home/gaetano/Documents/Udemy_Ros/ros2_ws/install/my_robot_interfaces/share/my_robot_interfaces/msg/HardwareStatus.idl
[0.183s] -- Up-to-date: /home/gaetano/Documents/Udemy_Ros/ros2_ws/install/my_robot_interfaces/share/my_robot_interfaces/msg/HardwareStatus.msg
[0.183s] -- Up-to-date: /home/gaetano/Documents/Udemy_Ros/ros2_ws/install/my_robot_interfaces/share/ament_index/resource_index/package_run_dependencies/my_robot_interfaces
[0.183s] -- Up-to-date: /home/gaetano/Documents/Udemy_Ros/ros2_ws/install/my_robot_interfaces/share/ament_index/resource_index/parent_prefix_path/my_robot_interfaces
[0.183s] -- Up-to-date: /home/gaetano/Documents/Udemy_Ros/ros2_ws/install/my_robot_interfaces/share/my_robot_interfaces/environment/ament_prefix_path.sh
[0.183s] -- Up-to-date: /home/gaetano/Documents/Udemy_Ros/ros2_ws/install/my_robot_interfaces/share/my_robot_interfaces/environment/ament_prefix_path.dsv
[0.183s] -- Up-to-date: /home/gaetano/Documents/Udemy_Ros/ros2_ws/install/my_robot_interfaces/share/my_robot_interfaces/environment/path.sh
[0.183s] -- Up-to-date: /home/gaetano/Documents/Udemy_Ros/ros2_ws/install/my_robot_interfaces/share/my_robot_interfaces/environment/path.dsv
[0.183s] -- Up-to-date: /home/gaetano/Documents/Udemy_Ros/ros2_ws/install/my_robot_interfaces/share/my_robot_interfaces/local_setup.bash
[0.183s] -- Up-to-date: /home/gaetano/Documents/Udemy_Ros/ros2_ws/install/my_robot_interfaces/share/my_robot_interfaces/local_setup.sh
[0.184s] -- Up-to-date: /home/gaetano/Documents/Udemy_Ros/ros2_ws/install/my_robot_interfaces/share/my_robot_interfaces/local_setup.zsh
[0.184s] -- Up-to-date: /home/gaetano/Documents/Udemy_Ros/ros2_ws/install/my_robot_interfaces/share/my_robot_interfaces/local_setup.dsv
[0.184s] -- Installing: /home/gaetano/Documents/Udemy_Ros/ros2_ws/install/my_robot_interfaces/share/my_robot_interfaces/package.dsv
[0.184s] -- Up-to-date: /home/gaetano/Documents/Udemy_Ros/ros2_ws/install/my_robot_interfaces/share/ament_index/resource_index/packages/my_robot_interfaces
[0.184s] -- Up-to-date: /home/gaetano/Documents/Udemy_Ros/ros2_ws/install/my_robot_interfaces/share/my_robot_interfaces/cmake/my_robot_interfaces__rosidl_generator_cExport.cmake
[0.184s] -- Up-to-date: /home/gaetano/Documents/Udemy_Ros/ros2_ws/install/my_robot_interfaces/share/my_robot_interfaces/cmake/my_robot_interfaces__rosidl_generator_cExport-noconfig.cmake
[0.184s] -- Up-to-date: /home/gaetano/Documents/Udemy_Ros/ros2_ws/install/my_robot_interfaces/share/my_robot_interfaces/cmake/my_robot_interfaces__rosidl_typesupport_introspection_cExport.cmake
[0.184s] -- Up-to-date: /home/gaetano/Documents/Udemy_Ros/ros2_ws/install/my_robot_interfaces/share/my_robot_interfaces/cmake/my_robot_interfaces__rosidl_typesupport_introspection_cExport-noconfig.cmake
[0.184s] -- Up-to-date: /home/gaetano/Documents/Udemy_Ros/ros2_ws/install/my_robot_interfaces/share/my_robot_interfaces/cmake/my_robot_interfaces__rosidl_typesupport_cExport.cmake
[0.184s] -- Up-to-date: /home/gaetano/Documents/Udemy_Ros/ros2_ws/install/my_robot_interfaces/share/my_robot_interfaces/cmake/my_robot_interfaces__rosidl_typesupport_cExport-noconfig.cmake
[0.184s] -- Up-to-date: /home/gaetano/Documents/Udemy_Ros/ros2_ws/install/my_robot_interfaces/share/my_robot_interfaces/cmake/my_robot_interfaces__rosidl_generator_cppExport.cmake
[0.184s] -- Up-to-date: /home/gaetano/Documents/Udemy_Ros/ros2_ws/install/my_robot_interfaces/share/my_robot_interfaces/cmake/my_robot_interfaces__rosidl_typesupport_introspection_cppExport.cmake
[0.184s] -- Up-to-date: /home/gaetano/Documents/Udemy_Ros/ros2_ws/install/my_robot_interfaces/share/my_robot_interfaces/cmake/my_robot_interfaces__rosidl_typesupport_introspection_cppExport-noconfig.cmake
[0.184s] -- Up-to-date: /home/gaetano/Documents/Udemy_Ros/ros2_ws/install/my_robot_interfaces/share/my_robot_interfaces/cmake/my_robot_interfaces__rosidl_typesupport_cppExport.cmake
[0.184s] -- Up-to-date: /home/gaetano/Documents/Udemy_Ros/ros2_ws/install/my_robot_interfaces/share/my_robot_interfaces/cmake/my_robot_interfaces__rosidl_typesupport_cppExport-noconfig.cmake
[0.184s] -- Up-to-date: /home/gaetano/Documents/Udemy_Ros/ros2_ws/install/my_robot_interfaces/share/my_robot_interfaces/cmake/rosidl_cmake-extras.cmake
[0.184s] -- Up-to-date: /home/gaetano/Documents/Udemy_Ros/ros2_ws/install/my_robot_interfaces/share/my_robot_interfaces/cmake/ament_cmake_export_dependencies-extras.cmake
[0.184s] -- Up-to-date: /home/gaetano/Documents/Udemy_Ros/ros2_ws/install/my_robot_interfaces/share/my_robot_interfaces/cmake/ament_cmake_export_libraries-extras.cmake
[0.184s] -- Up-to-date: /home/gaetano/Documents/Udemy_Ros/ros2_ws/install/my_robot_interfaces/share/my_robot_interfaces/cmake/ament_cmake_export_targets-extras.cmake
[0.184s] -- Up-to-date: /home/gaetano/Documents/Udemy_Ros/ros2_ws/install/my_robot_interfaces/share/my_robot_interfaces/cmake/ament_cmake_export_include_directories-extras.cmake
[0.184s] -- Up-to-date: /home/gaetano/Documents/Udemy_Ros/ros2_ws/install/my_robot_interfaces/share/my_robot_interfaces/cmake/rosidl_cmake_export_typesupport_libraries-extras.cmake
[0.184s] -- Up-to-date: /home/gaetano/Documents/Udemy_Ros/ros2_ws/install/my_robot_interfaces/share/my_robot_interfaces/cmake/rosidl_cmake_export_typesupport_targets-extras.cmake
[0.184s] -- Up-to-date: /home/gaetano/Documents/Udemy_Ros/ros2_ws/install/my_robot_interfaces/share/my_robot_interfaces/cmake/my_robot_interfacesConfig.cmake
[0.184s] -- Up-to-date: /home/gaetano/Documents/Udemy_Ros/ros2_ws/install/my_robot_interfaces/share/my_robot_interfaces/cmake/my_robot_interfacesConfig-version.cmake
[0.184s] -- Up-to-date: /home/gaetano/Documents/Udemy_Ros/ros2_ws/install/my_robot_interfaces/share/my_robot_interfaces/package.xml
[0.188s] Invoked command in '/home/gaetano/Documents/Udemy_Ros/ros2_ws/build/my_robot_interfaces' returned '0': CMAKE_PREFIX_PATH=/opt/ros/foxy /home/gaetano/.local/bin/cmake --install /home/gaetano/Documents/Udemy_Ros/ros2_ws/build/my_robot_interfaces
