/home/gaetano/.local/lib/python3.8/site-packages/setuptools/dist.py:717: UserWarning: Usage of dash-separated 'script-dir' will not be supported in future versions. Please use the underscore name 'script_dir' instead
  warnings.warn(
running egg_info
creating ../../build/turtlesim_catch_them_all/turtlesim_catch_them_all.egg-info
writing ../../build/turtlesim_catch_them_all/turtlesim_catch_them_all.egg-info/PKG-INFO
writing dependency_links to ../../build/turtlesim_catch_them_all/turtlesim_catch_them_all.egg-info/dependency_links.txt
writing entry points to ../../build/turtlesim_catch_them_all/turtlesim_catch_them_all.egg-info/entry_points.txt
writing requirements to ../../build/turtlesim_catch_them_all/turtlesim_catch_them_all.egg-info/requires.txt
writing top-level names to ../../build/turtlesim_catch_them_all/turtlesim_catch_them_all.egg-info/top_level.txt
writing manifest file '../../build/turtlesim_catch_them_all/turtlesim_catch_them_all.egg-info/SOURCES.txt'
reading manifest file '../../build/turtlesim_catch_them_all/turtlesim_catch_them_all.egg-info/SOURCES.txt'
writing manifest file '../../build/turtlesim_catch_them_all/turtlesim_catch_them_all.egg-info/SOURCES.txt'
running build
running build_py
creating /home/gaetano/Documents/Udemy_Ros/ros2_ws/build/turtlesim_catch_them_all/build
creating /home/gaetano/Documents/Udemy_Ros/ros2_ws/build/turtlesim_catch_them_all/build/lib
creating /home/gaetano/Documents/Udemy_Ros/ros2_ws/build/turtlesim_catch_them_all/build/lib/turtlesim_catch_them_all
copying turtlesim_catch_them_all/__init__.py -> /home/gaetano/Documents/Udemy_Ros/ros2_ws/build/turtlesim_catch_them_all/build/lib/turtlesim_catch_them_all
running install
running install_lib
creating /home/gaetano/Documents/Udemy_Ros/ros2_ws/install/turtlesim_catch_them_all/lib/python3.8/site-packages/turtlesim_catch_them_all
copying /home/gaetano/Documents/Udemy_Ros/ros2_ws/build/turtlesim_catch_them_all/build/lib/turtlesim_catch_them_all/__init__.py -> /home/gaetano/Documents/Udemy_Ros/ros2_ws/install/turtlesim_catch_them_all/lib/python3.8/site-packages/turtlesim_catch_them_all
byte-compiling /home/gaetano/Documents/Udemy_Ros/ros2_ws/install/turtlesim_catch_them_all/lib/python3.8/site-packages/turtlesim_catch_them_all/__init__.py to __init__.cpython-38.pyc
running install_data
creating /home/gaetano/Documents/Udemy_Ros/ros2_ws/install/turtlesim_catch_them_all/share/ament_index
creating /home/gaetano/Documents/Udemy_Ros/ros2_ws/install/turtlesim_catch_them_all/share/ament_index/resource_index
creating /home/gaetano/Documents/Udemy_Ros/ros2_ws/install/turtlesim_catch_them_all/share/ament_index/resource_index/packages
copying resource/turtlesim_catch_them_all -> /home/gaetano/Documents/Udemy_Ros/ros2_ws/install/turtlesim_catch_them_all/share/ament_index/resource_index/packages
copying package.xml -> /home/gaetano/Documents/Udemy_Ros/ros2_ws/install/turtlesim_catch_them_all/share/turtlesim_catch_them_all
running install_egg_info
Copying ../../build/turtlesim_catch_them_all/turtlesim_catch_them_all.egg-info to /home/gaetano/Documents/Udemy_Ros/ros2_ws/install/turtlesim_catch_them_all/lib/python3.8/site-packages/turtlesim_catch_them_all-0.0.0-py3.8.egg-info
running install_scripts
writing list of installed files to '/home/gaetano/Documents/Udemy_Ros/ros2_ws/build/turtlesim_catch_them_all/install.log'
