[01m[K/home/gaetano/Documents/Udemy_Ros/ros2_ws/src/my_cpp_pkg/src/add_two_ints_server.cpp:[m[K In constructor ‘[01m[KAddTwoIntsServerNode::AddTwoIntsServerNode()[m[K’:
[01m[K/home/gaetano/Documents/Udemy_Ros/ros2_ws/src/my_cpp_pkg/src/add_two_ints_server.cpp:9:9:[m[K [01;31m[Kerror: [m[K‘[01m[Kserver[m[K’ was not declared in this scope; did you mean ‘[01m[Kserver_[m[K’?
    9 |         [01;31m[Kserver[m[K = this->create_service<example_interfaces::srv::AddTwoInts>(
      |         [01;31m[K^~~~~~[m[K
      |         [32m[Kserver_[m[K
In file included from [01m[K/opt/ros/foxy/include/rclcpp/service.hpp:34[m[K,
                 from [01m[K/opt/ros/foxy/include/rclcpp/callback_group.hpp:25[m[K,
                 from [01m[K/opt/ros/foxy/include/rclcpp/any_executable.hpp:20[m[K,
                 from [01m[K/opt/ros/foxy/include/rclcpp/memory_strategy.hpp:24[m[K,
                 from [01m[K/opt/ros/foxy/include/rclcpp/memory_strategies.hpp:18[m[K,
                 from [01m[K/opt/ros/foxy/include/rclcpp/executor_options.hpp:20[m[K,
                 from [01m[K/opt/ros/foxy/include/rclcpp/executor.hpp:33[m[K,
                 from [01m[K/opt/ros/foxy/include/rclcpp/executors/multi_threaded_executor.hpp:26[m[K,
                 from [01m[K/opt/ros/foxy/include/rclcpp/executors.hpp:21[m[K,
                 from [01m[K/opt/ros/foxy/include/rclcpp/rclcpp.hpp:146[m[K,
                 from [01m[K/home/gaetano/Documents/Udemy_Ros/ros2_ws/src/my_cpp_pkg/src/add_two_ints_server.cpp:1[m[K:
[01m[K/home/gaetano/Documents/Udemy_Ros/ros2_ws/src/my_cpp_pkg/src/add_two_ints_server.cpp:[m[K In member function ‘[01m[Kvoid AddTwoIntsServerNode::callbackAddTwoInts(example_interfaces::srv::AddTwoInts_Request_<std::allocator<void> >::SharedPtr, example_interfaces::srv::AddTwoInts_Response_<std::allocator<void> >::SharedPtr)[m[K’:
[01m[K/home/gaetano/Documents/Udemy_Ros/ros2_ws/src/my_cpp_pkg/src/add_two_ints_server.cpp:20:91:[m[K [01;31m[Kerror: [m[Kno matching function for call to ‘[01m[KAddTwoIntsServerNode::get_logger(const char [13], example_interfaces::srv::AddTwoInts_Request_<std::allocator<void> >::_a_type&, example_interfaces::srv::AddTwoInts_Request_<std::allocator<void> >::_b_type&, example_interfaces::srv::AddTwoInts_Response_<std::allocator<void> >::_sum_type&)[m[K’
   20 |         RCLCPP_INFO(this->get_logger("%d + %d = %d", request->a, request->b, response->sum[01;31m[K)[m[K);
      |                                                                                           [01;31m[K^[m[K
In file included from [01m[K/opt/ros/foxy/include/rclcpp/executors/single_threaded_executor.hpp:28[m[K,
                 from [01m[K/opt/ros/foxy/include/rclcpp/executors.hpp:22[m[K,
                 from [01m[K/opt/ros/foxy/include/rclcpp/rclcpp.hpp:146[m[K,
                 from [01m[K/home/gaetano/Documents/Udemy_Ros/ros2_ws/src/my_cpp_pkg/src/add_two_ints_server.cpp:1[m[K:
[01m[K/opt/ros/foxy/include/rclcpp/node.hpp:139:3:[m[K [01;36m[Knote: [m[Kcandidate: ‘[01m[Krclcpp::Logger rclcpp::Node::get_logger() const[m[K’
  139 |   [01;36m[Kget_logger[m[K() const;
      |   [01;36m[K^~~~~~~~~~[m[K
[01m[K/opt/ros/foxy/include/rclcpp/node.hpp:139:3:[m[K [01;36m[Knote: [m[K  candidate expects 0 arguments, 4 provided
In file included from [01m[K/opt/ros/foxy/include/rclcpp/service.hpp:34[m[K,
                 from [01m[K/opt/ros/foxy/include/rclcpp/callback_group.hpp:25[m[K,
                 from [01m[K/opt/ros/foxy/include/rclcpp/any_executable.hpp:20[m[K,
                 from [01m[K/opt/ros/foxy/include/rclcpp/memory_strategy.hpp:24[m[K,
                 from [01m[K/opt/ros/foxy/include/rclcpp/memory_strategies.hpp:18[m[K,
                 from [01m[K/opt/ros/foxy/include/rclcpp/executor_options.hpp:20[m[K,
                 from [01m[K/opt/ros/foxy/include/rclcpp/executor.hpp:33[m[K,
                 from [01m[K/opt/ros/foxy/include/rclcpp/executors/multi_threaded_executor.hpp:26[m[K,
                 from [01m[K/opt/ros/foxy/include/rclcpp/executors.hpp:21[m[K,
                 from [01m[K/opt/ros/foxy/include/rclcpp/rclcpp.hpp:146[m[K,
                 from [01m[K/home/gaetano/Documents/Udemy_Ros/ros2_ws/src/my_cpp_pkg/src/add_two_ints_server.cpp:1[m[K:
[01m[K/home/gaetano/Documents/Udemy_Ros/ros2_ws/src/my_cpp_pkg/src/add_two_ints_server.cpp:20:91:[m[K [01;31m[Kerror: [m[Kno matching function for call to ‘[01m[KAddTwoIntsServerNode::get_logger(const char [13], example_interfaces::srv::AddTwoInts_Request_<std::allocator<void> >::_a_type&, example_interfaces::srv::AddTwoInts_Request_<std::allocator<void> >::_b_type&, example_interfaces::srv::AddTwoInts_Response_<std::allocator<void> >::_sum_type&)[m[K’
   20 |         RCLCPP_INFO(this->get_logger("%d + %d = %d", request->a, request->b, response->sum[01;31m[K)[m[K);
      |                                                                                           [01;31m[K^[m[K
In file included from [01m[K/opt/ros/foxy/include/rclcpp/executors/single_threaded_executor.hpp:28[m[K,
                 from [01m[K/opt/ros/foxy/include/rclcpp/executors.hpp:22[m[K,
                 from [01m[K/opt/ros/foxy/include/rclcpp/rclcpp.hpp:146[m[K,
                 from [01m[K/home/gaetano/Documents/Udemy_Ros/ros2_ws/src/my_cpp_pkg/src/add_two_ints_server.cpp:1[m[K:
[01m[K/opt/ros/foxy/include/rclcpp/node.hpp:139:3:[m[K [01;36m[Knote: [m[Kcandidate: ‘[01m[Krclcpp::Logger rclcpp::Node::get_logger() const[m[K’
  139 |   [01;36m[Kget_logger[m[K() const;
      |   [01;36m[K^~~~~~~~~~[m[K
[01m[K/opt/ros/foxy/include/rclcpp/node.hpp:139:3:[m[K [01;36m[Knote: [m[K  candidate expects 0 arguments, 4 provided
In file included from [01m[K/opt/ros/foxy/include/rclcpp/service.hpp:34[m[K,
                 from [01m[K/opt/ros/foxy/include/rclcpp/callback_group.hpp:25[m[K,
                 from [01m[K/opt/ros/foxy/include/rclcpp/any_executable.hpp:20[m[K,
                 from [01m[K/opt/ros/foxy/include/rclcpp/memory_strategy.hpp:24[m[K,
                 from [01m[K/opt/ros/foxy/include/rclcpp/memory_strategies.hpp:18[m[K,
                 from [01m[K/opt/ros/foxy/include/rclcpp/executor_options.hpp:20[m[K,
                 from [01m[K/opt/ros/foxy/include/rclcpp/executor.hpp:33[m[K,
                 from [01m[K/opt/ros/foxy/include/rclcpp/executors/multi_threaded_executor.hpp:26[m[K,
                 from [01m[K/opt/ros/foxy/include/rclcpp/executors.hpp:21[m[K,
                 from [01m[K/opt/ros/foxy/include/rclcpp/rclcpp.hpp:146[m[K,
                 from [01m[K/home/gaetano/Documents/Udemy_Ros/ros2_ws/src/my_cpp_pkg/src/add_two_ints_server.cpp:1[m[K:
[01m[K/home/gaetano/Documents/Udemy_Ros/ros2_ws/src/my_cpp_pkg/src/add_two_ints_server.cpp:20:9:[m[K [01;31m[Kerror: [m[Ktemplate argument 1 is invalid
   20 |         [01;31m[KRCLCPP_INFO[m[K(this->get_logger("%d + %d = %d", request->a, request->b, response->sum));
      |         [01;31m[K^~~~~~~~~~~[m[K
[01m[K/home/gaetano/Documents/Udemy_Ros/ros2_ws/src/my_cpp_pkg/src/add_two_ints_server.cpp:20:9:[m[K [01;31m[Kerror: [m[Ktemplate argument 1 is invalid
   20 |         [01;31m[KRCLCPP_INFO[m[K(this->get_logger("%d + %d = %d", request->a, request->b, response->sum));
      |         [01;31m[K^~~~~~~~~~~[m[K
[01m[K/home/gaetano/Documents/Udemy_Ros/ros2_ws/src/my_cpp_pkg/src/add_two_ints_server.cpp:20:9:[m[K [01;31m[Kerror: [m[Ktemplate argument 1 is invalid
   20 |         [01;31m[KRCLCPP_INFO[m[K(this->get_logger("%d + %d = %d", request->a, request->b, response->sum));
      |         [01;31m[K^~~~~~~~~~~[m[K
In file included from [01m[K/opt/ros/foxy/include/rclcpp/client.hpp:40[m[K,
                 from [01m[K/opt/ros/foxy/include/rclcpp/callback_group.hpp:23[m[K,
                 from [01m[K/opt/ros/foxy/include/rclcpp/any_executable.hpp:20[m[K,
                 from [01m[K/opt/ros/foxy/include/rclcpp/memory_strategy.hpp:24[m[K,
                 from [01m[K/opt/ros/foxy/include/rclcpp/memory_strategies.hpp:18[m[K,
                 from [01m[K/opt/ros/foxy/include/rclcpp/executor_options.hpp:20[m[K,
                 from [01m[K/opt/ros/foxy/include/rclcpp/executor.hpp:33[m[K,
                 from [01m[K/opt/ros/foxy/include/rclcpp/executors/multi_threaded_executor.hpp:26[m[K,
                 from [01m[K/opt/ros/foxy/include/rclcpp/executors.hpp:21[m[K,
                 from [01m[K/opt/ros/foxy/include/rclcpp/rclcpp.hpp:146[m[K,
                 from [01m[K/home/gaetano/Documents/Udemy_Ros/ros2_ws/src/my_cpp_pkg/src/add_two_ints_server.cpp:1[m[K:
[01m[K/home/gaetano/Documents/Udemy_Ros/ros2_ws/src/my_cpp_pkg/src/add_two_ints_server.cpp:20:91:[m[K [01;31m[Kerror: [m[Kno matching function for call to ‘[01m[KAddTwoIntsServerNode::get_logger(const char [13], example_interfaces::srv::AddTwoInts_Request_<std::allocator<void> >::_a_type&, example_interfaces::srv::AddTwoInts_Request_<std::allocator<void> >::_b_type&, example_interfaces::srv::AddTwoInts_Response_<std::allocator<void> >::_sum_type&)[m[K’
   20 |         RCLCPP_INFO(this->get_logger("%d + %d = %d", request->a, request->b, response->sum[01;31m[K)[m[K);
      |                                                                                           [01;31m[K^[m[K
In file included from [01m[K/opt/ros/foxy/include/rclcpp/executors/single_threaded_executor.hpp:28[m[K,
                 from [01m[K/opt/ros/foxy/include/rclcpp/executors.hpp:22[m[K,
                 from [01m[K/opt/ros/foxy/include/rclcpp/rclcpp.hpp:146[m[K,
                 from [01m[K/home/gaetano/Documents/Udemy_Ros/ros2_ws/src/my_cpp_pkg/src/add_two_ints_server.cpp:1[m[K:
[01m[K/opt/ros/foxy/include/rclcpp/node.hpp:139:3:[m[K [01;36m[Knote: [m[Kcandidate: ‘[01m[Krclcpp::Logger rclcpp::Node::get_logger() const[m[K’
  139 |   [01;36m[Kget_logger[m[K() const;
      |   [01;36m[K^~~~~~~~~~[m[K
[01m[K/opt/ros/foxy/include/rclcpp/node.hpp:139:3:[m[K [01;36m[Knote: [m[K  candidate expects 0 arguments, 4 provided
In file included from [01m[K/opt/ros/foxy/include/rclcpp/client.hpp:40[m[K,
                 from [01m[K/opt/ros/foxy/include/rclcpp/callback_group.hpp:23[m[K,
                 from [01m[K/opt/ros/foxy/include/rclcpp/any_executable.hpp:20[m[K,
                 from [01m[K/opt/ros/foxy/include/rclcpp/memory_strategy.hpp:24[m[K,
                 from [01m[K/opt/ros/foxy/include/rclcpp/memory_strategies.hpp:18[m[K,
                 from [01m[K/opt/ros/foxy/include/rclcpp/executor_options.hpp:20[m[K,
                 from [01m[K/opt/ros/foxy/include/rclcpp/executor.hpp:33[m[K,
                 from [01m[K/opt/ros/foxy/include/rclcpp/executors/multi_threaded_executor.hpp:26[m[K,
                 from [01m[K/opt/ros/foxy/include/rclcpp/executors.hpp:21[m[K,
                 from [01m[K/opt/ros/foxy/include/rclcpp/rclcpp.hpp:146[m[K,
                 from [01m[K/home/gaetano/Documents/Udemy_Ros/ros2_ws/src/my_cpp_pkg/src/add_two_ints_server.cpp:1[m[K:
[01m[K/home/gaetano/Documents/Udemy_Ros/ros2_ws/src/my_cpp_pkg/src/add_two_ints_server.cpp:20:91:[m[K [01;31m[Kerror: [m[Kno matching function for call to ‘[01m[KAddTwoIntsServerNode::get_logger(const char [13], example_interfaces::srv::AddTwoInts_Request_<std::allocator<void> >::_a_type&, example_interfaces::srv::AddTwoInts_Request_<std::allocator<void> >::_b_type&, example_interfaces::srv::AddTwoInts_Response_<std::allocator<void> >::_sum_type&)[m[K’
   20 |         RCLCPP_INFO(this->get_logger("%d + %d = %d", request->a, request->b, response->sum[01;31m[K)[m[K);
      |                                                                                           [01;31m[K^[m[K
In file included from [01m[K/opt/ros/foxy/include/rclcpp/executors/single_threaded_executor.hpp:28[m[K,
                 from [01m[K/opt/ros/foxy/include/rclcpp/executors.hpp:22[m[K,
                 from [01m[K/opt/ros/foxy/include/rclcpp/rclcpp.hpp:146[m[K,
                 from [01m[K/home/gaetano/Documents/Udemy_Ros/ros2_ws/src/my_cpp_pkg/src/add_two_ints_server.cpp:1[m[K:
[01m[K/opt/ros/foxy/include/rclcpp/node.hpp:139:3:[m[K [01;36m[Knote: [m[Kcandidate: ‘[01m[Krclcpp::Logger rclcpp::Node::get_logger() const[m[K’
  139 |   [01;36m[Kget_logger[m[K() const;
      |   [01;36m[K^~~~~~~~~~[m[K
[01m[K/opt/ros/foxy/include/rclcpp/node.hpp:139:3:[m[K [01;36m[Knote: [m[K  candidate expects 0 arguments, 4 provided
In file included from [01m[K/opt/ros/foxy/include/rclcpp/client.hpp:40[m[K,
                 from [01m[K/opt/ros/foxy/include/rclcpp/callback_group.hpp:23[m[K,
                 from [01m[K/opt/ros/foxy/include/rclcpp/any_executable.hpp:20[m[K,
                 from [01m[K/opt/ros/foxy/include/rclcpp/memory_strategy.hpp:24[m[K,
                 from [01m[K/opt/ros/foxy/include/rclcpp/memory_strategies.hpp:18[m[K,
                 from [01m[K/opt/ros/foxy/include/rclcpp/executor_options.hpp:20[m[K,
                 from [01m[K/opt/ros/foxy/include/rclcpp/executor.hpp:33[m[K,
                 from [01m[K/opt/ros/foxy/include/rclcpp/executors/multi_threaded_executor.hpp:26[m[K,
                 from [01m[K/opt/ros/foxy/include/rclcpp/executors.hpp:21[m[K,
                 from [01m[K/opt/ros/foxy/include/rclcpp/rclcpp.hpp:146[m[K,
                 from [01m[K/home/gaetano/Documents/Udemy_Ros/ros2_ws/src/my_cpp_pkg/src/add_two_ints_server.cpp:1[m[K:
[01m[K/home/gaetano/Documents/Udemy_Ros/ros2_ws/src/my_cpp_pkg/src/add_two_ints_server.cpp:20:9:[m[K [01;31m[Kerror: [m[Kno matching function for call to ‘[01m[Kget_c_string()[m[K’
   20 |         [01;31m[KRCLCPP_INFO[m[K(this->get_logger("%d + %d = %d", request->a, request->b, response->sum));
      |         [01;31m[K^~~~~~~~~~~[m[K
In file included from [01m[K/opt/ros/foxy/include/rclcpp/client.hpp:36[m[K,
                 from [01m[K/opt/ros/foxy/include/rclcpp/callback_group.hpp:23[m[K,
                 from [01m[K/opt/ros/foxy/include/rclcpp/any_executable.hpp:20[m[K,
                 from [01m[K/opt/ros/foxy/include/rclcpp/memory_strategy.hpp:24[m[K,
                 from [01m[K/opt/ros/foxy/include/rclcpp/memory_strategies.hpp:18[m[K,
                 from [01m[K/opt/ros/foxy/include/rclcpp/executor_options.hpp:20[m[K,
                 from [01m[K/opt/ros/foxy/include/rclcpp/executor.hpp:33[m[K,
                 from [01m[K/opt/ros/foxy/include/rclcpp/executors/multi_threaded_executor.hpp:26[m[K,
                 from [01m[K/opt/ros/foxy/include/rclcpp/executors.hpp:21[m[K,
                 from [01m[K/opt/ros/foxy/include/rclcpp/rclcpp.hpp:146[m[K,
                 from [01m[K/home/gaetano/Documents/Udemy_Ros/ros2_ws/src/my_cpp_pkg/src/add_two_ints_server.cpp:1[m[K:
[01m[K/opt/ros/foxy/include/rclcpp/utilities.hpp:296:1:[m[K [01;36m[Knote: [m[Kcandidate: ‘[01m[Kconst char* rclcpp::get_c_string(const char*)[m[K’
  296 | [01;36m[Kget_c_string[m[K(const char * string_in);
      | [01;36m[K^~~~~~~~~~~~[m[K
[01m[K/opt/ros/foxy/include/rclcpp/utilities.hpp:296:1:[m[K [01;36m[Knote: [m[K  candidate expects 1 argument, 0 provided
[01m[K/opt/ros/foxy/include/rclcpp/utilities.hpp:305:1:[m[K [01;36m[Knote: [m[Kcandidate: ‘[01m[Kconst char* rclcpp::get_c_string(const string&)[m[K’
  305 | [01;36m[Kget_c_string[m[K(const std::string & string_in);
      | [01;36m[K^~~~~~~~~~~~[m[K
[01m[K/opt/ros/foxy/include/rclcpp/utilities.hpp:305:1:[m[K [01;36m[Knote: [m[K  candidate expects 1 argument, 0 provided
make[2]: *** [CMakeFiles/add_two_ints_server.dir/build.make:76: CMakeFiles/add_two_ints_server.dir/src/add_two_ints_server.cpp.o] Error 1
make[1]: *** [CMakeFiles/Makefile2:221: CMakeFiles/add_two_ints_server.dir/all] Error 2
make: *** [Makefile:146: all] Error 2
