-- Found ament_cmake: 0.9.12 (/opt/ros/foxy/share/ament_cmake/cmake)
-- Using PYTHON_EXECUTABLE: /usr/bin/python3
-- Found rclcpp: 2.4.3 (/opt/ros/foxy/share/rclcpp/cmake)
-- Using all available rosidl_typesupport_c: rosidl_typesupport_fastrtps_c;rosidl_typesupport_introspection_c
-- Found rosidl_adapter: 1.3.1 (/opt/ros/foxy/share/rosidl_adapter/cmake)
-- Using all available rosidl_typesupport_cpp: rosidl_typesupport_fastrtps_cpp;rosidl_typesupport_introspection_cpp
-- Found rmw_implementation_cmake: 1.0.4 (/opt/ros/foxy/share/rmw_implementation_cmake/cmake)
-- Using RMW implementation 'rmw_fastrtps_cpp' as default
-- Found example_interfaces: 0.9.1 (/opt/ros/foxy/share/example_interfaces/cmake)
-- Found my_robot_interfaces: 0.0.0 (/home/gaetano/Documents/Udemy_Ros/ros2_ws/install/my_robot_interfaces/share/my_robot_interfaces/cmake)
-- Configuring done (0.6s)
-- Generating done (0.0s)
-- Build files have been written to: /home/gaetano/Documents/Udemy_Ros/ros2_ws/build/my_cpp_pkg
[  7%] [32mBuilding CXX object CMakeFiles/hardware_status_publisher.dir/src/hardware_status_publisher.cpp.o[0m
[ 21%] Built target cpp_node
[ 35%] Built target robot_news_station
[ 50%] Built target add_two_ints_server
[ 64%] Built target smartphone
[ 78%] Built target add_two_ints_client
[ 92%] Built target add_two_ints_client_no_oop
