[0.016s] Invoking command in '/home/gaetano/Documents/Udemy_Ros/ros2_ws/build/my_cpp_pkg': CMAKE_PREFIX_PATH=/home/gaetano/Documents/Udemy_Ros/ros2_ws/install/my_robot_interfaces:/home/gaetano/Documents/Udemy_Ros/ros2_ws/install/my_cpp_pkg:/home/gaetano/Documents/Udemy_Ros/ros2_ws/install/my_py_pkg:/opt/ros/foxy:/opt/ros/noetic PYTHONPATH=/home/gaetano/Documents/Udemy_Ros/ros2_ws/install/my_robot_interfaces/lib/python3.8/site-packages:/home/gaetano/Documents/Udemy_Ros/ros2_ws/install/my_py_pkg/lib/python3.8/site-packages:/opt/ros/foxy/lib/python3.8/site-packages:/opt/ros/noetic/lib/python3/dist-packages:/home/gaetano/SuperGluePretrainedNetwork:/home/gaetano/SuperGluePretrainedNetwork /home/gaetano/.local/bin/cmake --build /home/gaetano/Documents/Udemy_Ros/ros2_ws/build/my_cpp_pkg -- -j20 -l20
[0.039s] -- Found ament_cmake: 0.9.12 (/opt/ros/foxy/share/ament_cmake/cmake)
[0.040s] [33mCMake Warning (dev) at /opt/ros/foxy/share/ament_cmake_core/cmake/core/python.cmake:22 (find_package):
[0.040s]   Policy CMP0148 is not set: The FindPythonInterp and FindPythonLibs modules
[0.040s]   are removed.  Run "cmake --help-policy CMP0148" for policy details.  Use
[0.040s]   the cmake_policy command to set the policy and suppress this warning.
[0.040s] 
[0.040s] Call Stack (most recent call first):
[0.040s]   /opt/ros/foxy/share/ament_cmake_core/cmake/core/all.cmake:53 (include)
[0.040s]   /opt/ros/foxy/share/ament_cmake_core/cmake/ament_cmake_core-extras.cmake:17 (include)
[0.040s]   /opt/ros/foxy/share/ament_cmake_core/cmake/ament_cmake_coreConfig.cmake:41 (include)
[0.040s]   /opt/ros/foxy/share/ament_cmake/cmake/ament_cmake_export_dependencies-extras.cmake:15 (find_package)
[0.040s]   /opt/ros/foxy/share/ament_cmake/cmake/ament_cmakeConfig.cmake:41 (include)
[0.041s]   CMakeLists.txt:14 (find_package)
[0.041s] This warning is for project developers.  Use -Wno-dev to suppress it.
[0.041s] [0m
[0.056s] -- Using PYTHON_EXECUTABLE: /usr/bin/python3
[0.207s] -- Found rclcpp: 2.4.3 (/opt/ros/foxy/share/rclcpp/cmake)
[0.234s] -- Using all available rosidl_typesupport_c: rosidl_typesupport_fastrtps_c;rosidl_typesupport_introspection_c
[0.236s] -- Found rosidl_adapter: 1.3.1 (/opt/ros/foxy/share/rosidl_adapter/cmake)
[0.330s] -- Using all available rosidl_typesupport_cpp: rosidl_typesupport_fastrtps_cpp;rosidl_typesupport_introspection_cpp
[0.367s] -- Found rmw_implementation_cmake: 1.0.4 (/opt/ros/foxy/share/rmw_implementation_cmake/cmake)
[0.368s] -- Using RMW implementation 'rmw_fastrtps_cpp' as default
[0.471s] -- Found example_interfaces: 0.9.1 (/opt/ros/foxy/share/example_interfaces/cmake)
[0.548s] -- Found my_robot_interfaces: 0.0.0 (/home/gaetano/Documents/Udemy_Ros/ros2_ws/install/my_robot_interfaces/share/my_robot_interfaces/cmake)
[0.604s] -- Configuring done (0.6s)
[0.628s] -- Generating done (0.0s)
[0.630s] -- Build files have been written to: /home/gaetano/Documents/Udemy_Ros/ros2_ws/build/my_cpp_pkg
[0.646s] [  7%] [32mBuilding CXX object CMakeFiles/hardware_status_publisher.dir/src/hardware_status_publisher.cpp.o[0m
[0.647s] [ 21%] Built target cpp_node
[0.647s] [ 35%] Built target robot_news_station
[0.648s] [ 50%] Built target add_two_ints_server
[0.649s] [ 64%] Built target smartphone
[0.650s] [ 78%] Built target add_two_ints_client
[0.651s] [ 92%] Built target add_two_ints_client_no_oop
[1.394s] [01m[K/home/gaetano/Documents/Udemy_Ros/ros2_ws/src/my_cpp_pkg/src/hardware_status_publisher.cpp:[m[K In constructor ‘[01m[KHardwareStatusPublisherNode::HardwareStatusPublisherNode()[m[K’:
[1.394s] [01m[K/home/gaetano/Documents/Udemy_Ros/ros2_ws/src/my_cpp_pkg/src/hardware_status_publisher.cpp:12:34:[m[K [01;31m[Kerror: [m[K‘[01m[Kq[m[K’ was not declared in this scope
[1.394s]    12 |             std::chrono::seconds([01;31m[Kq[m[K), std::bind(&HardwareStatusPublisherNode::timer_callback, this));
[1.394s]       |                                  [01;31m[K^[m[K
[1.394s] [01m[K/home/gaetano/Documents/Udemy_Ros/ros2_ws/src/my_cpp_pkg/src/hardware_status_publisher.cpp:12:78:[m[K [01;31m[Kerror: [m[K‘[01m[Ktimer_callback[m[K’ is not a member of ‘[01m[KHardwareStatusPublisherNode[m[K’
[1.394s]    12 |             std::chrono::seconds(q), std::bind(&HardwareStatusPublisherNode::[01;31m[Ktimer_callback[m[K, this));
[1.394s]       |                                                                              [01;31m[K^~~~~~~~~~~~~~[m[K
[1.856s] make[2]: *** [CMakeFiles/hardware_status_publisher.dir/build.make:76: CMakeFiles/hardware_status_publisher.dir/src/hardware_status_publisher.cpp.o] Error 1
[1.856s] make[1]: *** [CMakeFiles/Makefile2:305: CMakeFiles/hardware_status_publisher.dir/all] Error 2
[1.856s] make: *** [Makefile:146: all] Error 2
[1.861s] Invoked command in '/home/gaetano/Documents/Udemy_Ros/ros2_ws/build/my_cpp_pkg' returned '2': CMAKE_PREFIX_PATH=/home/gaetano/Documents/Udemy_Ros/ros2_ws/install/my_robot_interfaces:/home/gaetano/Documents/Udemy_Ros/ros2_ws/install/my_cpp_pkg:/home/gaetano/Documents/Udemy_Ros/ros2_ws/install/my_py_pkg:/opt/ros/foxy:/opt/ros/noetic PYTHONPATH=/home/gaetano/Documents/Udemy_Ros/ros2_ws/install/my_robot_interfaces/lib/python3.8/site-packages:/home/gaetano/Documents/Udemy_Ros/ros2_ws/install/my_py_pkg/lib/python3.8/site-packages:/opt/ros/foxy/lib/python3.8/site-packages:/opt/ros/noetic/lib/python3/dist-packages:/home/gaetano/SuperGluePretrainedNetwork:/home/gaetano/SuperGluePretrainedNetwork /home/gaetano/.local/bin/cmake --build /home/gaetano/Documents/Udemy_Ros/ros2_ws/build/my_cpp_pkg -- -j20 -l20
