[0.179s] DEBUG:colcon:Command line arguments: ['/usr/bin/colcon', 'build']
[0.179s] DEBUG:colcon:Parsed command line arguments: Namespace(allow_overriding=[], ament_cmake_args=None, base_paths=['.'], build_base='build', catkin_cmake_args=None, catkin_skip_building_tests=False, cmake_args=None, cmake_clean_cache=False, cmake_clean_first=False, cmake_force_configure=False, cmake_target=None, cmake_target_skip_unavailable=False, continue_on_error=False, event_handlers=None, executor='parallel', ignore_user_meta=False, install_base='install', log_base=None, log_level=None, main=<bound method BuildVerb.main of <colcon_core.verb.build.BuildVerb object at 0x7f163857d970>>, merge_install=False, metas=['./colcon.meta'], packages_above=None, packages_above_and_dependencies=None, packages_above_depth=None, packages_end=None, packages_ignore=None, packages_ignore_regex=None, packages_select=None, packages_select_build_failed=False, packages_select_by_dep=None, packages_select_regex=None, packages_select_test_failures=False, packages_skip=None, packages_skip_build_finished=False, packages_skip_by_dep=None, packages_skip_regex=None, packages_skip_test_passed=False, packages_skip_up_to=None, packages_start=None, packages_up_to=None, packages_up_to_regex=None, parallel_workers=20, paths=None, symlink_install=False, test_result_base=None, verb_extension=<colcon_core.verb.build.BuildVerb object at 0x7f163857d970>, verb_name='build', verb_parser=<colcon_defaults.argument_parser.defaults.DefaultArgumentsDecorator object at 0x7f163857dee0>)
[0.190s] Level 1:colcon.colcon_core.package_discovery:discover_packages(colcon_meta) check parameters
[0.190s] Level 1:colcon.colcon_core.package_discovery:discover_packages(recursive) check parameters
[0.190s] Level 1:colcon.colcon_core.package_discovery:discover_packages(ignore) check parameters
[0.190s] Level 1:colcon.colcon_core.package_discovery:discover_packages(path) check parameters
[0.190s] Level 1:colcon.colcon_core.package_discovery:discover_packages(colcon_meta) discover
[0.190s] Level 1:colcon.colcon_core.package_discovery:discover_packages(recursive) discover
[0.190s] INFO:colcon.colcon_core.package_discovery:Crawling recursively for packages in '/home/gaetano/Documents/Udemy_Ros/ros2_ws'
[0.190s] Level 1:colcon.colcon_core.package_identification:_identify(.) by extensions ['ignore', 'ignore_ament_install']
[0.190s] Level 1:colcon.colcon_core.package_identification:_identify(.) by extension 'ignore'
[0.190s] Level 1:colcon.colcon_core.package_identification:_identify(.) by extension 'ignore_ament_install'
[0.190s] Level 1:colcon.colcon_core.package_identification:_identify(.) by extensions ['colcon_pkg']
[0.190s] Level 1:colcon.colcon_core.package_identification:_identify(.) by extension 'colcon_pkg'
[0.190s] Level 1:colcon.colcon_core.package_identification:_identify(.) by extensions ['colcon_meta']
[0.190s] Level 1:colcon.colcon_core.package_identification:_identify(.) by extension 'colcon_meta'
[0.190s] Level 1:colcon.colcon_core.package_identification:_identify(.) by extensions ['ros']
[0.190s] Level 1:colcon.colcon_core.package_identification:_identify(.) by extension 'ros'
[0.196s] Level 1:colcon.colcon_core.package_identification:_identify(.) by extensions ['cmake', 'python']
[0.196s] Level 1:colcon.colcon_core.package_identification:_identify(.) by extension 'cmake'
[0.196s] Level 1:colcon.colcon_core.package_identification:_identify(.) by extension 'python'
[0.196s] Level 1:colcon.colcon_core.package_identification:_identify(.) by extensions ['python_setup_py']
[0.196s] Level 1:colcon.colcon_core.package_identification:_identify(.) by extension 'python_setup_py'
[0.196s] Level 1:colcon.colcon_core.package_identification:_identify(build) by extensions ['ignore', 'ignore_ament_install']
[0.196s] Level 1:colcon.colcon_core.package_identification:_identify(build) by extension 'ignore'
[0.196s] Level 1:colcon.colcon_core.package_identification:_identify(build) ignored
[0.196s] Level 1:colcon.colcon_core.package_identification:_identify(install) by extensions ['ignore', 'ignore_ament_install']
[0.196s] Level 1:colcon.colcon_core.package_identification:_identify(install) by extension 'ignore'
[0.196s] Level 1:colcon.colcon_core.package_identification:_identify(install) ignored
[0.196s] Level 1:colcon.colcon_core.package_identification:_identify(log) by extensions ['ignore', 'ignore_ament_install']
[0.196s] Level 1:colcon.colcon_core.package_identification:_identify(log) by extension 'ignore'
[0.196s] Level 1:colcon.colcon_core.package_identification:_identify(log) ignored
[0.196s] Level 1:colcon.colcon_core.package_identification:_identify(ros2_boiler_plate_nodes) by extensions ['ignore', 'ignore_ament_install']
[0.196s] Level 1:colcon.colcon_core.package_identification:_identify(ros2_boiler_plate_nodes) by extension 'ignore'
[0.196s] Level 1:colcon.colcon_core.package_identification:_identify(ros2_boiler_plate_nodes) by extension 'ignore_ament_install'
[0.196s] Level 1:colcon.colcon_core.package_identification:_identify(ros2_boiler_plate_nodes) by extensions ['colcon_pkg']
[0.196s] Level 1:colcon.colcon_core.package_identification:_identify(ros2_boiler_plate_nodes) by extension 'colcon_pkg'
[0.196s] Level 1:colcon.colcon_core.package_identification:_identify(ros2_boiler_plate_nodes) by extensions ['colcon_meta']
[0.196s] Level 1:colcon.colcon_core.package_identification:_identify(ros2_boiler_plate_nodes) by extension 'colcon_meta'
[0.196s] Level 1:colcon.colcon_core.package_identification:_identify(ros2_boiler_plate_nodes) by extensions ['ros']
[0.196s] Level 1:colcon.colcon_core.package_identification:_identify(ros2_boiler_plate_nodes) by extension 'ros'
[0.196s] Level 1:colcon.colcon_core.package_identification:_identify(ros2_boiler_plate_nodes) by extensions ['cmake', 'python']
[0.196s] Level 1:colcon.colcon_core.package_identification:_identify(ros2_boiler_plate_nodes) by extension 'cmake'
[0.196s] Level 1:colcon.colcon_core.package_identification:_identify(ros2_boiler_plate_nodes) by extension 'python'
[0.196s] Level 1:colcon.colcon_core.package_identification:_identify(ros2_boiler_plate_nodes) by extensions ['python_setup_py']
[0.196s] Level 1:colcon.colcon_core.package_identification:_identify(ros2_boiler_plate_nodes) by extension 'python_setup_py'
[0.196s] Level 1:colcon.colcon_core.package_identification:_identify(src) by extensions ['ignore', 'ignore_ament_install']
[0.197s] Level 1:colcon.colcon_core.package_identification:_identify(src) by extension 'ignore'
[0.197s] Level 1:colcon.colcon_core.package_identification:_identify(src) by extension 'ignore_ament_install'
[0.197s] Level 1:colcon.colcon_core.package_identification:_identify(src) by extensions ['colcon_pkg']
[0.197s] Level 1:colcon.colcon_core.package_identification:_identify(src) by extension 'colcon_pkg'
[0.197s] Level 1:colcon.colcon_core.package_identification:_identify(src) by extensions ['colcon_meta']
[0.197s] Level 1:colcon.colcon_core.package_identification:_identify(src) by extension 'colcon_meta'
[0.197s] Level 1:colcon.colcon_core.package_identification:_identify(src) by extensions ['ros']
[0.197s] Level 1:colcon.colcon_core.package_identification:_identify(src) by extension 'ros'
[0.197s] Level 1:colcon.colcon_core.package_identification:_identify(src) by extensions ['cmake', 'python']
[0.197s] Level 1:colcon.colcon_core.package_identification:_identify(src) by extension 'cmake'
[0.197s] Level 1:colcon.colcon_core.package_identification:_identify(src) by extension 'python'
[0.197s] Level 1:colcon.colcon_core.package_identification:_identify(src) by extensions ['python_setup_py']
[0.197s] Level 1:colcon.colcon_core.package_identification:_identify(src) by extension 'python_setup_py'
[0.197s] Level 1:colcon.colcon_core.package_identification:_identify(src/my_cpp_pkg) by extensions ['ignore', 'ignore_ament_install']
[0.197s] Level 1:colcon.colcon_core.package_identification:_identify(src/my_cpp_pkg) by extension 'ignore'
[0.197s] Level 1:colcon.colcon_core.package_identification:_identify(src/my_cpp_pkg) by extension 'ignore_ament_install'
[0.197s] Level 1:colcon.colcon_core.package_identification:_identify(src/my_cpp_pkg) by extensions ['colcon_pkg']
[0.197s] Level 1:colcon.colcon_core.package_identification:_identify(src/my_cpp_pkg) by extension 'colcon_pkg'
[0.197s] Level 1:colcon.colcon_core.package_identification:_identify(src/my_cpp_pkg) by extensions ['colcon_meta']
[0.197s] Level 1:colcon.colcon_core.package_identification:_identify(src/my_cpp_pkg) by extension 'colcon_meta'
[0.197s] Level 1:colcon.colcon_core.package_identification:_identify(src/my_cpp_pkg) by extensions ['ros']
[0.197s] Level 1:colcon.colcon_core.package_identification:_identify(src/my_cpp_pkg) by extension 'ros'
[0.198s] DEBUG:colcon.colcon_core.package_identification:Package 'src/my_cpp_pkg' with type 'ros.ament_cmake' and name 'my_cpp_pkg'
[0.198s] Level 1:colcon.colcon_core.package_identification:_identify(src/my_py_pkg) by extensions ['ignore', 'ignore_ament_install']
[0.198s] Level 1:colcon.colcon_core.package_identification:_identify(src/my_py_pkg) by extension 'ignore'
[0.198s] Level 1:colcon.colcon_core.package_identification:_identify(src/my_py_pkg) by extension 'ignore_ament_install'
[0.198s] Level 1:colcon.colcon_core.package_identification:_identify(src/my_py_pkg) by extensions ['colcon_pkg']
[0.198s] Level 1:colcon.colcon_core.package_identification:_identify(src/my_py_pkg) by extension 'colcon_pkg'
[0.198s] Level 1:colcon.colcon_core.package_identification:_identify(src/my_py_pkg) by extensions ['colcon_meta']
[0.198s] Level 1:colcon.colcon_core.package_identification:_identify(src/my_py_pkg) by extension 'colcon_meta'
[0.198s] Level 1:colcon.colcon_core.package_identification:_identify(src/my_py_pkg) by extensions ['ros']
[0.198s] Level 1:colcon.colcon_core.package_identification:_identify(src/my_py_pkg) by extension 'ros'
[0.199s] DEBUG:colcon.colcon_core.package_identification:Package 'src/my_py_pkg' with type 'ros.ament_python' and name 'my_py_pkg'
[0.199s] Level 1:colcon.colcon_core.package_identification:_identify(src/my_robot_bringup) by extensions ['ignore', 'ignore_ament_install']
[0.199s] Level 1:colcon.colcon_core.package_identification:_identify(src/my_robot_bringup) by extension 'ignore'
[0.199s] Level 1:colcon.colcon_core.package_identification:_identify(src/my_robot_bringup) by extension 'ignore_ament_install'
[0.199s] Level 1:colcon.colcon_core.package_identification:_identify(src/my_robot_bringup) by extensions ['colcon_pkg']
[0.199s] Level 1:colcon.colcon_core.package_identification:_identify(src/my_robot_bringup) by extension 'colcon_pkg'
[0.199s] Level 1:colcon.colcon_core.package_identification:_identify(src/my_robot_bringup) by extensions ['colcon_meta']
[0.199s] Level 1:colcon.colcon_core.package_identification:_identify(src/my_robot_bringup) by extension 'colcon_meta'
[0.199s] Level 1:colcon.colcon_core.package_identification:_identify(src/my_robot_bringup) by extensions ['ros']
[0.199s] Level 1:colcon.colcon_core.package_identification:_identify(src/my_robot_bringup) by extension 'ros'
[0.200s] DEBUG:colcon.colcon_core.package_identification:Package 'src/my_robot_bringup' with type 'ros.ament_cmake' and name 'my_robot_bringup'
[0.200s] Level 1:colcon.colcon_core.package_identification:_identify(src/my_robot_interfaces) by extensions ['ignore', 'ignore_ament_install']
[0.200s] Level 1:colcon.colcon_core.package_identification:_identify(src/my_robot_interfaces) by extension 'ignore'
[0.200s] Level 1:colcon.colcon_core.package_identification:_identify(src/my_robot_interfaces) by extension 'ignore_ament_install'
[0.200s] Level 1:colcon.colcon_core.package_identification:_identify(src/my_robot_interfaces) by extensions ['colcon_pkg']
[0.200s] Level 1:colcon.colcon_core.package_identification:_identify(src/my_robot_interfaces) by extension 'colcon_pkg'
[0.200s] Level 1:colcon.colcon_core.package_identification:_identify(src/my_robot_interfaces) by extensions ['colcon_meta']
[0.200s] Level 1:colcon.colcon_core.package_identification:_identify(src/my_robot_interfaces) by extension 'colcon_meta'
[0.200s] Level 1:colcon.colcon_core.package_identification:_identify(src/my_robot_interfaces) by extensions ['ros']
[0.200s] Level 1:colcon.colcon_core.package_identification:_identify(src/my_robot_interfaces) by extension 'ros'
[0.200s] DEBUG:colcon.colcon_core.package_identification:Package 'src/my_robot_interfaces' with type 'ros.ament_cmake' and name 'my_robot_interfaces'
[0.200s] Level 1:colcon.colcon_core.package_identification:_identify(src/turtlesim_catch_them_all) by extensions ['ignore', 'ignore_ament_install']
[0.200s] Level 1:colcon.colcon_core.package_identification:_identify(src/turtlesim_catch_them_all) by extension 'ignore'
[0.200s] Level 1:colcon.colcon_core.package_identification:_identify(src/turtlesim_catch_them_all) by extension 'ignore_ament_install'
[0.200s] Level 1:colcon.colcon_core.package_identification:_identify(src/turtlesim_catch_them_all) by extensions ['colcon_pkg']
[0.200s] Level 1:colcon.colcon_core.package_identification:_identify(src/turtlesim_catch_them_all) by extension 'colcon_pkg'
[0.200s] Level 1:colcon.colcon_core.package_identification:_identify(src/turtlesim_catch_them_all) by extensions ['colcon_meta']
[0.200s] Level 1:colcon.colcon_core.package_identification:_identify(src/turtlesim_catch_them_all) by extension 'colcon_meta'
[0.200s] Level 1:colcon.colcon_core.package_identification:_identify(src/turtlesim_catch_them_all) by extensions ['ros']
[0.200s] Level 1:colcon.colcon_core.package_identification:_identify(src/turtlesim_catch_them_all) by extension 'ros'
[0.201s] DEBUG:colcon.colcon_core.package_identification:Package 'src/turtlesim_catch_them_all' with type 'ros.ament_python' and name 'turtlesim_catch_them_all'
[0.201s] Level 1:colcon.colcon_core.package_discovery:discover_packages(recursive) using defaults
[0.201s] Level 1:colcon.colcon_core.package_discovery:discover_packages(ignore) discover
[0.201s] Level 1:colcon.colcon_core.package_discovery:discover_packages(ignore) using defaults
[0.201s] Level 1:colcon.colcon_core.package_discovery:discover_packages(path) discover
[0.201s] Level 1:colcon.colcon_core.package_discovery:discover_packages(path) using defaults
[0.212s] Level 1:colcon.colcon_core.package_discovery:discover_packages(prefix_path) check parameters
[0.212s] Level 1:colcon.colcon_core.package_discovery:discover_packages(prefix_path) discover
[0.214s] DEBUG:colcon.colcon_installed_package_information.package_discovery:Found 256 installed packages in /opt/ros/foxy
[0.215s] Level 1:colcon.colcon_core.package_discovery:discover_packages(prefix_path) using defaults
[0.243s] Level 5:colcon.colcon_core.verb:set package 'my_robot_interfaces' build argument 'cmake_args' from command line to 'None'
[0.243s] Level 5:colcon.colcon_core.verb:set package 'my_robot_interfaces' build argument 'cmake_target' from command line to 'None'
[0.243s] Level 5:colcon.colcon_core.verb:set package 'my_robot_interfaces' build argument 'cmake_target_skip_unavailable' from command line to 'False'
[0.243s] Level 5:colcon.colcon_core.verb:set package 'my_robot_interfaces' build argument 'cmake_clean_cache' from command line to 'False'
[0.243s] Level 5:colcon.colcon_core.verb:set package 'my_robot_interfaces' build argument 'cmake_clean_first' from command line to 'False'
[0.243s] Level 5:colcon.colcon_core.verb:set package 'my_robot_interfaces' build argument 'cmake_force_configure' from command line to 'False'
[0.243s] Level 5:colcon.colcon_core.verb:set package 'my_robot_interfaces' build argument 'ament_cmake_args' from command line to 'None'
[0.243s] Level 5:colcon.colcon_core.verb:set package 'my_robot_interfaces' build argument 'catkin_cmake_args' from command line to 'None'
[0.243s] Level 5:colcon.colcon_core.verb:set package 'my_robot_interfaces' build argument 'catkin_skip_building_tests' from command line to 'False'
[0.243s] DEBUG:colcon.colcon_core.verb:Building package 'my_robot_interfaces' with the following arguments: {'ament_cmake_args': None, 'build_base': '/home/gaetano/Documents/Udemy_Ros/ros2_ws/build/my_robot_interfaces', 'catkin_cmake_args': None, 'catkin_skip_building_tests': False, 'cmake_args': None, 'cmake_clean_cache': False, 'cmake_clean_first': False, 'cmake_force_configure': False, 'cmake_target': None, 'cmake_target_skip_unavailable': False, 'install_base': '/home/gaetano/Documents/Udemy_Ros/ros2_ws/install/my_robot_interfaces', 'merge_install': False, 'path': '/home/gaetano/Documents/Udemy_Ros/ros2_ws/src/my_robot_interfaces', 'symlink_install': False, 'test_result_base': None}
[0.243s] Level 5:colcon.colcon_core.verb:set package 'my_cpp_pkg' build argument 'cmake_args' from command line to 'None'
[0.244s] Level 5:colcon.colcon_core.verb:set package 'my_cpp_pkg' build argument 'cmake_target' from command line to 'None'
[0.244s] Level 5:colcon.colcon_core.verb:set package 'my_cpp_pkg' build argument 'cmake_target_skip_unavailable' from command line to 'False'
[0.244s] Level 5:colcon.colcon_core.verb:set package 'my_cpp_pkg' build argument 'cmake_clean_cache' from command line to 'False'
[0.244s] Level 5:colcon.colcon_core.verb:set package 'my_cpp_pkg' build argument 'cmake_clean_first' from command line to 'False'
[0.244s] Level 5:colcon.colcon_core.verb:set package 'my_cpp_pkg' build argument 'cmake_force_configure' from command line to 'False'
[0.244s] Level 5:colcon.colcon_core.verb:set package 'my_cpp_pkg' build argument 'ament_cmake_args' from command line to 'None'
[0.244s] Level 5:colcon.colcon_core.verb:set package 'my_cpp_pkg' build argument 'catkin_cmake_args' from command line to 'None'
[0.244s] Level 5:colcon.colcon_core.verb:set package 'my_cpp_pkg' build argument 'catkin_skip_building_tests' from command line to 'False'
[0.244s] DEBUG:colcon.colcon_core.verb:Building package 'my_cpp_pkg' with the following arguments: {'ament_cmake_args': None, 'build_base': '/home/gaetano/Documents/Udemy_Ros/ros2_ws/build/my_cpp_pkg', 'catkin_cmake_args': None, 'catkin_skip_building_tests': False, 'cmake_args': None, 'cmake_clean_cache': False, 'cmake_clean_first': False, 'cmake_force_configure': False, 'cmake_target': None, 'cmake_target_skip_unavailable': False, 'install_base': '/home/gaetano/Documents/Udemy_Ros/ros2_ws/install/my_cpp_pkg', 'merge_install': False, 'path': '/home/gaetano/Documents/Udemy_Ros/ros2_ws/src/my_cpp_pkg', 'symlink_install': False, 'test_result_base': None}
[0.244s] Level 5:colcon.colcon_core.verb:set package 'my_py_pkg' build argument 'cmake_args' from command line to 'None'
[0.244s] Level 5:colcon.colcon_core.verb:set package 'my_py_pkg' build argument 'cmake_target' from command line to 'None'
[0.244s] Level 5:colcon.colcon_core.verb:set package 'my_py_pkg' build argument 'cmake_target_skip_unavailable' from command line to 'False'
[0.244s] Level 5:colcon.colcon_core.verb:set package 'my_py_pkg' build argument 'cmake_clean_cache' from command line to 'False'
[0.244s] Level 5:colcon.colcon_core.verb:set package 'my_py_pkg' build argument 'cmake_clean_first' from command line to 'False'
[0.244s] Level 5:colcon.colcon_core.verb:set package 'my_py_pkg' build argument 'cmake_force_configure' from command line to 'False'
[0.244s] Level 5:colcon.colcon_core.verb:set package 'my_py_pkg' build argument 'ament_cmake_args' from command line to 'None'
[0.244s] Level 5:colcon.colcon_core.verb:set package 'my_py_pkg' build argument 'catkin_cmake_args' from command line to 'None'
[0.244s] Level 5:colcon.colcon_core.verb:set package 'my_py_pkg' build argument 'catkin_skip_building_tests' from command line to 'False'
[0.244s] DEBUG:colcon.colcon_core.verb:Building package 'my_py_pkg' with the following arguments: {'ament_cmake_args': None, 'build_base': '/home/gaetano/Documents/Udemy_Ros/ros2_ws/build/my_py_pkg', 'catkin_cmake_args': None, 'catkin_skip_building_tests': False, 'cmake_args': None, 'cmake_clean_cache': False, 'cmake_clean_first': False, 'cmake_force_configure': False, 'cmake_target': None, 'cmake_target_skip_unavailable': False, 'install_base': '/home/gaetano/Documents/Udemy_Ros/ros2_ws/install/my_py_pkg', 'merge_install': False, 'path': '/home/gaetano/Documents/Udemy_Ros/ros2_ws/src/my_py_pkg', 'symlink_install': False, 'test_result_base': None}
[0.245s] Level 5:colcon.colcon_core.verb:set package 'turtlesim_catch_them_all' build argument 'cmake_args' from command line to 'None'
[0.245s] Level 5:colcon.colcon_core.verb:set package 'turtlesim_catch_them_all' build argument 'cmake_target' from command line to 'None'
[0.245s] Level 5:colcon.colcon_core.verb:set package 'turtlesim_catch_them_all' build argument 'cmake_target_skip_unavailable' from command line to 'False'
[0.245s] Level 5:colcon.colcon_core.verb:set package 'turtlesim_catch_them_all' build argument 'cmake_clean_cache' from command line to 'False'
[0.245s] Level 5:colcon.colcon_core.verb:set package 'turtlesim_catch_them_all' build argument 'cmake_clean_first' from command line to 'False'
[0.245s] Level 5:colcon.colcon_core.verb:set package 'turtlesim_catch_them_all' build argument 'cmake_force_configure' from command line to 'False'
[0.245s] Level 5:colcon.colcon_core.verb:set package 'turtlesim_catch_them_all' build argument 'ament_cmake_args' from command line to 'None'
[0.245s] Level 5:colcon.colcon_core.verb:set package 'turtlesim_catch_them_all' build argument 'catkin_cmake_args' from command line to 'None'
[0.245s] Level 5:colcon.colcon_core.verb:set package 'turtlesim_catch_them_all' build argument 'catkin_skip_building_tests' from command line to 'False'
[0.245s] DEBUG:colcon.colcon_core.verb:Building package 'turtlesim_catch_them_all' with the following arguments: {'ament_cmake_args': None, 'build_base': '/home/gaetano/Documents/Udemy_Ros/ros2_ws/build/turtlesim_catch_them_all', 'catkin_cmake_args': None, 'catkin_skip_building_tests': False, 'cmake_args': None, 'cmake_clean_cache': False, 'cmake_clean_first': False, 'cmake_force_configure': False, 'cmake_target': None, 'cmake_target_skip_unavailable': False, 'install_base': '/home/gaetano/Documents/Udemy_Ros/ros2_ws/install/turtlesim_catch_them_all', 'merge_install': False, 'path': '/home/gaetano/Documents/Udemy_Ros/ros2_ws/src/turtlesim_catch_them_all', 'symlink_install': False, 'test_result_base': None}
[0.245s] Level 5:colcon.colcon_core.verb:set package 'my_robot_bringup' build argument 'cmake_args' from command line to 'None'
[0.245s] Level 5:colcon.colcon_core.verb:set package 'my_robot_bringup' build argument 'cmake_target' from command line to 'None'
[0.245s] Level 5:colcon.colcon_core.verb:set package 'my_robot_bringup' build argument 'cmake_target_skip_unavailable' from command line to 'False'
[0.245s] Level 5:colcon.colcon_core.verb:set package 'my_robot_bringup' build argument 'cmake_clean_cache' from command line to 'False'
[0.245s] Level 5:colcon.colcon_core.verb:set package 'my_robot_bringup' build argument 'cmake_clean_first' from command line to 'False'
[0.245s] Level 5:colcon.colcon_core.verb:set package 'my_robot_bringup' build argument 'cmake_force_configure' from command line to 'False'
[0.245s] Level 5:colcon.colcon_core.verb:set package 'my_robot_bringup' build argument 'ament_cmake_args' from command line to 'None'
[0.245s] Level 5:colcon.colcon_core.verb:set package 'my_robot_bringup' build argument 'catkin_cmake_args' from command line to 'None'
[0.245s] Level 5:colcon.colcon_core.verb:set package 'my_robot_bringup' build argument 'catkin_skip_building_tests' from command line to 'False'
[0.245s] DEBUG:colcon.colcon_core.verb:Building package 'my_robot_bringup' with the following arguments: {'ament_cmake_args': None, 'build_base': '/home/gaetano/Documents/Udemy_Ros/ros2_ws/build/my_robot_bringup', 'catkin_cmake_args': None, 'catkin_skip_building_tests': False, 'cmake_args': None, 'cmake_clean_cache': False, 'cmake_clean_first': False, 'cmake_force_configure': False, 'cmake_target': None, 'cmake_target_skip_unavailable': False, 'install_base': '/home/gaetano/Documents/Udemy_Ros/ros2_ws/install/my_robot_bringup', 'merge_install': False, 'path': '/home/gaetano/Documents/Udemy_Ros/ros2_ws/src/my_robot_bringup', 'symlink_install': False, 'test_result_base': None}
[0.246s] INFO:colcon.colcon_core.executor:Executing jobs using 'parallel' executor
[0.248s] DEBUG:colcon.colcon_parallel_executor.executor.parallel:run_until_complete
[0.248s] INFO:colcon.colcon_ros.task.ament_cmake.build:Building ROS package in '/home/gaetano/Documents/Udemy_Ros/ros2_ws/src/my_robot_interfaces' with build type 'ament_cmake'
[0.248s] INFO:colcon.colcon_cmake.task.cmake.build:Building CMake package in '/home/gaetano/Documents/Udemy_Ros/ros2_ws/src/my_robot_interfaces'
[0.250s] INFO:colcon.colcon_core.plugin_system:Skipping extension 'colcon_core.shell.bat': Not used on non-Windows systems
[0.250s] INFO:colcon.colcon_core.shell:Skip shell extension 'powershell' for command environment: Not usable outside of PowerShell
[0.250s] DEBUG:colcon.colcon_core.shell:Skip shell extension 'dsv' for command environment
[0.258s] DEBUG:colcon.colcon_core.event_handler.log_command:Invoking command in '/home/gaetano/Documents/Udemy_Ros/ros2_ws/build/my_robot_interfaces': CMAKE_PREFIX_PATH=/opt/ros/foxy /home/gaetano/.local/bin/cmake --build /home/gaetano/Documents/Udemy_Ros/ros2_ws/build/my_robot_interfaces -- -j20 -l20
[0.333s] DEBUG:colcon.colcon_core.event_handler.log_command:Invoked command in '/home/gaetano/Documents/Udemy_Ros/ros2_ws/build/my_robot_interfaces' returned '0': CMAKE_PREFIX_PATH=/opt/ros/foxy /home/gaetano/.local/bin/cmake --build /home/gaetano/Documents/Udemy_Ros/ros2_ws/build/my_robot_interfaces -- -j20 -l20
[0.408s] DEBUG:colcon.colcon_core.event_handler.log_command:Invoking command in '/home/gaetano/Documents/Udemy_Ros/ros2_ws/build/my_robot_interfaces': CMAKE_PREFIX_PATH=/opt/ros/foxy /home/gaetano/.local/bin/cmake --install /home/gaetano/Documents/Udemy_Ros/ros2_ws/build/my_robot_interfaces
[0.456s] Level 1:colcon.colcon_core.environment:create_environment_scripts_only(my_robot_interfaces)
[0.457s] DEBUG:colcon.colcon_core.event_handler.log_command:Invoked command in '/home/gaetano/Documents/Udemy_Ros/ros2_ws/build/my_robot_interfaces' returned '0': CMAKE_PREFIX_PATH=/opt/ros/foxy /home/gaetano/.local/bin/cmake --install /home/gaetano/Documents/Udemy_Ros/ros2_ws/build/my_robot_interfaces
[0.460s] Level 1:colcon.colcon_core.environment:checking '/home/gaetano/Documents/Udemy_Ros/ros2_ws/install/my_robot_interfaces' for CMake module files
[0.460s] Level 1:colcon.colcon_core.environment:checking '/home/gaetano/Documents/Udemy_Ros/ros2_ws/install/my_robot_interfaces' for CMake config files
[0.460s] Level 1:colcon.colcon_core.shell:create_environment_hook('my_robot_interfaces', 'cmake_prefix_path')
[0.461s] INFO:colcon.colcon_core.shell:Creating environment hook '/home/gaetano/Documents/Udemy_Ros/ros2_ws/install/my_robot_interfaces/share/my_robot_interfaces/hook/cmake_prefix_path.ps1'
[0.462s] INFO:colcon.colcon_core.shell:Creating environment descriptor '/home/gaetano/Documents/Udemy_Ros/ros2_ws/install/my_robot_interfaces/share/my_robot_interfaces/hook/cmake_prefix_path.dsv'
[0.462s] INFO:colcon.colcon_core.shell:Creating environment hook '/home/gaetano/Documents/Udemy_Ros/ros2_ws/install/my_robot_interfaces/share/my_robot_interfaces/hook/cmake_prefix_path.sh'
[0.462s] Level 1:colcon.colcon_core.environment:checking '/home/gaetano/Documents/Udemy_Ros/ros2_ws/install/my_robot_interfaces/lib'
[0.462s] Level 1:colcon.colcon_core.shell:create_environment_hook('my_robot_interfaces', 'ld_library_path_lib')
[0.463s] INFO:colcon.colcon_core.shell:Creating environment hook '/home/gaetano/Documents/Udemy_Ros/ros2_ws/install/my_robot_interfaces/share/my_robot_interfaces/hook/ld_library_path_lib.ps1'
[0.463s] INFO:colcon.colcon_core.shell:Creating environment descriptor '/home/gaetano/Documents/Udemy_Ros/ros2_ws/install/my_robot_interfaces/share/my_robot_interfaces/hook/ld_library_path_lib.dsv'
[0.464s] INFO:colcon.colcon_core.shell:Creating environment hook '/home/gaetano/Documents/Udemy_Ros/ros2_ws/install/my_robot_interfaces/share/my_robot_interfaces/hook/ld_library_path_lib.sh'
[0.464s] Level 1:colcon.colcon_core.environment:checking '/home/gaetano/Documents/Udemy_Ros/ros2_ws/install/my_robot_interfaces/bin'
[0.464s] Level 1:colcon.colcon_core.environment:checking '/home/gaetano/Documents/Udemy_Ros/ros2_ws/install/my_robot_interfaces/lib/pkgconfig/my_robot_interfaces.pc'
[0.464s] Level 1:colcon.colcon_core.environment:checking '/home/gaetano/Documents/Udemy_Ros/ros2_ws/install/my_robot_interfaces/lib/python3.8/site-packages'
[0.464s] Level 1:colcon.colcon_core.shell:create_environment_hook('my_robot_interfaces', 'pythonpath')
[0.465s] INFO:colcon.colcon_core.shell:Creating environment hook '/home/gaetano/Documents/Udemy_Ros/ros2_ws/install/my_robot_interfaces/share/my_robot_interfaces/hook/pythonpath.ps1'
[0.465s] INFO:colcon.colcon_core.shell:Creating environment descriptor '/home/gaetano/Documents/Udemy_Ros/ros2_ws/install/my_robot_interfaces/share/my_robot_interfaces/hook/pythonpath.dsv'
[0.465s] INFO:colcon.colcon_core.shell:Creating environment hook '/home/gaetano/Documents/Udemy_Ros/ros2_ws/install/my_robot_interfaces/share/my_robot_interfaces/hook/pythonpath.sh'
[0.465s] Level 1:colcon.colcon_core.environment:checking '/home/gaetano/Documents/Udemy_Ros/ros2_ws/install/my_robot_interfaces/bin'
[0.466s] INFO:colcon.colcon_core.shell:Creating package script '/home/gaetano/Documents/Udemy_Ros/ros2_ws/install/my_robot_interfaces/share/my_robot_interfaces/package.ps1'
[0.467s] INFO:colcon.colcon_core.shell:Creating package descriptor '/home/gaetano/Documents/Udemy_Ros/ros2_ws/install/my_robot_interfaces/share/my_robot_interfaces/package.dsv'
[0.467s] INFO:colcon.colcon_core.shell:Creating package script '/home/gaetano/Documents/Udemy_Ros/ros2_ws/install/my_robot_interfaces/share/my_robot_interfaces/package.sh'
[0.467s] INFO:colcon.colcon_core.shell:Creating package script '/home/gaetano/Documents/Udemy_Ros/ros2_ws/install/my_robot_interfaces/share/my_robot_interfaces/package.bash'
[0.467s] INFO:colcon.colcon_core.shell:Creating package script '/home/gaetano/Documents/Udemy_Ros/ros2_ws/install/my_robot_interfaces/share/my_robot_interfaces/package.zsh'
[0.468s] Level 1:colcon.colcon_core.environment:create_file_with_runtime_dependencies(/home/gaetano/Documents/Udemy_Ros/ros2_ws/install/my_robot_interfaces/share/colcon-core/packages/my_robot_interfaces)
[0.523s] Level 1:colcon.colcon_core.environment:create_environment_scripts_only(my_robot_interfaces)
[0.524s] Level 1:colcon.colcon_core.environment:checking '/home/gaetano/Documents/Udemy_Ros/ros2_ws/install/my_robot_interfaces' for CMake module files
[0.525s] Level 1:colcon.colcon_core.environment:checking '/home/gaetano/Documents/Udemy_Ros/ros2_ws/install/my_robot_interfaces' for CMake config files
[0.525s] Level 1:colcon.colcon_core.shell:create_environment_hook('my_robot_interfaces', 'cmake_prefix_path')
[0.526s] INFO:colcon.colcon_core.shell:Creating environment hook '/home/gaetano/Documents/Udemy_Ros/ros2_ws/install/my_robot_interfaces/share/my_robot_interfaces/hook/cmake_prefix_path.ps1'
[0.526s] INFO:colcon.colcon_core.shell:Creating environment descriptor '/home/gaetano/Documents/Udemy_Ros/ros2_ws/install/my_robot_interfaces/share/my_robot_interfaces/hook/cmake_prefix_path.dsv'
[0.526s] INFO:colcon.colcon_core.shell:Creating environment hook '/home/gaetano/Documents/Udemy_Ros/ros2_ws/install/my_robot_interfaces/share/my_robot_interfaces/hook/cmake_prefix_path.sh'
[0.526s] Level 1:colcon.colcon_core.environment:checking '/home/gaetano/Documents/Udemy_Ros/ros2_ws/install/my_robot_interfaces/lib'
[0.526s] Level 1:colcon.colcon_core.shell:create_environment_hook('my_robot_interfaces', 'ld_library_path_lib')
[0.527s] INFO:colcon.colcon_core.shell:Creating environment hook '/home/gaetano/Documents/Udemy_Ros/ros2_ws/install/my_robot_interfaces/share/my_robot_interfaces/hook/ld_library_path_lib.ps1'
[0.527s] INFO:colcon.colcon_core.shell:Creating environment descriptor '/home/gaetano/Documents/Udemy_Ros/ros2_ws/install/my_robot_interfaces/share/my_robot_interfaces/hook/ld_library_path_lib.dsv'
[0.528s] INFO:colcon.colcon_core.shell:Creating environment hook '/home/gaetano/Documents/Udemy_Ros/ros2_ws/install/my_robot_interfaces/share/my_robot_interfaces/hook/ld_library_path_lib.sh'
[0.528s] Level 1:colcon.colcon_core.environment:checking '/home/gaetano/Documents/Udemy_Ros/ros2_ws/install/my_robot_interfaces/bin'
[0.528s] Level 1:colcon.colcon_core.environment:checking '/home/gaetano/Documents/Udemy_Ros/ros2_ws/install/my_robot_interfaces/lib/pkgconfig/my_robot_interfaces.pc'
[0.528s] Level 1:colcon.colcon_core.environment:checking '/home/gaetano/Documents/Udemy_Ros/ros2_ws/install/my_robot_interfaces/lib/python3.8/site-packages'
[0.528s] Level 1:colcon.colcon_core.shell:create_environment_hook('my_robot_interfaces', 'pythonpath')
[0.529s] INFO:colcon.colcon_core.shell:Creating environment hook '/home/gaetano/Documents/Udemy_Ros/ros2_ws/install/my_robot_interfaces/share/my_robot_interfaces/hook/pythonpath.ps1'
[0.529s] INFO:colcon.colcon_core.shell:Creating environment descriptor '/home/gaetano/Documents/Udemy_Ros/ros2_ws/install/my_robot_interfaces/share/my_robot_interfaces/hook/pythonpath.dsv'
[0.529s] INFO:colcon.colcon_core.shell:Creating environment hook '/home/gaetano/Documents/Udemy_Ros/ros2_ws/install/my_robot_interfaces/share/my_robot_interfaces/hook/pythonpath.sh'
[0.529s] Level 1:colcon.colcon_core.environment:checking '/home/gaetano/Documents/Udemy_Ros/ros2_ws/install/my_robot_interfaces/bin'
[0.530s] INFO:colcon.colcon_core.shell:Creating package script '/home/gaetano/Documents/Udemy_Ros/ros2_ws/install/my_robot_interfaces/share/my_robot_interfaces/package.ps1'
[0.530s] INFO:colcon.colcon_core.shell:Creating package descriptor '/home/gaetano/Documents/Udemy_Ros/ros2_ws/install/my_robot_interfaces/share/my_robot_interfaces/package.dsv'
[0.531s] INFO:colcon.colcon_core.shell:Creating package script '/home/gaetano/Documents/Udemy_Ros/ros2_ws/install/my_robot_interfaces/share/my_robot_interfaces/package.sh'
[0.531s] INFO:colcon.colcon_core.shell:Creating package script '/home/gaetano/Documents/Udemy_Ros/ros2_ws/install/my_robot_interfaces/share/my_robot_interfaces/package.bash'
[0.531s] INFO:colcon.colcon_core.shell:Creating package script '/home/gaetano/Documents/Udemy_Ros/ros2_ws/install/my_robot_interfaces/share/my_robot_interfaces/package.zsh'
[0.531s] Level 1:colcon.colcon_core.environment:create_file_with_runtime_dependencies(/home/gaetano/Documents/Udemy_Ros/ros2_ws/install/my_robot_interfaces/share/colcon-core/packages/my_robot_interfaces)
[0.531s] INFO:colcon.colcon_ros.task.ament_cmake.build:Building ROS package in '/home/gaetano/Documents/Udemy_Ros/ros2_ws/src/my_cpp_pkg' with build type 'ament_cmake'
[0.531s] INFO:colcon.colcon_cmake.task.cmake.build:Building CMake package in '/home/gaetano/Documents/Udemy_Ros/ros2_ws/src/my_cpp_pkg'
[0.532s] INFO:colcon.colcon_core.shell:Skip shell extension 'powershell' for command environment: Not usable outside of PowerShell
[0.532s] DEBUG:colcon.colcon_core.shell:Skip shell extension 'dsv' for command environment
[0.536s] INFO:colcon.colcon_ros.task.ament_python.build:Building ROS package in '/home/gaetano/Documents/Udemy_Ros/ros2_ws/src/my_py_pkg' with build type 'ament_python'
[0.536s] Level 1:colcon.colcon_core.shell:create_environment_hook('my_py_pkg', 'ament_prefix_path')
[0.537s] INFO:colcon.colcon_core.shell:Creating environment hook '/home/gaetano/Documents/Udemy_Ros/ros2_ws/install/my_py_pkg/share/my_py_pkg/hook/ament_prefix_path.ps1'
[0.537s] INFO:colcon.colcon_core.shell:Creating environment descriptor '/home/gaetano/Documents/Udemy_Ros/ros2_ws/install/my_py_pkg/share/my_py_pkg/hook/ament_prefix_path.dsv'
[0.538s] INFO:colcon.colcon_core.shell:Creating environment hook '/home/gaetano/Documents/Udemy_Ros/ros2_ws/install/my_py_pkg/share/my_py_pkg/hook/ament_prefix_path.sh'
[0.539s] INFO:colcon.colcon_core.shell:Skip shell extension 'powershell' for command environment: Not usable outside of PowerShell
[0.539s] DEBUG:colcon.colcon_core.shell:Skip shell extension 'dsv' for command environment
[0.542s] INFO:colcon.colcon_ros.task.ament_python.build:Building ROS package in '/home/gaetano/Documents/Udemy_Ros/ros2_ws/src/turtlesim_catch_them_all' with build type 'ament_python'
[0.542s] Level 1:colcon.colcon_core.shell:create_environment_hook('turtlesim_catch_them_all', 'ament_prefix_path')
[0.543s] INFO:colcon.colcon_core.shell:Creating environment hook '/home/gaetano/Documents/Udemy_Ros/ros2_ws/install/turtlesim_catch_them_all/share/turtlesim_catch_them_all/hook/ament_prefix_path.ps1'
[0.544s] INFO:colcon.colcon_core.shell:Creating environment descriptor '/home/gaetano/Documents/Udemy_Ros/ros2_ws/install/turtlesim_catch_them_all/share/turtlesim_catch_them_all/hook/ament_prefix_path.dsv'
[0.544s] INFO:colcon.colcon_core.shell:Creating environment hook '/home/gaetano/Documents/Udemy_Ros/ros2_ws/install/turtlesim_catch_them_all/share/turtlesim_catch_them_all/hook/ament_prefix_path.sh'
[0.545s] INFO:colcon.colcon_core.shell:Skip shell extension 'powershell' for command environment: Not usable outside of PowerShell
[0.545s] DEBUG:colcon.colcon_core.shell:Skip shell extension 'dsv' for command environment
[0.552s] DEBUG:colcon.colcon_core.event_handler.log_command:Invoking command in '/home/gaetano/Documents/Udemy_Ros/ros2_ws/build/my_cpp_pkg': AMENT_PREFIX_PATH=/home/gaetano/Documents/Udemy_Ros/ros2_ws/install/my_robot_interfaces:${AMENT_PREFIX_PATH} CMAKE_PREFIX_PATH=/home/gaetano/Documents/Udemy_Ros/ros2_ws/install/my_robot_interfaces:/opt/ros/foxy LD_LIBRARY_PATH=/home/gaetano/Documents/Udemy_Ros/ros2_ws/install/my_robot_interfaces/lib:${LD_LIBRARY_PATH} PYTHONPATH=/home/gaetano/Documents/Udemy_Ros/ros2_ws/install/my_robot_interfaces/lib/python3.8/site-packages:/opt/ros/foxy/lib/python3.8/site-packages:/home/gaetano/SuperGluePretrainedNetwork:/home/gaetano/SuperGluePretrainedNetwork /home/gaetano/.local/bin/cmake --build /home/gaetano/Documents/Udemy_Ros/ros2_ws/build/my_cpp_pkg -- -j20 -l20
[0.695s] INFO:colcon.colcon_core.task.python.build:Building Python package in '/home/gaetano/Documents/Udemy_Ros/ros2_ws/src/my_py_pkg'
[0.696s] INFO:colcon.colcon_core.shell:Skip shell extension 'powershell' for command environment: Not usable outside of PowerShell
[0.696s] DEBUG:colcon.colcon_core.shell:Skip shell extension 'dsv' for command environment
[0.838s] INFO:colcon.colcon_core.task.python.build:Building Python package in '/home/gaetano/Documents/Udemy_Ros/ros2_ws/src/turtlesim_catch_them_all'
[0.839s] INFO:colcon.colcon_core.shell:Skip shell extension 'powershell' for command environment: Not usable outside of PowerShell
[0.839s] DEBUG:colcon.colcon_core.shell:Skip shell extension 'dsv' for command environment
[0.843s] DEBUG:colcon.colcon_core.event_handler.log_command:Invoked command in '/home/gaetano/Documents/Udemy_Ros/ros2_ws/build/my_cpp_pkg' returned '0': AMENT_PREFIX_PATH=/home/gaetano/Documents/Udemy_Ros/ros2_ws/install/my_robot_interfaces:${AMENT_PREFIX_PATH} CMAKE_PREFIX_PATH=/home/gaetano/Documents/Udemy_Ros/ros2_ws/install/my_robot_interfaces:/opt/ros/foxy LD_LIBRARY_PATH=/home/gaetano/Documents/Udemy_Ros/ros2_ws/install/my_robot_interfaces/lib:${LD_LIBRARY_PATH} PYTHONPATH=/home/gaetano/Documents/Udemy_Ros/ros2_ws/install/my_robot_interfaces/lib/python3.8/site-packages:/opt/ros/foxy/lib/python3.8/site-packages:/home/gaetano/SuperGluePretrainedNetwork:/home/gaetano/SuperGluePretrainedNetwork /home/gaetano/.local/bin/cmake --build /home/gaetano/Documents/Udemy_Ros/ros2_ws/build/my_cpp_pkg -- -j20 -l20
[0.881s] DEBUG:colcon.colcon_core.event_handler.log_command:Invoking command in '/home/gaetano/Documents/Udemy_Ros/ros2_ws/build/my_cpp_pkg': AMENT_PREFIX_PATH=/home/gaetano/Documents/Udemy_Ros/ros2_ws/install/my_robot_interfaces:${AMENT_PREFIX_PATH} CMAKE_PREFIX_PATH=/home/gaetano/Documents/Udemy_Ros/ros2_ws/install/my_robot_interfaces:/opt/ros/foxy LD_LIBRARY_PATH=/home/gaetano/Documents/Udemy_Ros/ros2_ws/install/my_robot_interfaces/lib:${LD_LIBRARY_PATH} PYTHONPATH=/home/gaetano/Documents/Udemy_Ros/ros2_ws/install/my_robot_interfaces/lib/python3.8/site-packages:/opt/ros/foxy/lib/python3.8/site-packages:/home/gaetano/SuperGluePretrainedNetwork:/home/gaetano/SuperGluePretrainedNetwork /home/gaetano/.local/bin/cmake --install /home/gaetano/Documents/Udemy_Ros/ros2_ws/build/my_cpp_pkg
[0.909s] Level 1:colcon.colcon_core.environment:create_environment_scripts_only(my_cpp_pkg)
[0.909s] DEBUG:colcon.colcon_core.event_handler.log_command:Invoked command in '/home/gaetano/Documents/Udemy_Ros/ros2_ws/build/my_cpp_pkg' returned '0': AMENT_PREFIX_PATH=/home/gaetano/Documents/Udemy_Ros/ros2_ws/install/my_robot_interfaces:${AMENT_PREFIX_PATH} CMAKE_PREFIX_PATH=/home/gaetano/Documents/Udemy_Ros/ros2_ws/install/my_robot_interfaces:/opt/ros/foxy LD_LIBRARY_PATH=/home/gaetano/Documents/Udemy_Ros/ros2_ws/install/my_robot_interfaces/lib:${LD_LIBRARY_PATH} PYTHONPATH=/home/gaetano/Documents/Udemy_Ros/ros2_ws/install/my_robot_interfaces/lib/python3.8/site-packages:/opt/ros/foxy/lib/python3.8/site-packages:/home/gaetano/SuperGluePretrainedNetwork:/home/gaetano/SuperGluePretrainedNetwork /home/gaetano/.local/bin/cmake --install /home/gaetano/Documents/Udemy_Ros/ros2_ws/build/my_cpp_pkg
[0.911s] Level 1:colcon.colcon_core.environment:checking '/home/gaetano/Documents/Udemy_Ros/ros2_ws/install/my_cpp_pkg' for CMake module files
[0.911s] Level 1:colcon.colcon_core.environment:checking '/home/gaetano/Documents/Udemy_Ros/ros2_ws/install/my_cpp_pkg' for CMake config files
[0.911s] Level 1:colcon.colcon_core.shell:create_environment_hook('my_cpp_pkg', 'cmake_prefix_path')
[0.913s] INFO:colcon.colcon_core.shell:Creating environment hook '/home/gaetano/Documents/Udemy_Ros/ros2_ws/install/my_cpp_pkg/share/my_cpp_pkg/hook/cmake_prefix_path.ps1'
[0.913s] INFO:colcon.colcon_core.shell:Creating environment descriptor '/home/gaetano/Documents/Udemy_Ros/ros2_ws/install/my_cpp_pkg/share/my_cpp_pkg/hook/cmake_prefix_path.dsv'
[0.913s] INFO:colcon.colcon_core.shell:Creating environment hook '/home/gaetano/Documents/Udemy_Ros/ros2_ws/install/my_cpp_pkg/share/my_cpp_pkg/hook/cmake_prefix_path.sh'
[0.914s] Level 1:colcon.colcon_core.environment:checking '/home/gaetano/Documents/Udemy_Ros/ros2_ws/install/my_cpp_pkg/lib'
[0.914s] Level 1:colcon.colcon_core.environment:checking '/home/gaetano/Documents/Udemy_Ros/ros2_ws/install/my_cpp_pkg/bin'
[0.914s] Level 1:colcon.colcon_core.environment:checking '/home/gaetano/Documents/Udemy_Ros/ros2_ws/install/my_cpp_pkg/lib/pkgconfig/my_cpp_pkg.pc'
[0.914s] Level 1:colcon.colcon_core.environment:checking '/home/gaetano/Documents/Udemy_Ros/ros2_ws/install/my_cpp_pkg/lib/python3.8/site-packages'
[0.914s] Level 1:colcon.colcon_core.environment:checking '/home/gaetano/Documents/Udemy_Ros/ros2_ws/install/my_cpp_pkg/bin'
[0.915s] INFO:colcon.colcon_core.shell:Creating package script '/home/gaetano/Documents/Udemy_Ros/ros2_ws/install/my_cpp_pkg/share/my_cpp_pkg/package.ps1'
[0.915s] INFO:colcon.colcon_core.shell:Creating package descriptor '/home/gaetano/Documents/Udemy_Ros/ros2_ws/install/my_cpp_pkg/share/my_cpp_pkg/package.dsv'
[0.916s] INFO:colcon.colcon_core.shell:Creating package script '/home/gaetano/Documents/Udemy_Ros/ros2_ws/install/my_cpp_pkg/share/my_cpp_pkg/package.sh'
[0.916s] INFO:colcon.colcon_core.shell:Creating package script '/home/gaetano/Documents/Udemy_Ros/ros2_ws/install/my_cpp_pkg/share/my_cpp_pkg/package.bash'
[0.916s] INFO:colcon.colcon_core.shell:Creating package script '/home/gaetano/Documents/Udemy_Ros/ros2_ws/install/my_cpp_pkg/share/my_cpp_pkg/package.zsh'
[0.916s] Level 1:colcon.colcon_core.environment:create_file_with_runtime_dependencies(/home/gaetano/Documents/Udemy_Ros/ros2_ws/install/my_cpp_pkg/share/colcon-core/packages/my_cpp_pkg)
[0.963s] Level 1:colcon.colcon_core.environment:create_environment_scripts_only(my_cpp_pkg)
[0.965s] Level 1:colcon.colcon_core.environment:checking '/home/gaetano/Documents/Udemy_Ros/ros2_ws/install/my_cpp_pkg' for CMake module files
[0.965s] Level 1:colcon.colcon_core.environment:checking '/home/gaetano/Documents/Udemy_Ros/ros2_ws/install/my_cpp_pkg' for CMake config files
[0.965s] Level 1:colcon.colcon_core.shell:create_environment_hook('my_cpp_pkg', 'cmake_prefix_path')
[0.966s] INFO:colcon.colcon_core.shell:Creating environment hook '/home/gaetano/Documents/Udemy_Ros/ros2_ws/install/my_cpp_pkg/share/my_cpp_pkg/hook/cmake_prefix_path.ps1'
[0.967s] INFO:colcon.colcon_core.shell:Creating environment descriptor '/home/gaetano/Documents/Udemy_Ros/ros2_ws/install/my_cpp_pkg/share/my_cpp_pkg/hook/cmake_prefix_path.dsv'
[0.967s] INFO:colcon.colcon_core.shell:Creating environment hook '/home/gaetano/Documents/Udemy_Ros/ros2_ws/install/my_cpp_pkg/share/my_cpp_pkg/hook/cmake_prefix_path.sh'
[0.967s] Level 1:colcon.colcon_core.environment:checking '/home/gaetano/Documents/Udemy_Ros/ros2_ws/install/my_cpp_pkg/lib'
[0.967s] Level 1:colcon.colcon_core.environment:checking '/home/gaetano/Documents/Udemy_Ros/ros2_ws/install/my_cpp_pkg/bin'
[0.968s] Level 1:colcon.colcon_core.environment:checking '/home/gaetano/Documents/Udemy_Ros/ros2_ws/install/my_cpp_pkg/lib/pkgconfig/my_cpp_pkg.pc'
[0.968s] Level 1:colcon.colcon_core.environment:checking '/home/gaetano/Documents/Udemy_Ros/ros2_ws/install/my_cpp_pkg/lib/python3.8/site-packages'
[0.968s] Level 1:colcon.colcon_core.environment:checking '/home/gaetano/Documents/Udemy_Ros/ros2_ws/install/my_cpp_pkg/bin'
[0.969s] INFO:colcon.colcon_core.shell:Creating package script '/home/gaetano/Documents/Udemy_Ros/ros2_ws/install/my_cpp_pkg/share/my_cpp_pkg/package.ps1'
[0.969s] INFO:colcon.colcon_core.shell:Creating package descriptor '/home/gaetano/Documents/Udemy_Ros/ros2_ws/install/my_cpp_pkg/share/my_cpp_pkg/package.dsv'
[0.969s] INFO:colcon.colcon_core.shell:Creating package script '/home/gaetano/Documents/Udemy_Ros/ros2_ws/install/my_cpp_pkg/share/my_cpp_pkg/package.sh'
[0.970s] INFO:colcon.colcon_core.shell:Creating package script '/home/gaetano/Documents/Udemy_Ros/ros2_ws/install/my_cpp_pkg/share/my_cpp_pkg/package.bash'
[0.970s] INFO:colcon.colcon_core.shell:Creating package script '/home/gaetano/Documents/Udemy_Ros/ros2_ws/install/my_cpp_pkg/share/my_cpp_pkg/package.zsh'
[0.970s] Level 1:colcon.colcon_core.environment:create_file_with_runtime_dependencies(/home/gaetano/Documents/Udemy_Ros/ros2_ws/install/my_cpp_pkg/share/colcon-core/packages/my_cpp_pkg)
[1.122s] DEBUG:colcon.colcon_core.event_handler.log_command:Invoking command in '/home/gaetano/Documents/Udemy_Ros/ros2_ws/build/my_py_pkg': AMENT_PREFIX_PATH=/home/gaetano/Documents/Udemy_Ros/ros2_ws/install/my_robot_interfaces:${AMENT_PREFIX_PATH} CMAKE_PREFIX_PATH=/home/gaetano/Documents/Udemy_Ros/ros2_ws/install/my_robot_interfaces LD_LIBRARY_PATH=/home/gaetano/Documents/Udemy_Ros/ros2_ws/install/my_robot_interfaces/lib:${LD_LIBRARY_PATH} PYTHONPATH=/home/gaetano/Documents/Udemy_Ros/ros2_ws/build/my_py_pkg/prefix_override:/home/gaetano/Documents/Udemy_Ros/ros2_ws/install/my_py_pkg/lib/python3.8/site-packages:/home/gaetano/Documents/Udemy_Ros/ros2_ws/install/my_robot_interfaces/lib/python3.8/site-packages:/opt/ros/foxy/lib/python3.8/site-packages:/home/gaetano/SuperGluePretrainedNetwork:/home/gaetano/SuperGluePretrainedNetwork /usr/bin/python3 setup.py develop --uninstall --editable --build-directory /home/gaetano/Documents/Udemy_Ros/ros2_ws/build/my_py_pkg/build
[1.126s] DEBUG:colcon.colcon_core.event_handler.log_command:Invoking command in '/home/gaetano/Documents/Udemy_Ros/ros2_ws/src/turtlesim_catch_them_all': AMENT_PREFIX_PATH=/home/gaetano/Documents/Udemy_Ros/ros2_ws/install/my_robot_interfaces:${AMENT_PREFIX_PATH} CMAKE_PREFIX_PATH=/home/gaetano/Documents/Udemy_Ros/ros2_ws/install/my_robot_interfaces LD_LIBRARY_PATH=/home/gaetano/Documents/Udemy_Ros/ros2_ws/install/my_robot_interfaces/lib:${LD_LIBRARY_PATH} PYTHONPATH=/home/gaetano/Documents/Udemy_Ros/ros2_ws/build/turtlesim_catch_them_all/prefix_override:/home/gaetano/Documents/Udemy_Ros/ros2_ws/install/turtlesim_catch_them_all/lib/python3.8/site-packages:/home/gaetano/Documents/Udemy_Ros/ros2_ws/install/my_robot_interfaces/lib/python3.8/site-packages:/opt/ros/foxy/lib/python3.8/site-packages:/home/gaetano/SuperGluePretrainedNetwork:/home/gaetano/SuperGluePretrainedNetwork /usr/bin/python3 setup.py egg_info --egg-base ../../build/turtlesim_catch_them_all build --build-base /home/gaetano/Documents/Udemy_Ros/ros2_ws/build/turtlesim_catch_them_all/build install --record /home/gaetano/Documents/Udemy_Ros/ros2_ws/build/turtlesim_catch_them_all/install.log --single-version-externally-managed
[1.313s] Level 1:colcon.colcon_core.environment:checking '/home/gaetano/Documents/Udemy_Ros/ros2_ws/install/turtlesim_catch_them_all' for CMake module files
[1.313s] DEBUG:colcon.colcon_core.event_handler.log_command:Invoked command in '/home/gaetano/Documents/Udemy_Ros/ros2_ws/src/turtlesim_catch_them_all' returned '0': AMENT_PREFIX_PATH=/home/gaetano/Documents/Udemy_Ros/ros2_ws/install/my_robot_interfaces:${AMENT_PREFIX_PATH} CMAKE_PREFIX_PATH=/home/gaetano/Documents/Udemy_Ros/ros2_ws/install/my_robot_interfaces LD_LIBRARY_PATH=/home/gaetano/Documents/Udemy_Ros/ros2_ws/install/my_robot_interfaces/lib:${LD_LIBRARY_PATH} PYTHONPATH=/home/gaetano/Documents/Udemy_Ros/ros2_ws/build/turtlesim_catch_them_all/prefix_override:/home/gaetano/Documents/Udemy_Ros/ros2_ws/install/turtlesim_catch_them_all/lib/python3.8/site-packages:/home/gaetano/Documents/Udemy_Ros/ros2_ws/install/my_robot_interfaces/lib/python3.8/site-packages:/opt/ros/foxy/lib/python3.8/site-packages:/home/gaetano/SuperGluePretrainedNetwork:/home/gaetano/SuperGluePretrainedNetwork /usr/bin/python3 setup.py egg_info --egg-base ../../build/turtlesim_catch_them_all build --build-base /home/gaetano/Documents/Udemy_Ros/ros2_ws/build/turtlesim_catch_them_all/build install --record /home/gaetano/Documents/Udemy_Ros/ros2_ws/build/turtlesim_catch_them_all/install.log --single-version-externally-managed
[1.313s] Level 1:colcon.colcon_core.environment:checking '/home/gaetano/Documents/Udemy_Ros/ros2_ws/install/turtlesim_catch_them_all' for CMake config files
[1.314s] Level 1:colcon.colcon_core.environment:checking '/home/gaetano/Documents/Udemy_Ros/ros2_ws/install/turtlesim_catch_them_all/lib'
[1.314s] Level 1:colcon.colcon_core.environment:checking '/home/gaetano/Documents/Udemy_Ros/ros2_ws/install/turtlesim_catch_them_all/bin'
[1.314s] Level 1:colcon.colcon_core.environment:checking '/home/gaetano/Documents/Udemy_Ros/ros2_ws/install/turtlesim_catch_them_all/lib/pkgconfig/turtlesim_catch_them_all.pc'
[1.314s] Level 1:colcon.colcon_core.environment:checking '/home/gaetano/Documents/Udemy_Ros/ros2_ws/install/turtlesim_catch_them_all/lib/python3.8/site-packages'
[1.314s] Level 1:colcon.colcon_core.shell:create_environment_hook('turtlesim_catch_them_all', 'pythonpath')
[1.315s] INFO:colcon.colcon_core.shell:Creating environment hook '/home/gaetano/Documents/Udemy_Ros/ros2_ws/install/turtlesim_catch_them_all/share/turtlesim_catch_them_all/hook/pythonpath.ps1'
[1.315s] INFO:colcon.colcon_core.shell:Creating environment descriptor '/home/gaetano/Documents/Udemy_Ros/ros2_ws/install/turtlesim_catch_them_all/share/turtlesim_catch_them_all/hook/pythonpath.dsv'
[1.316s] INFO:colcon.colcon_core.shell:Creating environment hook '/home/gaetano/Documents/Udemy_Ros/ros2_ws/install/turtlesim_catch_them_all/share/turtlesim_catch_them_all/hook/pythonpath.sh'
[1.316s] Level 1:colcon.colcon_core.environment:checking '/home/gaetano/Documents/Udemy_Ros/ros2_ws/install/turtlesim_catch_them_all/bin'
[1.316s] Level 1:colcon.colcon_core.environment:create_environment_scripts_only(turtlesim_catch_them_all)
[1.317s] INFO:colcon.colcon_core.shell:Creating package script '/home/gaetano/Documents/Udemy_Ros/ros2_ws/install/turtlesim_catch_them_all/share/turtlesim_catch_them_all/package.ps1'
[1.317s] INFO:colcon.colcon_core.shell:Creating package descriptor '/home/gaetano/Documents/Udemy_Ros/ros2_ws/install/turtlesim_catch_them_all/share/turtlesim_catch_them_all/package.dsv'
[1.318s] INFO:colcon.colcon_core.shell:Creating package script '/home/gaetano/Documents/Udemy_Ros/ros2_ws/install/turtlesim_catch_them_all/share/turtlesim_catch_them_all/package.sh'
[1.318s] INFO:colcon.colcon_core.shell:Creating package script '/home/gaetano/Documents/Udemy_Ros/ros2_ws/install/turtlesim_catch_them_all/share/turtlesim_catch_them_all/package.bash'
[1.318s] INFO:colcon.colcon_core.shell:Creating package script '/home/gaetano/Documents/Udemy_Ros/ros2_ws/install/turtlesim_catch_them_all/share/turtlesim_catch_them_all/package.zsh'
[1.318s] Level 1:colcon.colcon_core.environment:create_file_with_runtime_dependencies(/home/gaetano/Documents/Udemy_Ros/ros2_ws/install/turtlesim_catch_them_all/share/colcon-core/packages/turtlesim_catch_them_all)
[1.406s] DEBUG:colcon.colcon_core.event_handler.log_command:Invoked command in '/home/gaetano/Documents/Udemy_Ros/ros2_ws/build/my_py_pkg' returned '0': AMENT_PREFIX_PATH=/home/gaetano/Documents/Udemy_Ros/ros2_ws/install/my_robot_interfaces:${AMENT_PREFIX_PATH} CMAKE_PREFIX_PATH=/home/gaetano/Documents/Udemy_Ros/ros2_ws/install/my_robot_interfaces LD_LIBRARY_PATH=/home/gaetano/Documents/Udemy_Ros/ros2_ws/install/my_robot_interfaces/lib:${LD_LIBRARY_PATH} PYTHONPATH=/home/gaetano/Documents/Udemy_Ros/ros2_ws/build/my_py_pkg/prefix_override:/home/gaetano/Documents/Udemy_Ros/ros2_ws/install/my_py_pkg/lib/python3.8/site-packages:/home/gaetano/Documents/Udemy_Ros/ros2_ws/install/my_robot_interfaces/lib/python3.8/site-packages:/opt/ros/foxy/lib/python3.8/site-packages:/home/gaetano/SuperGluePretrainedNetwork:/home/gaetano/SuperGluePretrainedNetwork /usr/bin/python3 setup.py develop --uninstall --editable --build-directory /home/gaetano/Documents/Udemy_Ros/ros2_ws/build/my_py_pkg/build
[1.408s] DEBUG:colcon.colcon_core.event_handler.log_command:Invoking command in '/home/gaetano/Documents/Udemy_Ros/ros2_ws/src/my_py_pkg': AMENT_PREFIX_PATH=/home/gaetano/Documents/Udemy_Ros/ros2_ws/install/my_robot_interfaces:${AMENT_PREFIX_PATH} CMAKE_PREFIX_PATH=/home/gaetano/Documents/Udemy_Ros/ros2_ws/install/my_robot_interfaces LD_LIBRARY_PATH=/home/gaetano/Documents/Udemy_Ros/ros2_ws/install/my_robot_interfaces/lib:${LD_LIBRARY_PATH} PYTHONPATH=/home/gaetano/Documents/Udemy_Ros/ros2_ws/build/my_py_pkg/prefix_override:/home/gaetano/Documents/Udemy_Ros/ros2_ws/install/my_py_pkg/lib/python3.8/site-packages:/home/gaetano/Documents/Udemy_Ros/ros2_ws/install/my_robot_interfaces/lib/python3.8/site-packages:/opt/ros/foxy/lib/python3.8/site-packages:/home/gaetano/SuperGluePretrainedNetwork:/home/gaetano/SuperGluePretrainedNetwork /usr/bin/python3 setup.py egg_info --egg-base ../../build/my_py_pkg build --build-base /home/gaetano/Documents/Udemy_Ros/ros2_ws/build/my_py_pkg/build install --record /home/gaetano/Documents/Udemy_Ros/ros2_ws/build/my_py_pkg/install.log --single-version-externally-managed
[1.594s] Level 1:colcon.colcon_core.environment:checking '/home/gaetano/Documents/Udemy_Ros/ros2_ws/install/my_py_pkg' for CMake module files
[1.594s] DEBUG:colcon.colcon_core.event_handler.log_command:Invoked command in '/home/gaetano/Documents/Udemy_Ros/ros2_ws/src/my_py_pkg' returned '0': AMENT_PREFIX_PATH=/home/gaetano/Documents/Udemy_Ros/ros2_ws/install/my_robot_interfaces:${AMENT_PREFIX_PATH} CMAKE_PREFIX_PATH=/home/gaetano/Documents/Udemy_Ros/ros2_ws/install/my_robot_interfaces LD_LIBRARY_PATH=/home/gaetano/Documents/Udemy_Ros/ros2_ws/install/my_robot_interfaces/lib:${LD_LIBRARY_PATH} PYTHONPATH=/home/gaetano/Documents/Udemy_Ros/ros2_ws/build/my_py_pkg/prefix_override:/home/gaetano/Documents/Udemy_Ros/ros2_ws/install/my_py_pkg/lib/python3.8/site-packages:/home/gaetano/Documents/Udemy_Ros/ros2_ws/install/my_robot_interfaces/lib/python3.8/site-packages:/opt/ros/foxy/lib/python3.8/site-packages:/home/gaetano/SuperGluePretrainedNetwork:/home/gaetano/SuperGluePretrainedNetwork /usr/bin/python3 setup.py egg_info --egg-base ../../build/my_py_pkg build --build-base /home/gaetano/Documents/Udemy_Ros/ros2_ws/build/my_py_pkg/build install --record /home/gaetano/Documents/Udemy_Ros/ros2_ws/build/my_py_pkg/install.log --single-version-externally-managed
[1.594s] Level 1:colcon.colcon_core.environment:checking '/home/gaetano/Documents/Udemy_Ros/ros2_ws/install/my_py_pkg' for CMake config files
[1.595s] Level 1:colcon.colcon_core.environment:checking '/home/gaetano/Documents/Udemy_Ros/ros2_ws/install/my_py_pkg/lib'
[1.595s] Level 1:colcon.colcon_core.environment:checking '/home/gaetano/Documents/Udemy_Ros/ros2_ws/install/my_py_pkg/bin'
[1.595s] Level 1:colcon.colcon_core.environment:checking '/home/gaetano/Documents/Udemy_Ros/ros2_ws/install/my_py_pkg/lib/pkgconfig/my_py_pkg.pc'
[1.595s] Level 1:colcon.colcon_core.environment:checking '/home/gaetano/Documents/Udemy_Ros/ros2_ws/install/my_py_pkg/lib/python3.8/site-packages'
[1.595s] Level 1:colcon.colcon_core.shell:create_environment_hook('my_py_pkg', 'pythonpath')
[1.596s] INFO:colcon.colcon_core.shell:Creating environment hook '/home/gaetano/Documents/Udemy_Ros/ros2_ws/install/my_py_pkg/share/my_py_pkg/hook/pythonpath.ps1'
[1.596s] INFO:colcon.colcon_core.shell:Creating environment descriptor '/home/gaetano/Documents/Udemy_Ros/ros2_ws/install/my_py_pkg/share/my_py_pkg/hook/pythonpath.dsv'
[1.596s] INFO:colcon.colcon_core.shell:Creating environment hook '/home/gaetano/Documents/Udemy_Ros/ros2_ws/install/my_py_pkg/share/my_py_pkg/hook/pythonpath.sh'
[1.597s] Level 1:colcon.colcon_core.environment:checking '/home/gaetano/Documents/Udemy_Ros/ros2_ws/install/my_py_pkg/bin'
[1.597s] Level 1:colcon.colcon_core.environment:create_environment_scripts_only(my_py_pkg)
[1.598s] INFO:colcon.colcon_core.shell:Creating package script '/home/gaetano/Documents/Udemy_Ros/ros2_ws/install/my_py_pkg/share/my_py_pkg/package.ps1'
[1.598s] INFO:colcon.colcon_core.shell:Creating package descriptor '/home/gaetano/Documents/Udemy_Ros/ros2_ws/install/my_py_pkg/share/my_py_pkg/package.dsv'
[1.598s] INFO:colcon.colcon_core.shell:Creating package script '/home/gaetano/Documents/Udemy_Ros/ros2_ws/install/my_py_pkg/share/my_py_pkg/package.sh'
[1.598s] INFO:colcon.colcon_core.shell:Creating package script '/home/gaetano/Documents/Udemy_Ros/ros2_ws/install/my_py_pkg/share/my_py_pkg/package.bash'
[1.598s] INFO:colcon.colcon_core.shell:Creating package script '/home/gaetano/Documents/Udemy_Ros/ros2_ws/install/my_py_pkg/share/my_py_pkg/package.zsh'
[1.598s] Level 1:colcon.colcon_core.environment:create_file_with_runtime_dependencies(/home/gaetano/Documents/Udemy_Ros/ros2_ws/install/my_py_pkg/share/colcon-core/packages/my_py_pkg)
[1.599s] INFO:colcon.colcon_ros.task.ament_cmake.build:Building ROS package in '/home/gaetano/Documents/Udemy_Ros/ros2_ws/src/my_robot_bringup' with build type 'ament_cmake'
[1.599s] INFO:colcon.colcon_cmake.task.cmake.build:Building CMake package in '/home/gaetano/Documents/Udemy_Ros/ros2_ws/src/my_robot_bringup'
[1.599s] INFO:colcon.colcon_core.shell:Skip shell extension 'powershell' for command environment: Not usable outside of PowerShell
[1.600s] DEBUG:colcon.colcon_core.shell:Skip shell extension 'dsv' for command environment
[1.609s] DEBUG:colcon.colcon_core.event_handler.log_command:Invoking command in '/home/gaetano/Documents/Udemy_Ros/ros2_ws/build/my_robot_bringup': AMENT_PREFIX_PATH=/home/gaetano/Documents/Udemy_Ros/ros2_ws/install/my_py_pkg:/home/gaetano/Documents/Udemy_Ros/ros2_ws/install/my_cpp_pkg:/home/gaetano/Documents/Udemy_Ros/ros2_ws/install/my_robot_interfaces:${AMENT_PREFIX_PATH} CMAKE_PREFIX_PATH=/home/gaetano/Documents/Udemy_Ros/ros2_ws/install/my_cpp_pkg:/home/gaetano/Documents/Udemy_Ros/ros2_ws/install/my_robot_interfaces:/opt/ros/foxy LD_LIBRARY_PATH=/home/gaetano/Documents/Udemy_Ros/ros2_ws/install/my_robot_interfaces/lib:${LD_LIBRARY_PATH} PYTHONPATH=/home/gaetano/Documents/Udemy_Ros/ros2_ws/install/my_py_pkg/lib/python3.8/site-packages:/home/gaetano/Documents/Udemy_Ros/ros2_ws/install/my_robot_interfaces/lib/python3.8/site-packages:/opt/ros/foxy/lib/python3.8/site-packages:/home/gaetano/SuperGluePretrainedNetwork:/home/gaetano/SuperGluePretrainedNetwork /home/gaetano/.local/bin/cmake --build /home/gaetano/Documents/Udemy_Ros/ros2_ws/build/my_robot_bringup -- -j20 -l20
[1.634s] DEBUG:colcon.colcon_core.event_handler.log_command:Invoked command in '/home/gaetano/Documents/Udemy_Ros/ros2_ws/build/my_robot_bringup' returned '0': AMENT_PREFIX_PATH=/home/gaetano/Documents/Udemy_Ros/ros2_ws/install/my_py_pkg:/home/gaetano/Documents/Udemy_Ros/ros2_ws/install/my_cpp_pkg:/home/gaetano/Documents/Udemy_Ros/ros2_ws/install/my_robot_interfaces:${AMENT_PREFIX_PATH} CMAKE_PREFIX_PATH=/home/gaetano/Documents/Udemy_Ros/ros2_ws/install/my_cpp_pkg:/home/gaetano/Documents/Udemy_Ros/ros2_ws/install/my_robot_interfaces:/opt/ros/foxy LD_LIBRARY_PATH=/home/gaetano/Documents/Udemy_Ros/ros2_ws/install/my_robot_interfaces/lib:${LD_LIBRARY_PATH} PYTHONPATH=/home/gaetano/Documents/Udemy_Ros/ros2_ws/install/my_py_pkg/lib/python3.8/site-packages:/home/gaetano/Documents/Udemy_Ros/ros2_ws/install/my_robot_interfaces/lib/python3.8/site-packages:/opt/ros/foxy/lib/python3.8/site-packages:/home/gaetano/SuperGluePretrainedNetwork:/home/gaetano/SuperGluePretrainedNetwork /home/gaetano/.local/bin/cmake --build /home/gaetano/Documents/Udemy_Ros/ros2_ws/build/my_robot_bringup -- -j20 -l20
[1.658s] DEBUG:colcon.colcon_core.event_handler.log_command:Invoking command in '/home/gaetano/Documents/Udemy_Ros/ros2_ws/build/my_robot_bringup': AMENT_PREFIX_PATH=/home/gaetano/Documents/Udemy_Ros/ros2_ws/install/my_py_pkg:/home/gaetano/Documents/Udemy_Ros/ros2_ws/install/my_cpp_pkg:/home/gaetano/Documents/Udemy_Ros/ros2_ws/install/my_robot_interfaces:${AMENT_PREFIX_PATH} CMAKE_PREFIX_PATH=/home/gaetano/Documents/Udemy_Ros/ros2_ws/install/my_cpp_pkg:/home/gaetano/Documents/Udemy_Ros/ros2_ws/install/my_robot_interfaces:/opt/ros/foxy LD_LIBRARY_PATH=/home/gaetano/Documents/Udemy_Ros/ros2_ws/install/my_robot_interfaces/lib:${LD_LIBRARY_PATH} PYTHONPATH=/home/gaetano/Documents/Udemy_Ros/ros2_ws/install/my_py_pkg/lib/python3.8/site-packages:/home/gaetano/Documents/Udemy_Ros/ros2_ws/install/my_robot_interfaces/lib/python3.8/site-packages:/opt/ros/foxy/lib/python3.8/site-packages:/home/gaetano/SuperGluePretrainedNetwork:/home/gaetano/SuperGluePretrainedNetwork /home/gaetano/.local/bin/cmake --install /home/gaetano/Documents/Udemy_Ros/ros2_ws/build/my_robot_bringup
[1.683s] Level 1:colcon.colcon_core.environment:create_environment_scripts_only(my_robot_bringup)
[1.685s] Level 1:colcon.colcon_core.environment:checking '/home/gaetano/Documents/Udemy_Ros/ros2_ws/install/my_robot_bringup' for CMake module files
[1.685s] DEBUG:colcon.colcon_core.event_handler.log_command:Invoked command in '/home/gaetano/Documents/Udemy_Ros/ros2_ws/build/my_robot_bringup' returned '0': AMENT_PREFIX_PATH=/home/gaetano/Documents/Udemy_Ros/ros2_ws/install/my_py_pkg:/home/gaetano/Documents/Udemy_Ros/ros2_ws/install/my_cpp_pkg:/home/gaetano/Documents/Udemy_Ros/ros2_ws/install/my_robot_interfaces:${AMENT_PREFIX_PATH} CMAKE_PREFIX_PATH=/home/gaetano/Documents/Udemy_Ros/ros2_ws/install/my_cpp_pkg:/home/gaetano/Documents/Udemy_Ros/ros2_ws/install/my_robot_interfaces:/opt/ros/foxy LD_LIBRARY_PATH=/home/gaetano/Documents/Udemy_Ros/ros2_ws/install/my_robot_interfaces/lib:${LD_LIBRARY_PATH} PYTHONPATH=/home/gaetano/Documents/Udemy_Ros/ros2_ws/install/my_py_pkg/lib/python3.8/site-packages:/home/gaetano/Documents/Udemy_Ros/ros2_ws/install/my_robot_interfaces/lib/python3.8/site-packages:/opt/ros/foxy/lib/python3.8/site-packages:/home/gaetano/SuperGluePretrainedNetwork:/home/gaetano/SuperGluePretrainedNetwork /home/gaetano/.local/bin/cmake --install /home/gaetano/Documents/Udemy_Ros/ros2_ws/build/my_robot_bringup
[1.685s] Level 1:colcon.colcon_core.environment:checking '/home/gaetano/Documents/Udemy_Ros/ros2_ws/install/my_robot_bringup' for CMake config files
[1.685s] Level 1:colcon.colcon_core.shell:create_environment_hook('my_robot_bringup', 'cmake_prefix_path')
[1.686s] INFO:colcon.colcon_core.shell:Creating environment hook '/home/gaetano/Documents/Udemy_Ros/ros2_ws/install/my_robot_bringup/share/my_robot_bringup/hook/cmake_prefix_path.ps1'
[1.687s] INFO:colcon.colcon_core.shell:Creating environment descriptor '/home/gaetano/Documents/Udemy_Ros/ros2_ws/install/my_robot_bringup/share/my_robot_bringup/hook/cmake_prefix_path.dsv'
[1.687s] INFO:colcon.colcon_core.shell:Creating environment hook '/home/gaetano/Documents/Udemy_Ros/ros2_ws/install/my_robot_bringup/share/my_robot_bringup/hook/cmake_prefix_path.sh'
[1.687s] Level 1:colcon.colcon_core.environment:checking '/home/gaetano/Documents/Udemy_Ros/ros2_ws/install/my_robot_bringup/bin'
[1.687s] Level 1:colcon.colcon_core.environment:checking '/home/gaetano/Documents/Udemy_Ros/ros2_ws/install/my_robot_bringup/lib/pkgconfig/my_robot_bringup.pc'
[1.687s] Level 1:colcon.colcon_core.environment:checking '/home/gaetano/Documents/Udemy_Ros/ros2_ws/install/my_robot_bringup/lib/python3.8/site-packages'
[1.687s] Level 1:colcon.colcon_core.environment:checking '/home/gaetano/Documents/Udemy_Ros/ros2_ws/install/my_robot_bringup/bin'
[1.688s] INFO:colcon.colcon_core.shell:Creating package script '/home/gaetano/Documents/Udemy_Ros/ros2_ws/install/my_robot_bringup/share/my_robot_bringup/package.ps1'
[1.688s] INFO:colcon.colcon_core.shell:Creating package descriptor '/home/gaetano/Documents/Udemy_Ros/ros2_ws/install/my_robot_bringup/share/my_robot_bringup/package.dsv'
[1.689s] INFO:colcon.colcon_core.shell:Creating package script '/home/gaetano/Documents/Udemy_Ros/ros2_ws/install/my_robot_bringup/share/my_robot_bringup/package.sh'
[1.689s] INFO:colcon.colcon_core.shell:Creating package script '/home/gaetano/Documents/Udemy_Ros/ros2_ws/install/my_robot_bringup/share/my_robot_bringup/package.bash'
[1.689s] INFO:colcon.colcon_core.shell:Creating package script '/home/gaetano/Documents/Udemy_Ros/ros2_ws/install/my_robot_bringup/share/my_robot_bringup/package.zsh'
[1.689s] Level 1:colcon.colcon_core.environment:create_file_with_runtime_dependencies(/home/gaetano/Documents/Udemy_Ros/ros2_ws/install/my_robot_bringup/share/colcon-core/packages/my_robot_bringup)
[1.717s] Level 1:colcon.colcon_core.environment:create_environment_scripts_only(my_robot_bringup)
[1.718s] Level 1:colcon.colcon_core.environment:checking '/home/gaetano/Documents/Udemy_Ros/ros2_ws/install/my_robot_bringup' for CMake module files
[1.718s] Level 1:colcon.colcon_core.environment:checking '/home/gaetano/Documents/Udemy_Ros/ros2_ws/install/my_robot_bringup' for CMake config files
[1.718s] Level 1:colcon.colcon_core.shell:create_environment_hook('my_robot_bringup', 'cmake_prefix_path')
[1.719s] INFO:colcon.colcon_core.shell:Creating environment hook '/home/gaetano/Documents/Udemy_Ros/ros2_ws/install/my_robot_bringup/share/my_robot_bringup/hook/cmake_prefix_path.ps1'
[1.719s] INFO:colcon.colcon_core.shell:Creating environment descriptor '/home/gaetano/Documents/Udemy_Ros/ros2_ws/install/my_robot_bringup/share/my_robot_bringup/hook/cmake_prefix_path.dsv'
[1.719s] INFO:colcon.colcon_core.shell:Creating environment hook '/home/gaetano/Documents/Udemy_Ros/ros2_ws/install/my_robot_bringup/share/my_robot_bringup/hook/cmake_prefix_path.sh'
[1.720s] Level 1:colcon.colcon_core.environment:checking '/home/gaetano/Documents/Udemy_Ros/ros2_ws/install/my_robot_bringup/bin'
[1.720s] Level 1:colcon.colcon_core.environment:checking '/home/gaetano/Documents/Udemy_Ros/ros2_ws/install/my_robot_bringup/lib/pkgconfig/my_robot_bringup.pc'
[1.720s] Level 1:colcon.colcon_core.environment:checking '/home/gaetano/Documents/Udemy_Ros/ros2_ws/install/my_robot_bringup/lib/python3.8/site-packages'
[1.720s] Level 1:colcon.colcon_core.environment:checking '/home/gaetano/Documents/Udemy_Ros/ros2_ws/install/my_robot_bringup/bin'
[1.721s] INFO:colcon.colcon_core.shell:Creating package script '/home/gaetano/Documents/Udemy_Ros/ros2_ws/install/my_robot_bringup/share/my_robot_bringup/package.ps1'
[1.721s] INFO:colcon.colcon_core.shell:Creating package descriptor '/home/gaetano/Documents/Udemy_Ros/ros2_ws/install/my_robot_bringup/share/my_robot_bringup/package.dsv'
[1.721s] INFO:colcon.colcon_core.shell:Creating package script '/home/gaetano/Documents/Udemy_Ros/ros2_ws/install/my_robot_bringup/share/my_robot_bringup/package.sh'
[1.721s] INFO:colcon.colcon_core.shell:Creating package script '/home/gaetano/Documents/Udemy_Ros/ros2_ws/install/my_robot_bringup/share/my_robot_bringup/package.bash'
[1.722s] INFO:colcon.colcon_core.shell:Creating package script '/home/gaetano/Documents/Udemy_Ros/ros2_ws/install/my_robot_bringup/share/my_robot_bringup/package.zsh'
[1.722s] Level 1:colcon.colcon_core.environment:create_file_with_runtime_dependencies(/home/gaetano/Documents/Udemy_Ros/ros2_ws/install/my_robot_bringup/share/colcon-core/packages/my_robot_bringup)
[1.722s] DEBUG:colcon.colcon_parallel_executor.executor.parallel:closing loop
[1.722s] DEBUG:colcon.colcon_parallel_executor.executor.parallel:loop closed
[1.722s] DEBUG:colcon.colcon_parallel_executor.executor.parallel:run_until_complete finished with '0'
[1.722s] DEBUG:colcon.colcon_core.event_reactor:joining thread
[1.726s] INFO:colcon.colcon_core.plugin_system:Skipping extension 'colcon_notification.desktop_notification.terminal_notifier': Not used on non-Darwin systems
[1.726s] INFO:colcon.colcon_core.plugin_system:Skipping extension 'colcon_notification.desktop_notification.win32': Not used on non-Windows systems
[1.726s] INFO:colcon.colcon_notification.desktop_notification:Sending desktop notification using 'notify2'
[1.734s] DEBUG:colcon.colcon_core.event_reactor:joined thread
[1.736s] INFO:colcon.colcon_core.shell:Creating prefix script '/home/gaetano/Documents/Udemy_Ros/ros2_ws/install/local_setup.ps1'
[1.736s] INFO:colcon.colcon_core.shell:Creating prefix util module '/home/gaetano/Documents/Udemy_Ros/ros2_ws/install/_local_setup_util_ps1.py'
[1.737s] INFO:colcon.colcon_core.shell:Creating prefix chain script '/home/gaetano/Documents/Udemy_Ros/ros2_ws/install/setup.ps1'
[1.737s] INFO:colcon.colcon_core.shell:Creating prefix script '/home/gaetano/Documents/Udemy_Ros/ros2_ws/install/local_setup.sh'
[1.738s] INFO:colcon.colcon_core.shell:Creating prefix util module '/home/gaetano/Documents/Udemy_Ros/ros2_ws/install/_local_setup_util_sh.py'
[1.738s] INFO:colcon.colcon_core.shell:Creating prefix chain script '/home/gaetano/Documents/Udemy_Ros/ros2_ws/install/setup.sh'
[1.739s] INFO:colcon.colcon_core.shell:Creating prefix script '/home/gaetano/Documents/Udemy_Ros/ros2_ws/install/local_setup.bash'
[1.739s] INFO:colcon.colcon_core.shell:Creating prefix chain script '/home/gaetano/Documents/Udemy_Ros/ros2_ws/install/setup.bash'
[1.739s] INFO:colcon.colcon_core.shell:Creating prefix script '/home/gaetano/Documents/Udemy_Ros/ros2_ws/install/local_setup.zsh'
[1.740s] INFO:colcon.colcon_core.shell:Creating prefix chain script '/home/gaetano/Documents/Udemy_Ros/ros2_ws/install/setup.zsh'
