[0.449s] Invoking command in '/home/gaetano/Documents/Udemy_Ros/ros2_ws/build/my_py_pkg': CMAKE_PREFIX_PATH=/home/gaetano/Documents/Udemy_Ros/ros2_ws/install/my_robot_interfaces:/home/gaetano/Documents/Udemy_Ros/ros2_ws/install/my_cpp_pkg PYTHONPATH=/home/gaetano/Documents/Udemy_Ros/ros2_ws/build/my_py_pkg/prefix_override:/home/gaetano/Documents/Udemy_Ros/ros2_ws/install/my_py_pkg/lib/python3.8/site-packages:/home/gaetano/Documents/Udemy_Ros/ros2_ws/install/my_robot_interfaces/lib/python3.8/site-packages:/home/gaetano/Documents/Udemy_Ros/ros2_ws/build/my_py_pkg:/home/gaetano/Documents/Udemy_Ros/ros2_ws/install/my_py_pkg/lib/python3.8/site-packages:/opt/ros/foxy/lib/python3.8/site-packages:/home/gaetano/SuperGluePretrainedNetwork:/home/gaetano/SuperGluePretrainedNetwork /usr/bin/python3 setup.py develop --uninstall --editable --build-directory /home/gaetano/Documents/Udemy_Ros/ros2_ws/build/my_py_pkg/build
[0.603s] running develop
[0.702s] Removing /home/gaetano/Documents/Udemy_Ros/ros2_ws/install/my_py_pkg/lib/python3.8/site-packages/my-py-pkg.egg-link (link to .)
[0.717s] Invoked command in '/home/gaetano/Documents/Udemy_Ros/ros2_ws/build/my_py_pkg' returned '0': CMAKE_PREFIX_PATH=/home/gaetano/Documents/Udemy_Ros/ros2_ws/install/my_robot_interfaces:/home/gaetano/Documents/Udemy_Ros/ros2_ws/install/my_cpp_pkg PYTHONPATH=/home/gaetano/Documents/Udemy_Ros/ros2_ws/build/my_py_pkg/prefix_override:/home/gaetano/Documents/Udemy_Ros/ros2_ws/install/my_py_pkg/lib/python3.8/site-packages:/home/gaetano/Documents/Udemy_Ros/ros2_ws/install/my_robot_interfaces/lib/python3.8/site-packages:/home/gaetano/Documents/Udemy_Ros/ros2_ws/build/my_py_pkg:/home/gaetano/Documents/Udemy_Ros/ros2_ws/install/my_py_pkg/lib/python3.8/site-packages:/opt/ros/foxy/lib/python3.8/site-packages:/home/gaetano/SuperGluePretrainedNetwork:/home/gaetano/SuperGluePretrainedNetwork /usr/bin/python3 setup.py develop --uninstall --editable --build-directory /home/gaetano/Documents/Udemy_Ros/ros2_ws/build/my_py_pkg/build
[0.718s] Invoking command in '/home/gaetano/Documents/Udemy_Ros/ros2_ws/src/my_py_pkg': CMAKE_PREFIX_PATH=/home/gaetano/Documents/Udemy_Ros/ros2_ws/install/my_robot_interfaces:/home/gaetano/Documents/Udemy_Ros/ros2_ws/install/my_cpp_pkg PYTHONPATH=/home/gaetano/Documents/Udemy_Ros/ros2_ws/build/my_py_pkg/prefix_override:/home/gaetano/Documents/Udemy_Ros/ros2_ws/install/my_py_pkg/lib/python3.8/site-packages:/home/gaetano/Documents/Udemy_Ros/ros2_ws/install/my_robot_interfaces/lib/python3.8/site-packages:/home/gaetano/Documents/Udemy_Ros/ros2_ws/build/my_py_pkg:/home/gaetano/Documents/Udemy_Ros/ros2_ws/install/my_py_pkg/lib/python3.8/site-packages:/opt/ros/foxy/lib/python3.8/site-packages:/home/gaetano/SuperGluePretrainedNetwork:/home/gaetano/SuperGluePretrainedNetwork /usr/bin/python3 setup.py egg_info --egg-base ../../build/my_py_pkg build --build-base /home/gaetano/Documents/Udemy_Ros/ros2_ws/build/my_py_pkg/build install --record /home/gaetano/Documents/Udemy_Ros/ros2_ws/build/my_py_pkg/install.log --single-version-externally-managed
[0.875s] running egg_info
[0.876s] writing ../../build/my_py_pkg/my_py_pkg.egg-info/PKG-INFO
[0.876s] writing dependency_links to ../../build/my_py_pkg/my_py_pkg.egg-info/dependency_links.txt
[0.876s] writing entry points to ../../build/my_py_pkg/my_py_pkg.egg-info/entry_points.txt
[0.876s] writing requirements to ../../build/my_py_pkg/my_py_pkg.egg-info/requires.txt
[0.876s] writing top-level names to ../../build/my_py_pkg/my_py_pkg.egg-info/top_level.txt
[0.879s] reading manifest file '../../build/my_py_pkg/my_py_pkg.egg-info/SOURCES.txt'
[0.879s] writing manifest file '../../build/my_py_pkg/my_py_pkg.egg-info/SOURCES.txt'
[0.879s] running build
[0.879s] running build_py
[0.880s] copying my_py_pkg/led_panel.py -> /home/gaetano/Documents/Udemy_Ros/ros2_ws/build/my_py_pkg/build/lib/my_py_pkg
[0.880s] copying my_py_pkg/number_publisher.py -> /home/gaetano/Documents/Udemy_Ros/ros2_ws/build/my_py_pkg/build/lib/my_py_pkg
[0.885s] copying my_py_pkg/robot_news_station.py -> /home/gaetano/Documents/Udemy_Ros/ros2_ws/build/my_py_pkg/build/lib/my_py_pkg
[0.885s] copying my_py_pkg/battery.py -> /home/gaetano/Documents/Udemy_Ros/ros2_ws/build/my_py_pkg/build/lib/my_py_pkg
[0.885s] running install
[0.886s] running install_lib
[0.887s] creating /home/gaetano/Documents/Udemy_Ros/ros2_ws/install/my_py_pkg/lib/python3.8/site-packages/my_py_pkg
[0.887s] copying /home/gaetano/Documents/Udemy_Ros/ros2_ws/build/my_py_pkg/build/lib/my_py_pkg/add_two_ints_client.py -> /home/gaetano/Documents/Udemy_Ros/ros2_ws/install/my_py_pkg/lib/python3.8/site-packages/my_py_pkg
[0.887s] copying /home/gaetano/Documents/Udemy_Ros/ros2_ws/build/my_py_pkg/build/lib/my_py_pkg/my_first_node.py -> /home/gaetano/Documents/Udemy_Ros/ros2_ws/install/my_py_pkg/lib/python3.8/site-packages/my_py_pkg
[0.887s] copying /home/gaetano/Documents/Udemy_Ros/ros2_ws/build/my_py_pkg/build/lib/my_py_pkg/led_panel.py -> /home/gaetano/Documents/Udemy_Ros/ros2_ws/install/my_py_pkg/lib/python3.8/site-packages/my_py_pkg
[0.887s] copying /home/gaetano/Documents/Udemy_Ros/ros2_ws/build/my_py_pkg/build/lib/my_py_pkg/number_counter_no_server.py -> /home/gaetano/Documents/Udemy_Ros/ros2_ws/install/my_py_pkg/lib/python3.8/site-packages/my_py_pkg
[0.887s] copying /home/gaetano/Documents/Udemy_Ros/ros2_ws/build/my_py_pkg/build/lib/my_py_pkg/number_publisher.py -> /home/gaetano/Documents/Udemy_Ros/ros2_ws/install/my_py_pkg/lib/python3.8/site-packages/my_py_pkg
[0.887s] copying /home/gaetano/Documents/Udemy_Ros/ros2_ws/build/my_py_pkg/build/lib/my_py_pkg/__init__.py -> /home/gaetano/Documents/Udemy_Ros/ros2_ws/install/my_py_pkg/lib/python3.8/site-packages/my_py_pkg
[0.887s] copying /home/gaetano/Documents/Udemy_Ros/ros2_ws/build/my_py_pkg/build/lib/my_py_pkg/add_two_ints_server.py -> /home/gaetano/Documents/Udemy_Ros/ros2_ws/install/my_py_pkg/lib/python3.8/site-packages/my_py_pkg
[0.887s] copying /home/gaetano/Documents/Udemy_Ros/ros2_ws/build/my_py_pkg/build/lib/my_py_pkg/robot_news_station.py -> /home/gaetano/Documents/Udemy_Ros/ros2_ws/install/my_py_pkg/lib/python3.8/site-packages/my_py_pkg
[0.887s] copying /home/gaetano/Documents/Udemy_Ros/ros2_ws/build/my_py_pkg/build/lib/my_py_pkg/battery.py -> /home/gaetano/Documents/Udemy_Ros/ros2_ws/install/my_py_pkg/lib/python3.8/site-packages/my_py_pkg
[0.887s] copying /home/gaetano/Documents/Udemy_Ros/ros2_ws/build/my_py_pkg/build/lib/my_py_pkg/smartphone.py -> /home/gaetano/Documents/Udemy_Ros/ros2_ws/install/my_py_pkg/lib/python3.8/site-packages/my_py_pkg
[0.887s] copying /home/gaetano/Documents/Udemy_Ros/ros2_ws/build/my_py_pkg/build/lib/my_py_pkg/boiler.py -> /home/gaetano/Documents/Udemy_Ros/ros2_ws/install/my_py_pkg/lib/python3.8/site-packages/my_py_pkg
[0.887s] copying /home/gaetano/Documents/Udemy_Ros/ros2_ws/build/my_py_pkg/build/lib/my_py_pkg/hardware_status_publisher.py -> /home/gaetano/Documents/Udemy_Ros/ros2_ws/install/my_py_pkg/lib/python3.8/site-packages/my_py_pkg
[0.887s] copying /home/gaetano/Documents/Udemy_Ros/ros2_ws/build/my_py_pkg/build/lib/my_py_pkg/number_counter.py -> /home/gaetano/Documents/Udemy_Ros/ros2_ws/install/my_py_pkg/lib/python3.8/site-packages/my_py_pkg
[0.887s] copying /home/gaetano/Documents/Udemy_Ros/ros2_ws/build/my_py_pkg/build/lib/my_py_pkg/add_two_ints_client_no_oop.py -> /home/gaetano/Documents/Udemy_Ros/ros2_ws/install/my_py_pkg/lib/python3.8/site-packages/my_py_pkg
[0.887s] byte-compiling /home/gaetano/Documents/Udemy_Ros/ros2_ws/install/my_py_pkg/lib/python3.8/site-packages/my_py_pkg/add_two_ints_client.py to add_two_ints_client.cpython-38.pyc
[0.887s] byte-compiling /home/gaetano/Documents/Udemy_Ros/ros2_ws/install/my_py_pkg/lib/python3.8/site-packages/my_py_pkg/my_first_node.py to my_first_node.cpython-38.pyc
[0.888s] byte-compiling /home/gaetano/Documents/Udemy_Ros/ros2_ws/install/my_py_pkg/lib/python3.8/site-packages/my_py_pkg/led_panel.py to led_panel.cpython-38.pyc
[0.888s] byte-compiling /home/gaetano/Documents/Udemy_Ros/ros2_ws/install/my_py_pkg/lib/python3.8/site-packages/my_py_pkg/number_counter_no_server.py to number_counter_no_server.cpython-38.pyc
[0.888s] byte-compiling /home/gaetano/Documents/Udemy_Ros/ros2_ws/install/my_py_pkg/lib/python3.8/site-packages/my_py_pkg/number_publisher.py to number_publisher.cpython-38.pyc
[0.888s] byte-compiling /home/gaetano/Documents/Udemy_Ros/ros2_ws/install/my_py_pkg/lib/python3.8/site-packages/my_py_pkg/__init__.py to __init__.cpython-38.pyc
[0.888s] byte-compiling /home/gaetano/Documents/Udemy_Ros/ros2_ws/install/my_py_pkg/lib/python3.8/site-packages/my_py_pkg/add_two_ints_server.py to add_two_ints_server.cpython-38.pyc
[0.888s] byte-compiling /home/gaetano/Documents/Udemy_Ros/ros2_ws/install/my_py_pkg/lib/python3.8/site-packages/my_py_pkg/robot_news_station.py to robot_news_station.cpython-38.pyc
[0.889s] byte-compiling /home/gaetano/Documents/Udemy_Ros/ros2_ws/install/my_py_pkg/lib/python3.8/site-packages/my_py_pkg/battery.py to battery.cpython-38.pyc
[0.889s] byte-compiling /home/gaetano/Documents/Udemy_Ros/ros2_ws/install/my_py_pkg/lib/python3.8/site-packages/my_py_pkg/smartphone.py to smartphone.cpython-38.pyc
[0.889s] byte-compiling /home/gaetano/Documents/Udemy_Ros/ros2_ws/install/my_py_pkg/lib/python3.8/site-packages/my_py_pkg/boiler.py to boiler.cpython-38.pyc
[0.889s] byte-compiling /home/gaetano/Documents/Udemy_Ros/ros2_ws/install/my_py_pkg/lib/python3.8/site-packages/my_py_pkg/hardware_status_publisher.py to hardware_status_publisher.cpython-38.pyc
[0.889s] byte-compiling /home/gaetano/Documents/Udemy_Ros/ros2_ws/install/my_py_pkg/lib/python3.8/site-packages/my_py_pkg/number_counter.py to number_counter.cpython-38.pyc
[0.890s] byte-compiling /home/gaetano/Documents/Udemy_Ros/ros2_ws/install/my_py_pkg/lib/python3.8/site-packages/my_py_pkg/add_two_ints_client_no_oop.py to add_two_ints_client_no_oop.cpython-38.pyc
[0.890s] running install_data
[0.890s] running install_egg_info
[0.891s] Copying ../../build/my_py_pkg/my_py_pkg.egg-info to /home/gaetano/Documents/Udemy_Ros/ros2_ws/install/my_py_pkg/lib/python3.8/site-packages/my_py_pkg-0.0.0-py3.8.egg-info
[0.892s] running install_scripts
[0.904s] Installing add_two_ints_client script to /home/gaetano/Documents/Udemy_Ros/ros2_ws/install/my_py_pkg/lib/my_py_pkg
[0.904s] Installing add_two_ints_client_no_oop script to /home/gaetano/Documents/Udemy_Ros/ros2_ws/install/my_py_pkg/lib/my_py_pkg
[0.904s] Installing add_two_ints_server script to /home/gaetano/Documents/Udemy_Ros/ros2_ws/install/my_py_pkg/lib/my_py_pkg
[0.904s] Installing battery script to /home/gaetano/Documents/Udemy_Ros/ros2_ws/install/my_py_pkg/lib/my_py_pkg
[0.905s] Installing hardware_status_publisher script to /home/gaetano/Documents/Udemy_Ros/ros2_ws/install/my_py_pkg/lib/my_py_pkg
[0.905s] Installing led_panel script to /home/gaetano/Documents/Udemy_Ros/ros2_ws/install/my_py_pkg/lib/my_py_pkg
[0.905s] Installing number_counter script to /home/gaetano/Documents/Udemy_Ros/ros2_ws/install/my_py_pkg/lib/my_py_pkg
[0.905s] Installing number_publisher script to /home/gaetano/Documents/Udemy_Ros/ros2_ws/install/my_py_pkg/lib/my_py_pkg
[0.905s] Installing py_node script to /home/gaetano/Documents/Udemy_Ros/ros2_ws/install/my_py_pkg/lib/my_py_pkg
[0.905s] Installing robot_news_station script to /home/gaetano/Documents/Udemy_Ros/ros2_ws/install/my_py_pkg/lib/my_py_pkg
[0.905s] Installing smartphone script to /home/gaetano/Documents/Udemy_Ros/ros2_ws/install/my_py_pkg/lib/my_py_pkg
[0.905s] writing list of installed files to '/home/gaetano/Documents/Udemy_Ros/ros2_ws/build/my_py_pkg/install.log'
[0.921s] Invoked command in '/home/gaetano/Documents/Udemy_Ros/ros2_ws/src/my_py_pkg' returned '0': CMAKE_PREFIX_PATH=/home/gaetano/Documents/Udemy_Ros/ros2_ws/install/my_robot_interfaces:/home/gaetano/Documents/Udemy_Ros/ros2_ws/install/my_cpp_pkg PYTHONPATH=/home/gaetano/Documents/Udemy_Ros/ros2_ws/build/my_py_pkg/prefix_override:/home/gaetano/Documents/Udemy_Ros/ros2_ws/install/my_py_pkg/lib/python3.8/site-packages:/home/gaetano/Documents/Udemy_Ros/ros2_ws/install/my_robot_interfaces/lib/python3.8/site-packages:/home/gaetano/Documents/Udemy_Ros/ros2_ws/build/my_py_pkg:/home/gaetano/Documents/Udemy_Ros/ros2_ws/install/my_py_pkg/lib/python3.8/site-packages:/opt/ros/foxy/lib/python3.8/site-packages:/home/gaetano/SuperGluePretrainedNetwork:/home/gaetano/SuperGluePretrainedNetwork /usr/bin/python3 setup.py egg_info --egg-base ../../build/my_py_pkg build --build-base /home/gaetano/Documents/Udemy_Ros/ros2_ws/build/my_py_pkg/build install --record /home/gaetano/Documents/Udemy_Ros/ros2_ws/build/my_py_pkg/install.log --single-version-externally-managed
