[0.468s] Invoking command in '/home/gaetano/Documents/Udemy_Ros/ros2_ws/src/my_py_pkg': PYTHONPATH=/home/gaetano/Documents/Udemy_Ros/ros2_ws/build/my_py_pkg/prefix_override:/home/gaetano/Documents/Udemy_Ros/ros2_ws/install/my_py_pkg/lib/python3.8/site-packages:${PYTHONPATH} /usr/bin/python3 setup.py egg_info --egg-base ../../build/my_py_pkg build --build-base /home/gaetano/Documents/Udemy_Ros/ros2_ws/build/my_py_pkg/build install --record /home/gaetano/Documents/Udemy_Ros/ros2_ws/build/my_py_pkg/install.log --single-version-externally-managed
[0.622s] running egg_info
[0.623s] writing ../../build/my_py_pkg/my_py_pkg.egg-info/PKG-INFO
[0.623s] writing dependency_links to ../../build/my_py_pkg/my_py_pkg.egg-info/dependency_links.txt
[0.623s] writing entry points to ../../build/my_py_pkg/my_py_pkg.egg-info/entry_points.txt
[0.623s] writing requirements to ../../build/my_py_pkg/my_py_pkg.egg-info/requires.txt
[0.623s] writing top-level names to ../../build/my_py_pkg/my_py_pkg.egg-info/top_level.txt
[0.626s] reading manifest file '../../build/my_py_pkg/my_py_pkg.egg-info/SOURCES.txt'
[0.633s] writing manifest file '../../build/my_py_pkg/my_py_pkg.egg-info/SOURCES.txt'
[0.633s] running build
[0.633s] running build_py
[0.633s] copying my_py_pkg/my_first_node.py -> /home/gaetano/Documents/Udemy_Ros/ros2_ws/build/my_py_pkg/build/lib/my_py_pkg
[0.633s] running install
[0.634s] running install_lib
[0.634s] copying /home/gaetano/Documents/Udemy_Ros/ros2_ws/build/my_py_pkg/build/lib/my_py_pkg/my_first_node.py -> /home/gaetano/Documents/Udemy_Ros/ros2_ws/install/my_py_pkg/lib/python3.8/site-packages/my_py_pkg
[0.635s] byte-compiling /home/gaetano/Documents/Udemy_Ros/ros2_ws/install/my_py_pkg/lib/python3.8/site-packages/my_py_pkg/my_first_node.py to my_first_node.cpython-38.pyc
[0.635s] running install_data
[0.635s] running install_egg_info
[0.636s] removing '/home/gaetano/Documents/Udemy_Ros/ros2_ws/install/my_py_pkg/lib/python3.8/site-packages/my_py_pkg-0.0.0-py3.8.egg-info' (and everything under it)
[0.637s] Copying ../../build/my_py_pkg/my_py_pkg.egg-info to /home/gaetano/Documents/Udemy_Ros/ros2_ws/install/my_py_pkg/lib/python3.8/site-packages/my_py_pkg-0.0.0-py3.8.egg-info
[0.637s] running install_scripts
[0.649s] Installing py_node script to /home/gaetano/Documents/Udemy_Ros/ros2_ws/install/my_py_pkg/lib/my_py_pkg
[0.649s] writing list of installed files to '/home/gaetano/Documents/Udemy_Ros/ros2_ws/build/my_py_pkg/install.log'
[0.665s] Invoked command in '/home/gaetano/Documents/Udemy_Ros/ros2_ws/src/my_py_pkg' returned '0': PYTHONPATH=/home/gaetano/Documents/Udemy_Ros/ros2_ws/build/my_py_pkg/prefix_override:/home/gaetano/Documents/Udemy_Ros/ros2_ws/install/my_py_pkg/lib/python3.8/site-packages:${PYTHONPATH} /usr/bin/python3 setup.py egg_info --egg-base ../../build/my_py_pkg build --build-base /home/gaetano/Documents/Udemy_Ros/ros2_ws/build/my_py_pkg/build install --record /home/gaetano/Documents/Udemy_Ros/ros2_ws/build/my_py_pkg/install.log --single-version-externally-managed
