[0.183s] DEBUG:colcon:Command line arguments: ['/usr/bin/colcon', 'build', '--packages-select', 'my_robot_bringup']
[0.183s] DEBUG:colcon:Parsed command line arguments: Namespace(allow_overriding=[], ament_cmake_args=None, base_paths=['.'], build_base='build', catkin_cmake_args=None, catkin_skip_building_tests=False, cmake_args=None, cmake_clean_cache=False, cmake_clean_first=False, cmake_force_configure=False, cmake_target=None, cmake_target_skip_unavailable=False, continue_on_error=False, event_handlers=None, executor='parallel', ignore_user_meta=False, install_base='install', log_base=None, log_level=None, main=<bound method BuildVerb.main of <colcon_core.verb.build.BuildVerb object at 0x7fbe435e0b50>>, merge_install=False, metas=['./colcon.meta'], packages_above=None, packages_above_and_dependencies=None, packages_above_depth=None, packages_end=None, packages_ignore=None, packages_ignore_regex=None, packages_select=['my_robot_bringup'], packages_select_build_failed=False, packages_select_by_dep=None, packages_select_regex=None, packages_select_test_failures=False, packages_skip=None, packages_skip_build_finished=False, packages_skip_by_dep=None, packages_skip_regex=None, packages_skip_test_passed=False, packages_skip_up_to=None, packages_start=None, packages_up_to=None, packages_up_to_regex=None, parallel_workers=20, paths=None, symlink_install=False, test_result_base=None, verb_extension=<colcon_core.verb.build.BuildVerb object at 0x7fbe435e0b50>, verb_name='build', verb_parser=<colcon_defaults.argument_parser.defaults.DefaultArgumentsDecorator object at 0x7fbe435ed100>)
[0.195s] Level 1:colcon.colcon_core.package_discovery:discover_packages(colcon_meta) check parameters
[0.195s] Level 1:colcon.colcon_core.package_discovery:discover_packages(recursive) check parameters
[0.195s] Level 1:colcon.colcon_core.package_discovery:discover_packages(ignore) check parameters
[0.195s] Level 1:colcon.colcon_core.package_discovery:discover_packages(path) check parameters
[0.195s] Level 1:colcon.colcon_core.package_discovery:discover_packages(colcon_meta) discover
[0.195s] Level 1:colcon.colcon_core.package_discovery:discover_packages(recursive) discover
[0.195s] INFO:colcon.colcon_core.package_discovery:Crawling recursively for packages in '/home/gaetano/Documents/Udemy_Ros/ros2_ws'
[0.195s] Level 1:colcon.colcon_core.package_identification:_identify(.) by extensions ['ignore', 'ignore_ament_install']
[0.195s] Level 1:colcon.colcon_core.package_identification:_identify(.) by extension 'ignore'
[0.195s] Level 1:colcon.colcon_core.package_identification:_identify(.) by extension 'ignore_ament_install'
[0.195s] Level 1:colcon.colcon_core.package_identification:_identify(.) by extensions ['colcon_pkg']
[0.195s] Level 1:colcon.colcon_core.package_identification:_identify(.) by extension 'colcon_pkg'
[0.195s] Level 1:colcon.colcon_core.package_identification:_identify(.) by extensions ['colcon_meta']
[0.195s] Level 1:colcon.colcon_core.package_identification:_identify(.) by extension 'colcon_meta'
[0.195s] Level 1:colcon.colcon_core.package_identification:_identify(.) by extensions ['ros']
[0.195s] Level 1:colcon.colcon_core.package_identification:_identify(.) by extension 'ros'
[0.200s] Level 1:colcon.colcon_core.package_identification:_identify(.) by extensions ['cmake', 'python']
[0.200s] Level 1:colcon.colcon_core.package_identification:_identify(.) by extension 'cmake'
[0.200s] Level 1:colcon.colcon_core.package_identification:_identify(.) by extension 'python'
[0.200s] Level 1:colcon.colcon_core.package_identification:_identify(.) by extensions ['python_setup_py']
[0.201s] Level 1:colcon.colcon_core.package_identification:_identify(.) by extension 'python_setup_py'
[0.201s] Level 1:colcon.colcon_core.package_identification:_identify(build) by extensions ['ignore', 'ignore_ament_install']
[0.201s] Level 1:colcon.colcon_core.package_identification:_identify(build) by extension 'ignore'
[0.201s] Level 1:colcon.colcon_core.package_identification:_identify(build) ignored
[0.201s] Level 1:colcon.colcon_core.package_identification:_identify(install) by extensions ['ignore', 'ignore_ament_install']
[0.201s] Level 1:colcon.colcon_core.package_identification:_identify(install) by extension 'ignore'
[0.201s] Level 1:colcon.colcon_core.package_identification:_identify(install) ignored
[0.201s] Level 1:colcon.colcon_core.package_identification:_identify(log) by extensions ['ignore', 'ignore_ament_install']
[0.201s] Level 1:colcon.colcon_core.package_identification:_identify(log) by extension 'ignore'
[0.201s] Level 1:colcon.colcon_core.package_identification:_identify(log) ignored
[0.201s] Level 1:colcon.colcon_core.package_identification:_identify(ros2_boiler_plate_nodes) by extensions ['ignore', 'ignore_ament_install']
[0.201s] Level 1:colcon.colcon_core.package_identification:_identify(ros2_boiler_plate_nodes) by extension 'ignore'
[0.201s] Level 1:colcon.colcon_core.package_identification:_identify(ros2_boiler_plate_nodes) by extension 'ignore_ament_install'
[0.201s] Level 1:colcon.colcon_core.package_identification:_identify(ros2_boiler_plate_nodes) by extensions ['colcon_pkg']
[0.201s] Level 1:colcon.colcon_core.package_identification:_identify(ros2_boiler_plate_nodes) by extension 'colcon_pkg'
[0.201s] Level 1:colcon.colcon_core.package_identification:_identify(ros2_boiler_plate_nodes) by extensions ['colcon_meta']
[0.201s] Level 1:colcon.colcon_core.package_identification:_identify(ros2_boiler_plate_nodes) by extension 'colcon_meta'
[0.201s] Level 1:colcon.colcon_core.package_identification:_identify(ros2_boiler_plate_nodes) by extensions ['ros']
[0.201s] Level 1:colcon.colcon_core.package_identification:_identify(ros2_boiler_plate_nodes) by extension 'ros'
[0.201s] Level 1:colcon.colcon_core.package_identification:_identify(ros2_boiler_plate_nodes) by extensions ['cmake', 'python']
[0.201s] Level 1:colcon.colcon_core.package_identification:_identify(ros2_boiler_plate_nodes) by extension 'cmake'
[0.201s] Level 1:colcon.colcon_core.package_identification:_identify(ros2_boiler_plate_nodes) by extension 'python'
[0.201s] Level 1:colcon.colcon_core.package_identification:_identify(ros2_boiler_plate_nodes) by extensions ['python_setup_py']
[0.201s] Level 1:colcon.colcon_core.package_identification:_identify(ros2_boiler_plate_nodes) by extension 'python_setup_py'
[0.201s] Level 1:colcon.colcon_core.package_identification:_identify(src) by extensions ['ignore', 'ignore_ament_install']
[0.201s] Level 1:colcon.colcon_core.package_identification:_identify(src) by extension 'ignore'
[0.201s] Level 1:colcon.colcon_core.package_identification:_identify(src) by extension 'ignore_ament_install'
[0.201s] Level 1:colcon.colcon_core.package_identification:_identify(src) by extensions ['colcon_pkg']
[0.201s] Level 1:colcon.colcon_core.package_identification:_identify(src) by extension 'colcon_pkg'
[0.201s] Level 1:colcon.colcon_core.package_identification:_identify(src) by extensions ['colcon_meta']
[0.201s] Level 1:colcon.colcon_core.package_identification:_identify(src) by extension 'colcon_meta'
[0.201s] Level 1:colcon.colcon_core.package_identification:_identify(src) by extensions ['ros']
[0.201s] Level 1:colcon.colcon_core.package_identification:_identify(src) by extension 'ros'
[0.201s] Level 1:colcon.colcon_core.package_identification:_identify(src) by extensions ['cmake', 'python']
[0.201s] Level 1:colcon.colcon_core.package_identification:_identify(src) by extension 'cmake'
[0.201s] Level 1:colcon.colcon_core.package_identification:_identify(src) by extension 'python'
[0.201s] Level 1:colcon.colcon_core.package_identification:_identify(src) by extensions ['python_setup_py']
[0.201s] Level 1:colcon.colcon_core.package_identification:_identify(src) by extension 'python_setup_py'
[0.201s] Level 1:colcon.colcon_core.package_identification:_identify(src/my_cpp_pkg) by extensions ['ignore', 'ignore_ament_install']
[0.202s] Level 1:colcon.colcon_core.package_identification:_identify(src/my_cpp_pkg) by extension 'ignore'
[0.202s] Level 1:colcon.colcon_core.package_identification:_identify(src/my_cpp_pkg) by extension 'ignore_ament_install'
[0.202s] Level 1:colcon.colcon_core.package_identification:_identify(src/my_cpp_pkg) by extensions ['colcon_pkg']
[0.202s] Level 1:colcon.colcon_core.package_identification:_identify(src/my_cpp_pkg) by extension 'colcon_pkg'
[0.202s] Level 1:colcon.colcon_core.package_identification:_identify(src/my_cpp_pkg) by extensions ['colcon_meta']
[0.202s] Level 1:colcon.colcon_core.package_identification:_identify(src/my_cpp_pkg) by extension 'colcon_meta'
[0.202s] Level 1:colcon.colcon_core.package_identification:_identify(src/my_cpp_pkg) by extensions ['ros']
[0.202s] Level 1:colcon.colcon_core.package_identification:_identify(src/my_cpp_pkg) by extension 'ros'
[0.203s] DEBUG:colcon.colcon_core.package_identification:Package 'src/my_cpp_pkg' with type 'ros.ament_cmake' and name 'my_cpp_pkg'
[0.203s] Level 1:colcon.colcon_core.package_identification:_identify(src/my_py_pkg) by extensions ['ignore', 'ignore_ament_install']
[0.203s] Level 1:colcon.colcon_core.package_identification:_identify(src/my_py_pkg) by extension 'ignore'
[0.203s] Level 1:colcon.colcon_core.package_identification:_identify(src/my_py_pkg) by extension 'ignore_ament_install'
[0.203s] Level 1:colcon.colcon_core.package_identification:_identify(src/my_py_pkg) by extensions ['colcon_pkg']
[0.203s] Level 1:colcon.colcon_core.package_identification:_identify(src/my_py_pkg) by extension 'colcon_pkg'
[0.203s] Level 1:colcon.colcon_core.package_identification:_identify(src/my_py_pkg) by extensions ['colcon_meta']
[0.203s] Level 1:colcon.colcon_core.package_identification:_identify(src/my_py_pkg) by extension 'colcon_meta'
[0.203s] Level 1:colcon.colcon_core.package_identification:_identify(src/my_py_pkg) by extensions ['ros']
[0.203s] Level 1:colcon.colcon_core.package_identification:_identify(src/my_py_pkg) by extension 'ros'
[0.203s] DEBUG:colcon.colcon_core.package_identification:Package 'src/my_py_pkg' with type 'ros.ament_python' and name 'my_py_pkg'
[0.204s] Level 1:colcon.colcon_core.package_identification:_identify(src/my_robot_bringup) by extensions ['ignore', 'ignore_ament_install']
[0.204s] Level 1:colcon.colcon_core.package_identification:_identify(src/my_robot_bringup) by extension 'ignore'
[0.204s] Level 1:colcon.colcon_core.package_identification:_identify(src/my_robot_bringup) by extension 'ignore_ament_install'
[0.204s] Level 1:colcon.colcon_core.package_identification:_identify(src/my_robot_bringup) by extensions ['colcon_pkg']
[0.204s] Level 1:colcon.colcon_core.package_identification:_identify(src/my_robot_bringup) by extension 'colcon_pkg'
[0.204s] Level 1:colcon.colcon_core.package_identification:_identify(src/my_robot_bringup) by extensions ['colcon_meta']
[0.204s] Level 1:colcon.colcon_core.package_identification:_identify(src/my_robot_bringup) by extension 'colcon_meta'
[0.204s] Level 1:colcon.colcon_core.package_identification:_identify(src/my_robot_bringup) by extensions ['ros']
[0.204s] Level 1:colcon.colcon_core.package_identification:_identify(src/my_robot_bringup) by extension 'ros'
[0.204s] DEBUG:colcon.colcon_core.package_identification:Package 'src/my_robot_bringup' with type 'ros.ament_cmake' and name 'my_robot_bringup'
[0.204s] Level 1:colcon.colcon_core.package_identification:_identify(src/my_robot_interfaces) by extensions ['ignore', 'ignore_ament_install']
[0.204s] Level 1:colcon.colcon_core.package_identification:_identify(src/my_robot_interfaces) by extension 'ignore'
[0.204s] Level 1:colcon.colcon_core.package_identification:_identify(src/my_robot_interfaces) by extension 'ignore_ament_install'
[0.204s] Level 1:colcon.colcon_core.package_identification:_identify(src/my_robot_interfaces) by extensions ['colcon_pkg']
[0.204s] Level 1:colcon.colcon_core.package_identification:_identify(src/my_robot_interfaces) by extension 'colcon_pkg'
[0.204s] Level 1:colcon.colcon_core.package_identification:_identify(src/my_robot_interfaces) by extensions ['colcon_meta']
[0.204s] Level 1:colcon.colcon_core.package_identification:_identify(src/my_robot_interfaces) by extension 'colcon_meta'
[0.204s] Level 1:colcon.colcon_core.package_identification:_identify(src/my_robot_interfaces) by extensions ['ros']
[0.204s] Level 1:colcon.colcon_core.package_identification:_identify(src/my_robot_interfaces) by extension 'ros'
[0.205s] DEBUG:colcon.colcon_core.package_identification:Package 'src/my_robot_interfaces' with type 'ros.ament_cmake' and name 'my_robot_interfaces'
[0.205s] Level 1:colcon.colcon_core.package_identification:_identify(src/turtlesim_catch_them_all) by extensions ['ignore', 'ignore_ament_install']
[0.205s] Level 1:colcon.colcon_core.package_identification:_identify(src/turtlesim_catch_them_all) by extension 'ignore'
[0.205s] Level 1:colcon.colcon_core.package_identification:_identify(src/turtlesim_catch_them_all) by extension 'ignore_ament_install'
[0.205s] Level 1:colcon.colcon_core.package_identification:_identify(src/turtlesim_catch_them_all) by extensions ['colcon_pkg']
[0.205s] Level 1:colcon.colcon_core.package_identification:_identify(src/turtlesim_catch_them_all) by extension 'colcon_pkg'
[0.205s] Level 1:colcon.colcon_core.package_identification:_identify(src/turtlesim_catch_them_all) by extensions ['colcon_meta']
[0.205s] Level 1:colcon.colcon_core.package_identification:_identify(src/turtlesim_catch_them_all) by extension 'colcon_meta'
[0.205s] Level 1:colcon.colcon_core.package_identification:_identify(src/turtlesim_catch_them_all) by extensions ['ros']
[0.205s] Level 1:colcon.colcon_core.package_identification:_identify(src/turtlesim_catch_them_all) by extension 'ros'
[0.205s] DEBUG:colcon.colcon_core.package_identification:Package 'src/turtlesim_catch_them_all' with type 'ros.ament_python' and name 'turtlesim_catch_them_all'
[0.205s] Level 1:colcon.colcon_core.package_discovery:discover_packages(recursive) using defaults
[0.205s] Level 1:colcon.colcon_core.package_discovery:discover_packages(ignore) discover
[0.205s] Level 1:colcon.colcon_core.package_discovery:discover_packages(ignore) using defaults
[0.205s] Level 1:colcon.colcon_core.package_discovery:discover_packages(path) discover
[0.205s] Level 1:colcon.colcon_core.package_discovery:discover_packages(path) using defaults
[0.217s] INFO:colcon.colcon_core.package_selection:Skipping not selected package 'my_robot_interfaces' in 'src/my_robot_interfaces'
[0.217s] INFO:colcon.colcon_core.package_selection:Skipping not selected package 'my_cpp_pkg' in 'src/my_cpp_pkg'
[0.217s] INFO:colcon.colcon_core.package_selection:Skipping not selected package 'my_py_pkg' in 'src/my_py_pkg'
[0.217s] INFO:colcon.colcon_core.package_selection:Skipping not selected package 'turtlesim_catch_them_all' in 'src/turtlesim_catch_them_all'
[0.217s] Level 1:colcon.colcon_core.package_discovery:discover_packages(prefix_path) check parameters
[0.217s] Level 1:colcon.colcon_core.package_discovery:discover_packages(prefix_path) discover
[0.219s] DEBUG:colcon.colcon_installed_package_information.package_discovery:Found 256 installed packages in /opt/ros/foxy
[0.219s] Level 1:colcon.colcon_core.package_discovery:discover_packages(prefix_path) using defaults
[0.248s] Level 5:colcon.colcon_core.verb:set package 'my_robot_bringup' build argument 'cmake_args' from command line to 'None'
[0.248s] Level 5:colcon.colcon_core.verb:set package 'my_robot_bringup' build argument 'cmake_target' from command line to 'None'
[0.248s] Level 5:colcon.colcon_core.verb:set package 'my_robot_bringup' build argument 'cmake_target_skip_unavailable' from command line to 'False'
[0.248s] Level 5:colcon.colcon_core.verb:set package 'my_robot_bringup' build argument 'cmake_clean_cache' from command line to 'False'
[0.248s] Level 5:colcon.colcon_core.verb:set package 'my_robot_bringup' build argument 'cmake_clean_first' from command line to 'False'
[0.248s] Level 5:colcon.colcon_core.verb:set package 'my_robot_bringup' build argument 'cmake_force_configure' from command line to 'False'
[0.248s] Level 5:colcon.colcon_core.verb:set package 'my_robot_bringup' build argument 'ament_cmake_args' from command line to 'None'
[0.248s] Level 5:colcon.colcon_core.verb:set package 'my_robot_bringup' build argument 'catkin_cmake_args' from command line to 'None'
[0.248s] Level 5:colcon.colcon_core.verb:set package 'my_robot_bringup' build argument 'catkin_skip_building_tests' from command line to 'False'
[0.248s] DEBUG:colcon.colcon_core.verb:Building package 'my_robot_bringup' with the following arguments: {'ament_cmake_args': None, 'build_base': '/home/gaetano/Documents/Udemy_Ros/ros2_ws/build/my_robot_bringup', 'catkin_cmake_args': None, 'catkin_skip_building_tests': False, 'cmake_args': None, 'cmake_clean_cache': False, 'cmake_clean_first': False, 'cmake_force_configure': False, 'cmake_target': None, 'cmake_target_skip_unavailable': False, 'install_base': '/home/gaetano/Documents/Udemy_Ros/ros2_ws/install/my_robot_bringup', 'merge_install': False, 'path': '/home/gaetano/Documents/Udemy_Ros/ros2_ws/src/my_robot_bringup', 'symlink_install': False, 'test_result_base': None}
[0.248s] INFO:colcon.colcon_core.executor:Executing jobs using 'parallel' executor
[0.251s] DEBUG:colcon.colcon_parallel_executor.executor.parallel:run_until_complete
[0.251s] INFO:colcon.colcon_ros.task.ament_cmake.build:Building ROS package in '/home/gaetano/Documents/Udemy_Ros/ros2_ws/src/my_robot_bringup' with build type 'ament_cmake'
[0.251s] INFO:colcon.colcon_cmake.task.cmake.build:Building CMake package in '/home/gaetano/Documents/Udemy_Ros/ros2_ws/src/my_robot_bringup'
[0.253s] INFO:colcon.colcon_core.plugin_system:Skipping extension 'colcon_core.shell.bat': Not used on non-Windows systems
[0.253s] INFO:colcon.colcon_core.shell:Skip shell extension 'powershell' for command environment: Not usable outside of PowerShell
[0.253s] DEBUG:colcon.colcon_core.shell:Skip shell extension 'dsv' for command environment
[0.271s] DEBUG:colcon.colcon_core.event_handler.log_command:Invoking command in '/home/gaetano/Documents/Udemy_Ros/ros2_ws/build/my_robot_bringup': AMENT_PREFIX_PATH=/home/gaetano/Documents/Udemy_Ros/ros2_ws/install/my_py_pkg:/home/gaetano/Documents/Udemy_Ros/ros2_ws/install/my_cpp_pkg:/home/gaetano/Documents/Udemy_Ros/ros2_ws/install/my_robot_interfaces:${AMENT_PREFIX_PATH} CMAKE_PREFIX_PATH=/home/gaetano/Documents/Udemy_Ros/ros2_ws/install/my_cpp_pkg:/home/gaetano/Documents/Udemy_Ros/ros2_ws/install/my_robot_interfaces:/opt/ros/foxy LD_LIBRARY_PATH=/home/gaetano/Documents/Udemy_Ros/ros2_ws/install/my_robot_interfaces/lib:${LD_LIBRARY_PATH} PYTHONPATH=/home/gaetano/Documents/Udemy_Ros/ros2_ws/install/my_py_pkg/lib/python3.8/site-packages:/home/gaetano/Documents/Udemy_Ros/ros2_ws/install/my_robot_interfaces/lib/python3.8/site-packages:/opt/ros/foxy/lib/python3.8/site-packages:/home/gaetano/SuperGluePretrainedNetwork:/home/gaetano/SuperGluePretrainedNetwork /home/gaetano/.local/bin/cmake --build /home/gaetano/Documents/Udemy_Ros/ros2_ws/build/my_robot_bringup -- -j20 -l20
[0.299s] DEBUG:colcon.colcon_core.event_handler.log_command:Invoked command in '/home/gaetano/Documents/Udemy_Ros/ros2_ws/build/my_robot_bringup' returned '0': AMENT_PREFIX_PATH=/home/gaetano/Documents/Udemy_Ros/ros2_ws/install/my_py_pkg:/home/gaetano/Documents/Udemy_Ros/ros2_ws/install/my_cpp_pkg:/home/gaetano/Documents/Udemy_Ros/ros2_ws/install/my_robot_interfaces:${AMENT_PREFIX_PATH} CMAKE_PREFIX_PATH=/home/gaetano/Documents/Udemy_Ros/ros2_ws/install/my_cpp_pkg:/home/gaetano/Documents/Udemy_Ros/ros2_ws/install/my_robot_interfaces:/opt/ros/foxy LD_LIBRARY_PATH=/home/gaetano/Documents/Udemy_Ros/ros2_ws/install/my_robot_interfaces/lib:${LD_LIBRARY_PATH} PYTHONPATH=/home/gaetano/Documents/Udemy_Ros/ros2_ws/install/my_py_pkg/lib/python3.8/site-packages:/home/gaetano/Documents/Udemy_Ros/ros2_ws/install/my_robot_interfaces/lib/python3.8/site-packages:/opt/ros/foxy/lib/python3.8/site-packages:/home/gaetano/SuperGluePretrainedNetwork:/home/gaetano/SuperGluePretrainedNetwork /home/gaetano/.local/bin/cmake --build /home/gaetano/Documents/Udemy_Ros/ros2_ws/build/my_robot_bringup -- -j20 -l20
[0.344s] DEBUG:colcon.colcon_core.event_handler.log_command:Invoking command in '/home/gaetano/Documents/Udemy_Ros/ros2_ws/build/my_robot_bringup': AMENT_PREFIX_PATH=/home/gaetano/Documents/Udemy_Ros/ros2_ws/install/my_py_pkg:/home/gaetano/Documents/Udemy_Ros/ros2_ws/install/my_cpp_pkg:/home/gaetano/Documents/Udemy_Ros/ros2_ws/install/my_robot_interfaces:${AMENT_PREFIX_PATH} CMAKE_PREFIX_PATH=/home/gaetano/Documents/Udemy_Ros/ros2_ws/install/my_cpp_pkg:/home/gaetano/Documents/Udemy_Ros/ros2_ws/install/my_robot_interfaces:/opt/ros/foxy LD_LIBRARY_PATH=/home/gaetano/Documents/Udemy_Ros/ros2_ws/install/my_robot_interfaces/lib:${LD_LIBRARY_PATH} PYTHONPATH=/home/gaetano/Documents/Udemy_Ros/ros2_ws/install/my_py_pkg/lib/python3.8/site-packages:/home/gaetano/Documents/Udemy_Ros/ros2_ws/install/my_robot_interfaces/lib/python3.8/site-packages:/opt/ros/foxy/lib/python3.8/site-packages:/home/gaetano/SuperGluePretrainedNetwork:/home/gaetano/SuperGluePretrainedNetwork /home/gaetano/.local/bin/cmake --install /home/gaetano/Documents/Udemy_Ros/ros2_ws/build/my_robot_bringup
[0.369s] Level 1:colcon.colcon_core.environment:create_environment_scripts_only(my_robot_bringup)
[0.371s] DEBUG:colcon.colcon_core.event_handler.log_command:Invoked command in '/home/gaetano/Documents/Udemy_Ros/ros2_ws/build/my_robot_bringup' returned '0': AMENT_PREFIX_PATH=/home/gaetano/Documents/Udemy_Ros/ros2_ws/install/my_py_pkg:/home/gaetano/Documents/Udemy_Ros/ros2_ws/install/my_cpp_pkg:/home/gaetano/Documents/Udemy_Ros/ros2_ws/install/my_robot_interfaces:${AMENT_PREFIX_PATH} CMAKE_PREFIX_PATH=/home/gaetano/Documents/Udemy_Ros/ros2_ws/install/my_cpp_pkg:/home/gaetano/Documents/Udemy_Ros/ros2_ws/install/my_robot_interfaces:/opt/ros/foxy LD_LIBRARY_PATH=/home/gaetano/Documents/Udemy_Ros/ros2_ws/install/my_robot_interfaces/lib:${LD_LIBRARY_PATH} PYTHONPATH=/home/gaetano/Documents/Udemy_Ros/ros2_ws/install/my_py_pkg/lib/python3.8/site-packages:/home/gaetano/Documents/Udemy_Ros/ros2_ws/install/my_robot_interfaces/lib/python3.8/site-packages:/opt/ros/foxy/lib/python3.8/site-packages:/home/gaetano/SuperGluePretrainedNetwork:/home/gaetano/SuperGluePretrainedNetwork /home/gaetano/.local/bin/cmake --install /home/gaetano/Documents/Udemy_Ros/ros2_ws/build/my_robot_bringup
[0.373s] Level 1:colcon.colcon_core.environment:checking '/home/gaetano/Documents/Udemy_Ros/ros2_ws/install/my_robot_bringup' for CMake module files
[0.373s] Level 1:colcon.colcon_core.environment:checking '/home/gaetano/Documents/Udemy_Ros/ros2_ws/install/my_robot_bringup' for CMake config files
[0.373s] Level 1:colcon.colcon_core.shell:create_environment_hook('my_robot_bringup', 'cmake_prefix_path')
[0.374s] INFO:colcon.colcon_core.shell:Creating environment hook '/home/gaetano/Documents/Udemy_Ros/ros2_ws/install/my_robot_bringup/share/my_robot_bringup/hook/cmake_prefix_path.ps1'
[0.374s] INFO:colcon.colcon_core.shell:Creating environment descriptor '/home/gaetano/Documents/Udemy_Ros/ros2_ws/install/my_robot_bringup/share/my_robot_bringup/hook/cmake_prefix_path.dsv'
[0.374s] INFO:colcon.colcon_core.shell:Creating environment hook '/home/gaetano/Documents/Udemy_Ros/ros2_ws/install/my_robot_bringup/share/my_robot_bringup/hook/cmake_prefix_path.sh'
[0.375s] Level 1:colcon.colcon_core.environment:checking '/home/gaetano/Documents/Udemy_Ros/ros2_ws/install/my_robot_bringup/bin'
[0.375s] Level 1:colcon.colcon_core.environment:checking '/home/gaetano/Documents/Udemy_Ros/ros2_ws/install/my_robot_bringup/lib/pkgconfig/my_robot_bringup.pc'
[0.375s] Level 1:colcon.colcon_core.environment:checking '/home/gaetano/Documents/Udemy_Ros/ros2_ws/install/my_robot_bringup/lib/python3.8/site-packages'
[0.375s] Level 1:colcon.colcon_core.environment:checking '/home/gaetano/Documents/Udemy_Ros/ros2_ws/install/my_robot_bringup/bin'
[0.376s] INFO:colcon.colcon_core.shell:Creating package script '/home/gaetano/Documents/Udemy_Ros/ros2_ws/install/my_robot_bringup/share/my_robot_bringup/package.ps1'
[0.376s] INFO:colcon.colcon_core.shell:Creating package descriptor '/home/gaetano/Documents/Udemy_Ros/ros2_ws/install/my_robot_bringup/share/my_robot_bringup/package.dsv'
[0.377s] INFO:colcon.colcon_core.shell:Creating package script '/home/gaetano/Documents/Udemy_Ros/ros2_ws/install/my_robot_bringup/share/my_robot_bringup/package.sh'
[0.377s] INFO:colcon.colcon_core.shell:Creating package script '/home/gaetano/Documents/Udemy_Ros/ros2_ws/install/my_robot_bringup/share/my_robot_bringup/package.bash'
[0.377s] INFO:colcon.colcon_core.shell:Creating package script '/home/gaetano/Documents/Udemy_Ros/ros2_ws/install/my_robot_bringup/share/my_robot_bringup/package.zsh'
[0.378s] Level 1:colcon.colcon_core.environment:create_file_with_runtime_dependencies(/home/gaetano/Documents/Udemy_Ros/ros2_ws/install/my_robot_bringup/share/colcon-core/packages/my_robot_bringup)
[0.404s] Level 1:colcon.colcon_core.environment:create_environment_scripts_only(my_robot_bringup)
[0.405s] Level 1:colcon.colcon_core.environment:checking '/home/gaetano/Documents/Udemy_Ros/ros2_ws/install/my_robot_bringup' for CMake module files
[0.405s] Level 1:colcon.colcon_core.environment:checking '/home/gaetano/Documents/Udemy_Ros/ros2_ws/install/my_robot_bringup' for CMake config files
[0.405s] Level 1:colcon.colcon_core.shell:create_environment_hook('my_robot_bringup', 'cmake_prefix_path')
[0.406s] INFO:colcon.colcon_core.shell:Creating environment hook '/home/gaetano/Documents/Udemy_Ros/ros2_ws/install/my_robot_bringup/share/my_robot_bringup/hook/cmake_prefix_path.ps1'
[0.407s] INFO:colcon.colcon_core.shell:Creating environment descriptor '/home/gaetano/Documents/Udemy_Ros/ros2_ws/install/my_robot_bringup/share/my_robot_bringup/hook/cmake_prefix_path.dsv'
[0.407s] INFO:colcon.colcon_core.shell:Creating environment hook '/home/gaetano/Documents/Udemy_Ros/ros2_ws/install/my_robot_bringup/share/my_robot_bringup/hook/cmake_prefix_path.sh'
[0.407s] Level 1:colcon.colcon_core.environment:checking '/home/gaetano/Documents/Udemy_Ros/ros2_ws/install/my_robot_bringup/bin'
[0.407s] Level 1:colcon.colcon_core.environment:checking '/home/gaetano/Documents/Udemy_Ros/ros2_ws/install/my_robot_bringup/lib/pkgconfig/my_robot_bringup.pc'
[0.407s] Level 1:colcon.colcon_core.environment:checking '/home/gaetano/Documents/Udemy_Ros/ros2_ws/install/my_robot_bringup/lib/python3.8/site-packages'
[0.407s] Level 1:colcon.colcon_core.environment:checking '/home/gaetano/Documents/Udemy_Ros/ros2_ws/install/my_robot_bringup/bin'
[0.408s] INFO:colcon.colcon_core.shell:Creating package script '/home/gaetano/Documents/Udemy_Ros/ros2_ws/install/my_robot_bringup/share/my_robot_bringup/package.ps1'
[0.408s] INFO:colcon.colcon_core.shell:Creating package descriptor '/home/gaetano/Documents/Udemy_Ros/ros2_ws/install/my_robot_bringup/share/my_robot_bringup/package.dsv'
[0.408s] INFO:colcon.colcon_core.shell:Creating package script '/home/gaetano/Documents/Udemy_Ros/ros2_ws/install/my_robot_bringup/share/my_robot_bringup/package.sh'
[0.409s] INFO:colcon.colcon_core.shell:Creating package script '/home/gaetano/Documents/Udemy_Ros/ros2_ws/install/my_robot_bringup/share/my_robot_bringup/package.bash'
[0.409s] INFO:colcon.colcon_core.shell:Creating package script '/home/gaetano/Documents/Udemy_Ros/ros2_ws/install/my_robot_bringup/share/my_robot_bringup/package.zsh'
[0.409s] Level 1:colcon.colcon_core.environment:create_file_with_runtime_dependencies(/home/gaetano/Documents/Udemy_Ros/ros2_ws/install/my_robot_bringup/share/colcon-core/packages/my_robot_bringup)
[0.409s] DEBUG:colcon.colcon_parallel_executor.executor.parallel:closing loop
[0.409s] DEBUG:colcon.colcon_parallel_executor.executor.parallel:loop closed
[0.409s] DEBUG:colcon.colcon_parallel_executor.executor.parallel:run_until_complete finished with '0'
[0.409s] DEBUG:colcon.colcon_core.event_reactor:joining thread
[0.414s] INFO:colcon.colcon_core.plugin_system:Skipping extension 'colcon_notification.desktop_notification.terminal_notifier': Not used on non-Darwin systems
[0.414s] INFO:colcon.colcon_core.plugin_system:Skipping extension 'colcon_notification.desktop_notification.win32': Not used on non-Windows systems
[0.414s] INFO:colcon.colcon_notification.desktop_notification:Sending desktop notification using 'notify2'
[0.426s] DEBUG:colcon.colcon_core.event_reactor:joined thread
[0.427s] INFO:colcon.colcon_core.shell:Creating prefix script '/home/gaetano/Documents/Udemy_Ros/ros2_ws/install/local_setup.ps1'
[0.428s] INFO:colcon.colcon_core.shell:Creating prefix util module '/home/gaetano/Documents/Udemy_Ros/ros2_ws/install/_local_setup_util_ps1.py'
[0.428s] INFO:colcon.colcon_core.shell:Creating prefix chain script '/home/gaetano/Documents/Udemy_Ros/ros2_ws/install/setup.ps1'
[0.429s] INFO:colcon.colcon_core.shell:Creating prefix script '/home/gaetano/Documents/Udemy_Ros/ros2_ws/install/local_setup.sh'
[0.430s] INFO:colcon.colcon_core.shell:Creating prefix util module '/home/gaetano/Documents/Udemy_Ros/ros2_ws/install/_local_setup_util_sh.py'
[0.430s] INFO:colcon.colcon_core.shell:Creating prefix chain script '/home/gaetano/Documents/Udemy_Ros/ros2_ws/install/setup.sh'
[0.431s] INFO:colcon.colcon_core.shell:Creating prefix script '/home/gaetano/Documents/Udemy_Ros/ros2_ws/install/local_setup.bash'
[0.431s] INFO:colcon.colcon_core.shell:Creating prefix chain script '/home/gaetano/Documents/Udemy_Ros/ros2_ws/install/setup.bash'
[0.432s] INFO:colcon.colcon_core.shell:Creating prefix script '/home/gaetano/Documents/Udemy_Ros/ros2_ws/install/local_setup.zsh'
[0.432s] INFO:colcon.colcon_core.shell:Creating prefix chain script '/home/gaetano/Documents/Udemy_Ros/ros2_ws/install/setup.zsh'
