[0.011s] Invoking command in '/home/gaetano/Documents/Udemy_Ros/ros2_ws/build/my_cpp_pkg': CMAKE_PREFIX_PATH=/opt/ros/foxy /home/gaetano/.local/bin/cmake --build /home/gaetano/Documents/Udemy_Ros/ros2_ws/build/my_cpp_pkg -- -j20 -l20
[0.042s] [ 16%] Built target cpp_node
[0.042s] [ 33%] Built target smartphone
[0.042s] [ 50%] Built target add_two_ints_server
[0.043s] [ 66%] Built target add_two_ints_client_no_oop
[0.044s] [ 83%] Built target robot_news_station
[0.044s] [100%] Built target add_two_ints_client
[0.050s] Invoked command in '/home/gaetano/Documents/Udemy_Ros/ros2_ws/build/my_cpp_pkg' returned '0': CMAKE_PREFIX_PATH=/opt/ros/foxy /home/gaetano/.local/bin/cmake --build /home/gaetano/Documents/Udemy_Ros/ros2_ws/build/my_cpp_pkg -- -j20 -l20
[0.106s] Invoking command in '/home/gaetano/Documents/Udemy_Ros/ros2_ws/build/my_cpp_pkg': CMAKE_PREFIX_PATH=/opt/ros/foxy /home/gaetano/.local/bin/cmake --install /home/gaetano/Documents/Udemy_Ros/ros2_ws/build/my_cpp_pkg
[0.124s] -- Install configuration: ""
[0.125s] -- Up-to-date: /home/gaetano/Documents/Udemy_Ros/ros2_ws/install/my_cpp_pkg/lib/my_cpp_pkg/cpp_node
[0.125s] -- Up-to-date: /home/gaetano/Documents/Udemy_Ros/ros2_ws/install/my_cpp_pkg/lib/my_cpp_pkg/robot_news_station
[0.125s] -- Up-to-date: /home/gaetano/Documents/Udemy_Ros/ros2_ws/install/my_cpp_pkg/lib/my_cpp_pkg/smartphone
[0.125s] -- Up-to-date: /home/gaetano/Documents/Udemy_Ros/ros2_ws/install/my_cpp_pkg/lib/my_cpp_pkg/add_two_ints_server
[0.125s] -- Up-to-date: /home/gaetano/Documents/Udemy_Ros/ros2_ws/install/my_cpp_pkg/lib/my_cpp_pkg/add_two_ints_client_no_oop
[0.125s] -- Up-to-date: /home/gaetano/Documents/Udemy_Ros/ros2_ws/install/my_cpp_pkg/lib/my_cpp_pkg/add_two_ints_client
[0.125s] -- Up-to-date: /home/gaetano/Documents/Udemy_Ros/ros2_ws/install/my_cpp_pkg/share/ament_index/resource_index/package_run_dependencies/my_cpp_pkg
[0.125s] -- Up-to-date: /home/gaetano/Documents/Udemy_Ros/ros2_ws/install/my_cpp_pkg/share/ament_index/resource_index/parent_prefix_path/my_cpp_pkg
[0.125s] -- Up-to-date: /home/gaetano/Documents/Udemy_Ros/ros2_ws/install/my_cpp_pkg/share/my_cpp_pkg/environment/ament_prefix_path.sh
[0.125s] -- Up-to-date: /home/gaetano/Documents/Udemy_Ros/ros2_ws/install/my_cpp_pkg/share/my_cpp_pkg/environment/ament_prefix_path.dsv
[0.125s] -- Up-to-date: /home/gaetano/Documents/Udemy_Ros/ros2_ws/install/my_cpp_pkg/share/my_cpp_pkg/environment/path.sh
[0.125s] -- Up-to-date: /home/gaetano/Documents/Udemy_Ros/ros2_ws/install/my_cpp_pkg/share/my_cpp_pkg/environment/path.dsv
[0.125s] -- Up-to-date: /home/gaetano/Documents/Udemy_Ros/ros2_ws/install/my_cpp_pkg/share/my_cpp_pkg/local_setup.bash
[0.125s] -- Up-to-date: /home/gaetano/Documents/Udemy_Ros/ros2_ws/install/my_cpp_pkg/share/my_cpp_pkg/local_setup.sh
[0.125s] -- Up-to-date: /home/gaetano/Documents/Udemy_Ros/ros2_ws/install/my_cpp_pkg/share/my_cpp_pkg/local_setup.zsh
[0.126s] -- Up-to-date: /home/gaetano/Documents/Udemy_Ros/ros2_ws/install/my_cpp_pkg/share/my_cpp_pkg/local_setup.dsv
[0.126s] -- Installing: /home/gaetano/Documents/Udemy_Ros/ros2_ws/install/my_cpp_pkg/share/my_cpp_pkg/package.dsv
[0.126s] -- Up-to-date: /home/gaetano/Documents/Udemy_Ros/ros2_ws/install/my_cpp_pkg/share/ament_index/resource_index/packages/my_cpp_pkg
[0.126s] -- Up-to-date: /home/gaetano/Documents/Udemy_Ros/ros2_ws/install/my_cpp_pkg/share/my_cpp_pkg/cmake/my_cpp_pkgConfig.cmake
[0.126s] -- Up-to-date: /home/gaetano/Documents/Udemy_Ros/ros2_ws/install/my_cpp_pkg/share/my_cpp_pkg/cmake/my_cpp_pkgConfig-version.cmake
[0.126s] -- Up-to-date: /home/gaetano/Documents/Udemy_Ros/ros2_ws/install/my_cpp_pkg/share/my_cpp_pkg/package.xml
[0.130s] Invoked command in '/home/gaetano/Documents/Udemy_Ros/ros2_ws/build/my_cpp_pkg' returned '0': CMAKE_PREFIX_PATH=/opt/ros/foxy /home/gaetano/.local/bin/cmake --install /home/gaetano/Documents/Udemy_Ros/ros2_ws/build/my_cpp_pkg
