[0.014s] Invoking command in '/home/gaetano/Documents/Udemy_Ros/ros2_ws/build/my_cpp_pkg': CMAKE_PREFIX_PATH=/home/gaetano/Documents/Udemy_Ros/ros2_ws/install/my_robot_interfaces:/home/gaetano/Documents/Udemy_Ros/ros2_ws/install/my_cpp_pkg:/home/gaetano/Documents/Udemy_Ros/ros2_ws/install/my_py_pkg:/opt/ros/foxy PYTHONPATH=/home/gaetano/Documents/Udemy_Ros/ros2_ws/install/my_robot_interfaces/lib/python3.8/site-packages:/home/gaetano/Documents/Udemy_Ros/ros2_ws/install/my_py_pkg/lib/python3.8/site-packages:/opt/ros/foxy/lib/python3.8/site-packages:/home/gaetano/SuperGluePretrainedNetwork:/home/gaetano/SuperGluePretrainedNetwork:/home/gaetano/SuperGluePretrainedNetwork /home/gaetano/.local/bin/cmake --build /home/gaetano/Documents/Udemy_Ros/ros2_ws/build/my_cpp_pkg -- -j20 -l20
[0.048s] [ 14%] Built target cpp_node
[0.048s] [ 28%] Built target robot_news_station
[0.048s] [ 42%] Built target smartphone
[0.049s] [ 50%] [32mBuilding CXX object CMakeFiles/hardware_status_publisher.dir/src/hw_status_publisher.cpp.o[0m
[0.049s] [ 64%] Built target add_two_ints_server
[0.049s] [ 78%] Built target add_two_ints_client
[0.050s] [ 92%] Built target add_two_ints_client_no_oop
[1.766s] [100%] [32m[1mLinking CXX executable hardware_status_publisher[0m
[1.859s] [100%] Built target hardware_status_publisher
[1.866s] Invoked command in '/home/gaetano/Documents/Udemy_Ros/ros2_ws/build/my_cpp_pkg' returned '0': CMAKE_PREFIX_PATH=/home/gaetano/Documents/Udemy_Ros/ros2_ws/install/my_robot_interfaces:/home/gaetano/Documents/Udemy_Ros/ros2_ws/install/my_cpp_pkg:/home/gaetano/Documents/Udemy_Ros/ros2_ws/install/my_py_pkg:/opt/ros/foxy PYTHONPATH=/home/gaetano/Documents/Udemy_Ros/ros2_ws/install/my_robot_interfaces/lib/python3.8/site-packages:/home/gaetano/Documents/Udemy_Ros/ros2_ws/install/my_py_pkg/lib/python3.8/site-packages:/opt/ros/foxy/lib/python3.8/site-packages:/home/gaetano/SuperGluePretrainedNetwork:/home/gaetano/SuperGluePretrainedNetwork:/home/gaetano/SuperGluePretrainedNetwork /home/gaetano/.local/bin/cmake --build /home/gaetano/Documents/Udemy_Ros/ros2_ws/build/my_cpp_pkg -- -j20 -l20
[1.902s] Invoking command in '/home/gaetano/Documents/Udemy_Ros/ros2_ws/build/my_cpp_pkg': CMAKE_PREFIX_PATH=/home/gaetano/Documents/Udemy_Ros/ros2_ws/install/my_robot_interfaces:/home/gaetano/Documents/Udemy_Ros/ros2_ws/install/my_cpp_pkg:/home/gaetano/Documents/Udemy_Ros/ros2_ws/install/my_py_pkg:/opt/ros/foxy PYTHONPATH=/home/gaetano/Documents/Udemy_Ros/ros2_ws/install/my_robot_interfaces/lib/python3.8/site-packages:/home/gaetano/Documents/Udemy_Ros/ros2_ws/install/my_py_pkg/lib/python3.8/site-packages:/opt/ros/foxy/lib/python3.8/site-packages:/home/gaetano/SuperGluePretrainedNetwork:/home/gaetano/SuperGluePretrainedNetwork:/home/gaetano/SuperGluePretrainedNetwork /home/gaetano/.local/bin/cmake --install /home/gaetano/Documents/Udemy_Ros/ros2_ws/build/my_cpp_pkg
[1.920s] -- Install configuration: ""
[1.921s] -- Up-to-date: /home/gaetano/Documents/Udemy_Ros/ros2_ws/install/my_cpp_pkg/lib/my_cpp_pkg/cpp_node
[1.921s] -- Up-to-date: /home/gaetano/Documents/Udemy_Ros/ros2_ws/install/my_cpp_pkg/lib/my_cpp_pkg/robot_news_station
[1.921s] -- Up-to-date: /home/gaetano/Documents/Udemy_Ros/ros2_ws/install/my_cpp_pkg/lib/my_cpp_pkg/smartphone
[1.921s] -- Up-to-date: /home/gaetano/Documents/Udemy_Ros/ros2_ws/install/my_cpp_pkg/lib/my_cpp_pkg/add_two_ints_server
[1.921s] -- Up-to-date: /home/gaetano/Documents/Udemy_Ros/ros2_ws/install/my_cpp_pkg/lib/my_cpp_pkg/add_two_ints_client_no_oop
[1.921s] -- Up-to-date: /home/gaetano/Documents/Udemy_Ros/ros2_ws/install/my_cpp_pkg/lib/my_cpp_pkg/add_two_ints_client
[1.921s] -- Installing: /home/gaetano/Documents/Udemy_Ros/ros2_ws/install/my_cpp_pkg/lib/my_cpp_pkg/hardware_status_publisher
[1.921s] -- Set runtime path of "/home/gaetano/Documents/Udemy_Ros/ros2_ws/install/my_cpp_pkg/lib/my_cpp_pkg/hardware_status_publisher" to ""
[1.921s] -- Up-to-date: /home/gaetano/Documents/Udemy_Ros/ros2_ws/install/my_cpp_pkg/share/ament_index/resource_index/package_run_dependencies/my_cpp_pkg
[1.921s] -- Up-to-date: /home/gaetano/Documents/Udemy_Ros/ros2_ws/install/my_cpp_pkg/share/ament_index/resource_index/parent_prefix_path/my_cpp_pkg
[1.921s] -- Up-to-date: /home/gaetano/Documents/Udemy_Ros/ros2_ws/install/my_cpp_pkg/share/my_cpp_pkg/environment/ament_prefix_path.sh
[1.922s] -- Up-to-date: /home/gaetano/Documents/Udemy_Ros/ros2_ws/install/my_cpp_pkg/share/my_cpp_pkg/environment/ament_prefix_path.dsv
[1.922s] -- Up-to-date: /home/gaetano/Documents/Udemy_Ros/ros2_ws/install/my_cpp_pkg/share/my_cpp_pkg/environment/path.sh
[1.922s] -- Up-to-date: /home/gaetano/Documents/Udemy_Ros/ros2_ws/install/my_cpp_pkg/share/my_cpp_pkg/environment/path.dsv
[1.922s] -- Up-to-date: /home/gaetano/Documents/Udemy_Ros/ros2_ws/install/my_cpp_pkg/share/my_cpp_pkg/local_setup.bash
[1.922s] -- Up-to-date: /home/gaetano/Documents/Udemy_Ros/ros2_ws/install/my_cpp_pkg/share/my_cpp_pkg/local_setup.sh
[1.922s] -- Up-to-date: /home/gaetano/Documents/Udemy_Ros/ros2_ws/install/my_cpp_pkg/share/my_cpp_pkg/local_setup.zsh
[1.922s] -- Up-to-date: /home/gaetano/Documents/Udemy_Ros/ros2_ws/install/my_cpp_pkg/share/my_cpp_pkg/local_setup.dsv
[1.922s] -- Installing: /home/gaetano/Documents/Udemy_Ros/ros2_ws/install/my_cpp_pkg/share/my_cpp_pkg/package.dsv
[1.922s] -- Up-to-date: /home/gaetano/Documents/Udemy_Ros/ros2_ws/install/my_cpp_pkg/share/ament_index/resource_index/packages/my_cpp_pkg
[1.922s] -- Up-to-date: /home/gaetano/Documents/Udemy_Ros/ros2_ws/install/my_cpp_pkg/share/my_cpp_pkg/cmake/my_cpp_pkgConfig.cmake
[1.922s] -- Up-to-date: /home/gaetano/Documents/Udemy_Ros/ros2_ws/install/my_cpp_pkg/share/my_cpp_pkg/cmake/my_cpp_pkgConfig-version.cmake
[1.922s] -- Up-to-date: /home/gaetano/Documents/Udemy_Ros/ros2_ws/install/my_cpp_pkg/share/my_cpp_pkg/package.xml
[1.927s] Invoked command in '/home/gaetano/Documents/Udemy_Ros/ros2_ws/build/my_cpp_pkg' returned '0': CMAKE_PREFIX_PATH=/home/gaetano/Documents/Udemy_Ros/ros2_ws/install/my_robot_interfaces:/home/gaetano/Documents/Udemy_Ros/ros2_ws/install/my_cpp_pkg:/home/gaetano/Documents/Udemy_Ros/ros2_ws/install/my_py_pkg:/opt/ros/foxy PYTHONPATH=/home/gaetano/Documents/Udemy_Ros/ros2_ws/install/my_robot_interfaces/lib/python3.8/site-packages:/home/gaetano/Documents/Udemy_Ros/ros2_ws/install/my_py_pkg/lib/python3.8/site-packages:/opt/ros/foxy/lib/python3.8/site-packages:/home/gaetano/SuperGluePretrainedNetwork:/home/gaetano/SuperGluePretrainedNetwork:/home/gaetano/SuperGluePretrainedNetwork /home/gaetano/.local/bin/cmake --install /home/gaetano/Documents/Udemy_Ros/ros2_ws/build/my_cpp_pkg
