[0.017s] Invoking command in '/home/gaetano/Documents/Udemy_Ros/ros2_ws/build/my_robot_interfaces': CMAKE_PREFIX_PATH=${CMAKE_PREFIX_PATH}:/home/gaetano/Documents/Udemy_Ros/ros2_ws/install/my_py_pkg:/opt/ros/foxy /home/gaetano/.local/bin/cmake --build /home/gaetano/Documents/Udemy_Ros/ros2_ws/build/my_robot_interfaces -- -j20 -l20
[0.047s] [  1%] Built target my_robot_interfaces__cpp
[0.048s] [ 12%] Built target my_robot_interfaces__rosidl_generator_c
[0.054s] [ 23%] Built target my_robot_interfaces__rosidl_typesupport_cpp
[0.054s] [ 34%] Built target my_robot_interfaces__rosidl_typesupport_introspection_c
[0.054s] [ 45%] Built target my_robot_interfaces__rosidl_typesupport_c
[0.054s] [ 56%] Built target my_robot_interfaces__rosidl_typesupport_fastrtps_cpp
[0.055s] [ 67%] Built target my_robot_interfaces__rosidl_typesupport_introspection_cpp
[0.062s] [ 78%] Built target my_robot_interfaces__rosidl_typesupport_fastrtps_c
[0.066s] [ 78%] Built target my_robot_interfaces
[0.072s] [ 80%] Built target my_robot_interfaces__py
[0.079s] [ 89%] Built target my_robot_interfaces__python
[0.085s] [ 92%] Built target my_robot_interfaces__rosidl_typesupport_fastrtps_c__pyext
[0.085s] [100%] Built target my_robot_interfaces__rosidl_typesupport_introspection_c__pyext
[0.085s] [100%] Built target my_robot_interfaces__rosidl_typesupport_c__pyext
[0.091s] Invoked command in '/home/gaetano/Documents/Udemy_Ros/ros2_ws/build/my_robot_interfaces' returned '0': CMAKE_PREFIX_PATH=${CMAKE_PREFIX_PATH}:/home/gaetano/Documents/Udemy_Ros/ros2_ws/install/my_py_pkg:/opt/ros/foxy /home/gaetano/.local/bin/cmake --build /home/gaetano/Documents/Udemy_Ros/ros2_ws/build/my_robot_interfaces -- -j20 -l20
[0.187s] Invoking command in '/home/gaetano/Documents/Udemy_Ros/ros2_ws/build/my_robot_interfaces': CMAKE_PREFIX_PATH=${CMAKE_PREFIX_PATH}:/home/gaetano/Documents/Udemy_Ros/ros2_ws/install/my_py_pkg:/opt/ros/foxy /home/gaetano/.local/bin/cmake --install /home/gaetano/Documents/Udemy_Ros/ros2_ws/build/my_robot_interfaces
[0.208s] -- Install configuration: ""
[0.208s] -- Up-to-date: /home/gaetano/Documents/Udemy_Ros/ros2_ws/install/my_robot_interfaces/share/ament_index/resource_index/rosidl_interfaces/my_robot_interfaces
[0.208s] -- Up-to-date: /home/gaetano/Documents/Udemy_Ros/ros2_ws/install/my_robot_interfaces/include/my_robot_interfaces
[0.208s] -- Up-to-date: /home/gaetano/Documents/Udemy_Ros/ros2_ws/install/my_robot_interfaces/include/my_robot_interfaces/msg
[0.208s] -- Up-to-date: /home/gaetano/Documents/Udemy_Ros/ros2_ws/install/my_robot_interfaces/include/my_robot_interfaces/msg/detail
[0.208s] -- Up-to-date: /home/gaetano/Documents/Udemy_Ros/ros2_ws/install/my_robot_interfaces/include/my_robot_interfaces/msg/detail/hardware_status__type_support.h
[0.208s] -- Up-to-date: /home/gaetano/Documents/Udemy_Ros/ros2_ws/install/my_robot_interfaces/include/my_robot_interfaces/msg/detail/led_state__type_support.h
[0.208s] -- Up-to-date: /home/gaetano/Documents/Udemy_Ros/ros2_ws/install/my_robot_interfaces/include/my_robot_interfaces/msg/detail/hardware_status__struct.h
[0.208s] -- Up-to-date: /home/gaetano/Documents/Udemy_Ros/ros2_ws/install/my_robot_interfaces/include/my_robot_interfaces/msg/detail/hardware_status__functions.c
[0.208s] -- Up-to-date: /home/gaetano/Documents/Udemy_Ros/ros2_ws/install/my_robot_interfaces/include/my_robot_interfaces/msg/detail/led_state__functions.c
[0.208s] -- Up-to-date: /home/gaetano/Documents/Udemy_Ros/ros2_ws/install/my_robot_interfaces/include/my_robot_interfaces/msg/detail/led_state__functions.h
[0.208s] -- Up-to-date: /home/gaetano/Documents/Udemy_Ros/ros2_ws/install/my_robot_interfaces/include/my_robot_interfaces/msg/detail/hardware_status__functions.h
[0.209s] -- Up-to-date: /home/gaetano/Documents/Udemy_Ros/ros2_ws/install/my_robot_interfaces/include/my_robot_interfaces/msg/detail/led_state__struct.h
[0.209s] -- Up-to-date: /home/gaetano/Documents/Udemy_Ros/ros2_ws/install/my_robot_interfaces/include/my_robot_interfaces/msg/led_state.h
[0.209s] -- Up-to-date: /home/gaetano/Documents/Udemy_Ros/ros2_ws/install/my_robot_interfaces/include/my_robot_interfaces/msg/rosidl_generator_c__visibility_control.h
[0.209s] -- Up-to-date: /home/gaetano/Documents/Udemy_Ros/ros2_ws/install/my_robot_interfaces/include/my_robot_interfaces/msg/hardware_status.h
[0.209s] -- Up-to-date: /home/gaetano/Documents/Udemy_Ros/ros2_ws/install/my_robot_interfaces/include/my_robot_interfaces/srv
[0.209s] -- Up-to-date: /home/gaetano/Documents/Udemy_Ros/ros2_ws/install/my_robot_interfaces/include/my_robot_interfaces/srv/detail
[0.209s] -- Up-to-date: /home/gaetano/Documents/Udemy_Ros/ros2_ws/install/my_robot_interfaces/include/my_robot_interfaces/srv/detail/compute_rectangle_area__struct.h
[0.209s] -- Up-to-date: /home/gaetano/Documents/Udemy_Ros/ros2_ws/install/my_robot_interfaces/include/my_robot_interfaces/srv/detail/compute_rectangle_area__functions.c
[0.209s] -- Up-to-date: /home/gaetano/Documents/Udemy_Ros/ros2_ws/install/my_robot_interfaces/include/my_robot_interfaces/srv/detail/compute_rectangle_area__type_support.h
[0.209s] -- Up-to-date: /home/gaetano/Documents/Udemy_Ros/ros2_ws/install/my_robot_interfaces/include/my_robot_interfaces/srv/detail/set_led__type_support.h
[0.209s] -- Up-to-date: /home/gaetano/Documents/Udemy_Ros/ros2_ws/install/my_robot_interfaces/include/my_robot_interfaces/srv/detail/set_led__functions.h
[0.209s] -- Up-to-date: /home/gaetano/Documents/Udemy_Ros/ros2_ws/install/my_robot_interfaces/include/my_robot_interfaces/srv/detail/set_led__functions.c
[0.209s] -- Up-to-date: /home/gaetano/Documents/Udemy_Ros/ros2_ws/install/my_robot_interfaces/include/my_robot_interfaces/srv/detail/compute_rectangle_area__functions.h
[0.209s] -- Up-to-date: /home/gaetano/Documents/Udemy_Ros/ros2_ws/install/my_robot_interfaces/include/my_robot_interfaces/srv/detail/set_led__struct.h
[0.209s] -- Up-to-date: /home/gaetano/Documents/Udemy_Ros/ros2_ws/install/my_robot_interfaces/include/my_robot_interfaces/srv/compute_rectangle_area.h
[0.209s] -- Up-to-date: /home/gaetano/Documents/Udemy_Ros/ros2_ws/install/my_robot_interfaces/include/my_robot_interfaces/srv/set_led.h
[0.209s] -- Up-to-date: /home/gaetano/Documents/Udemy_Ros/ros2_ws/install/my_robot_interfaces/share/my_robot_interfaces/environment/library_path.sh
[0.210s] -- Up-to-date: /home/gaetano/Documents/Udemy_Ros/ros2_ws/install/my_robot_interfaces/share/my_robot_interfaces/environment/library_path.dsv
[0.210s] -- Up-to-date: /home/gaetano/Documents/Udemy_Ros/ros2_ws/install/my_robot_interfaces/lib/libmy_robot_interfaces__rosidl_generator_c.so
[0.210s] -- Up-to-date: /home/gaetano/Documents/Udemy_Ros/ros2_ws/install/my_robot_interfaces/include/my_robot_interfaces
[0.210s] -- Up-to-date: /home/gaetano/Documents/Udemy_Ros/ros2_ws/install/my_robot_interfaces/include/my_robot_interfaces/msg
[0.210s] -- Up-to-date: /home/gaetano/Documents/Udemy_Ros/ros2_ws/install/my_robot_interfaces/include/my_robot_interfaces/msg/detail
[0.210s] -- Up-to-date: /home/gaetano/Documents/Udemy_Ros/ros2_ws/install/my_robot_interfaces/include/my_robot_interfaces/msg/detail/led_state__rosidl_typesupport_fastrtps_c.h
[0.210s] -- Up-to-date: /home/gaetano/Documents/Udemy_Ros/ros2_ws/install/my_robot_interfaces/include/my_robot_interfaces/msg/detail/hardware_status__rosidl_typesupport_fastrtps_c.h
[0.210s] -- Up-to-date: /home/gaetano/Documents/Udemy_Ros/ros2_ws/install/my_robot_interfaces/include/my_robot_interfaces/msg/rosidl_typesupport_fastrtps_c__visibility_control.h
[0.210s] -- Up-to-date: /home/gaetano/Documents/Udemy_Ros/ros2_ws/install/my_robot_interfaces/include/my_robot_interfaces/srv
[0.210s] -- Up-to-date: /home/gaetano/Documents/Udemy_Ros/ros2_ws/install/my_robot_interfaces/include/my_robot_interfaces/srv/detail
[0.210s] -- Up-to-date: /home/gaetano/Documents/Udemy_Ros/ros2_ws/install/my_robot_interfaces/include/my_robot_interfaces/srv/detail/set_led__rosidl_typesupport_fastrtps_c.h
[0.210s] -- Up-to-date: /home/gaetano/Documents/Udemy_Ros/ros2_ws/install/my_robot_interfaces/include/my_robot_interfaces/srv/detail/compute_rectangle_area__rosidl_typesupport_fastrtps_c.h
[0.210s] -- Up-to-date: /home/gaetano/Documents/Udemy_Ros/ros2_ws/install/my_robot_interfaces/lib/libmy_robot_interfaces__rosidl_typesupport_fastrtps_c.so
[0.210s] -- Up-to-date: /home/gaetano/Documents/Udemy_Ros/ros2_ws/install/my_robot_interfaces/include/my_robot_interfaces
[0.210s] -- Up-to-date: /home/gaetano/Documents/Udemy_Ros/ros2_ws/install/my_robot_interfaces/include/my_robot_interfaces/msg
[0.210s] -- Up-to-date: /home/gaetano/Documents/Udemy_Ros/ros2_ws/install/my_robot_interfaces/include/my_robot_interfaces/msg/detail
[0.210s] -- Up-to-date: /home/gaetano/Documents/Udemy_Ros/ros2_ws/install/my_robot_interfaces/include/my_robot_interfaces/msg/detail/hardware_status__rosidl_typesupport_fastrtps_cpp.hpp
[0.210s] -- Up-to-date: /home/gaetano/Documents/Udemy_Ros/ros2_ws/install/my_robot_interfaces/include/my_robot_interfaces/msg/detail/dds_fastrtps
[0.210s] -- Up-to-date: /home/gaetano/Documents/Udemy_Ros/ros2_ws/install/my_robot_interfaces/include/my_robot_interfaces/msg/detail/led_state__rosidl_typesupport_fastrtps_cpp.hpp
[0.210s] -- Up-to-date: /home/gaetano/Documents/Udemy_Ros/ros2_ws/install/my_robot_interfaces/include/my_robot_interfaces/msg/rosidl_typesupport_fastrtps_cpp__visibility_control.h
[0.210s] -- Up-to-date: /home/gaetano/Documents/Udemy_Ros/ros2_ws/install/my_robot_interfaces/include/my_robot_interfaces/srv
[0.210s] -- Up-to-date: /home/gaetano/Documents/Udemy_Ros/ros2_ws/install/my_robot_interfaces/include/my_robot_interfaces/srv/detail
[0.210s] -- Up-to-date: /home/gaetano/Documents/Udemy_Ros/ros2_ws/install/my_robot_interfaces/include/my_robot_interfaces/srv/detail/set_led__rosidl_typesupport_fastrtps_cpp.hpp
[0.210s] -- Up-to-date: /home/gaetano/Documents/Udemy_Ros/ros2_ws/install/my_robot_interfaces/include/my_robot_interfaces/srv/detail/dds_fastrtps
[0.210s] -- Up-to-date: /home/gaetano/Documents/Udemy_Ros/ros2_ws/install/my_robot_interfaces/include/my_robot_interfaces/srv/detail/compute_rectangle_area__rosidl_typesupport_fastrtps_cpp.hpp
[0.210s] -- Up-to-date: /home/gaetano/Documents/Udemy_Ros/ros2_ws/install/my_robot_interfaces/lib/libmy_robot_interfaces__rosidl_typesupport_fastrtps_cpp.so
[0.210s] -- Up-to-date: /home/gaetano/Documents/Udemy_Ros/ros2_ws/install/my_robot_interfaces/include/my_robot_interfaces
[0.210s] -- Up-to-date: /home/gaetano/Documents/Udemy_Ros/ros2_ws/install/my_robot_interfaces/include/my_robot_interfaces/msg
[0.210s] -- Up-to-date: /home/gaetano/Documents/Udemy_Ros/ros2_ws/install/my_robot_interfaces/include/my_robot_interfaces/msg/detail
[0.210s] -- Up-to-date: /home/gaetano/Documents/Udemy_Ros/ros2_ws/install/my_robot_interfaces/include/my_robot_interfaces/msg/detail/led_state__rosidl_typesupport_introspection_c.h
[0.210s] -- Up-to-date: /home/gaetano/Documents/Udemy_Ros/ros2_ws/install/my_robot_interfaces/include/my_robot_interfaces/msg/detail/led_state__type_support.c
[0.210s] -- Up-to-date: /home/gaetano/Documents/Udemy_Ros/ros2_ws/install/my_robot_interfaces/include/my_robot_interfaces/msg/detail/hardware_status__type_support.c
[0.210s] -- Up-to-date: /home/gaetano/Documents/Udemy_Ros/ros2_ws/install/my_robot_interfaces/include/my_robot_interfaces/msg/detail/hardware_status__rosidl_typesupport_introspection_c.h
[0.210s] -- Up-to-date: /home/gaetano/Documents/Udemy_Ros/ros2_ws/install/my_robot_interfaces/include/my_robot_interfaces/msg/rosidl_typesupport_introspection_c__visibility_control.h
[0.211s] -- Up-to-date: /home/gaetano/Documents/Udemy_Ros/ros2_ws/install/my_robot_interfaces/include/my_robot_interfaces/srv
[0.211s] -- Up-to-date: /home/gaetano/Documents/Udemy_Ros/ros2_ws/install/my_robot_interfaces/include/my_robot_interfaces/srv/detail
[0.211s] -- Up-to-date: /home/gaetano/Documents/Udemy_Ros/ros2_ws/install/my_robot_interfaces/include/my_robot_interfaces/srv/detail/compute_rectangle_area__type_support.c
[0.211s] -- Up-to-date: /home/gaetano/Documents/Udemy_Ros/ros2_ws/install/my_robot_interfaces/include/my_robot_interfaces/srv/detail/set_led__type_support.c
[0.211s] -- Up-to-date: /home/gaetano/Documents/Udemy_Ros/ros2_ws/install/my_robot_interfaces/include/my_robot_interfaces/srv/detail/compute_rectangle_area__rosidl_typesupport_introspection_c.h
[0.211s] -- Up-to-date: /home/gaetano/Documents/Udemy_Ros/ros2_ws/install/my_robot_interfaces/include/my_robot_interfaces/srv/detail/set_led__rosidl_typesupport_introspection_c.h
[0.211s] -- Up-to-date: /home/gaetano/Documents/Udemy_Ros/ros2_ws/install/my_robot_interfaces/lib/libmy_robot_interfaces__rosidl_typesupport_introspection_c.so
[0.211s] -- Up-to-date: /home/gaetano/Documents/Udemy_Ros/ros2_ws/install/my_robot_interfaces/lib/libmy_robot_interfaces__rosidl_typesupport_c.so
[0.211s] -- Up-to-date: /home/gaetano/Documents/Udemy_Ros/ros2_ws/install/my_robot_interfaces/include/my_robot_interfaces
[0.211s] -- Up-to-date: /home/gaetano/Documents/Udemy_Ros/ros2_ws/install/my_robot_interfaces/include/my_robot_interfaces/msg
[0.211s] -- Up-to-date: /home/gaetano/Documents/Udemy_Ros/ros2_ws/install/my_robot_interfaces/include/my_robot_interfaces/msg/detail
[0.211s] -- Up-to-date: /home/gaetano/Documents/Udemy_Ros/ros2_ws/install/my_robot_interfaces/include/my_robot_interfaces/msg/detail/led_state__traits.hpp
[0.211s] -- Up-to-date: /home/gaetano/Documents/Udemy_Ros/ros2_ws/install/my_robot_interfaces/include/my_robot_interfaces/msg/detail/hardware_status__traits.hpp
[0.211s] -- Up-to-date: /home/gaetano/Documents/Udemy_Ros/ros2_ws/install/my_robot_interfaces/include/my_robot_interfaces/msg/detail/hardware_status__builder.hpp
[0.211s] -- Up-to-date: /home/gaetano/Documents/Udemy_Ros/ros2_ws/install/my_robot_interfaces/include/my_robot_interfaces/msg/detail/hardware_status__type_support.hpp
[0.211s] -- Up-to-date: /home/gaetano/Documents/Udemy_Ros/ros2_ws/install/my_robot_interfaces/include/my_robot_interfaces/msg/detail/led_state__builder.hpp
[0.211s] -- Up-to-date: /home/gaetano/Documents/Udemy_Ros/ros2_ws/install/my_robot_interfaces/include/my_robot_interfaces/msg/detail/led_state__type_support.hpp
[0.211s] -- Up-to-date: /home/gaetano/Documents/Udemy_Ros/ros2_ws/install/my_robot_interfaces/include/my_robot_interfaces/msg/detail/hardware_status__struct.hpp
[0.211s] -- Up-to-date: /home/gaetano/Documents/Udemy_Ros/ros2_ws/install/my_robot_interfaces/include/my_robot_interfaces/msg/detail/led_state__struct.hpp
[0.211s] -- Up-to-date: /home/gaetano/Documents/Udemy_Ros/ros2_ws/install/my_robot_interfaces/include/my_robot_interfaces/msg/led_state.hpp
[0.211s] -- Up-to-date: /home/gaetano/Documents/Udemy_Ros/ros2_ws/install/my_robot_interfaces/include/my_robot_interfaces/msg/hardware_status.hpp
[0.211s] -- Up-to-date: /home/gaetano/Documents/Udemy_Ros/ros2_ws/install/my_robot_interfaces/include/my_robot_interfaces/msg/rosidl_generator_cpp__visibility_control.hpp
[0.211s] -- Up-to-date: /home/gaetano/Documents/Udemy_Ros/ros2_ws/install/my_robot_interfaces/include/my_robot_interfaces/srv
[0.211s] -- Up-to-date: /home/gaetano/Documents/Udemy_Ros/ros2_ws/install/my_robot_interfaces/include/my_robot_interfaces/srv/detail
[0.211s] -- Up-to-date: /home/gaetano/Documents/Udemy_Ros/ros2_ws/install/my_robot_interfaces/include/my_robot_interfaces/srv/detail/compute_rectangle_area__struct.hpp
[0.211s] -- Up-to-date: /home/gaetano/Documents/Udemy_Ros/ros2_ws/install/my_robot_interfaces/include/my_robot_interfaces/srv/detail/set_led__struct.hpp
[0.211s] -- Up-to-date: /home/gaetano/Documents/Udemy_Ros/ros2_ws/install/my_robot_interfaces/include/my_robot_interfaces/srv/detail/set_led__traits.hpp
[0.211s] -- Up-to-date: /home/gaetano/Documents/Udemy_Ros/ros2_ws/install/my_robot_interfaces/include/my_robot_interfaces/srv/detail/set_led__builder.hpp
[0.211s] -- Up-to-date: /home/gaetano/Documents/Udemy_Ros/ros2_ws/install/my_robot_interfaces/include/my_robot_interfaces/srv/detail/compute_rectangle_area__builder.hpp
[0.211s] -- Up-to-date: /home/gaetano/Documents/Udemy_Ros/ros2_ws/install/my_robot_interfaces/include/my_robot_interfaces/srv/detail/compute_rectangle_area__type_support.hpp
[0.211s] -- Up-to-date: /home/gaetano/Documents/Udemy_Ros/ros2_ws/install/my_robot_interfaces/include/my_robot_interfaces/srv/detail/compute_rectangle_area__traits.hpp
[0.211s] -- Up-to-date: /home/gaetano/Documents/Udemy_Ros/ros2_ws/install/my_robot_interfaces/include/my_robot_interfaces/srv/detail/set_led__type_support.hpp
[0.211s] -- Up-to-date: /home/gaetano/Documents/Udemy_Ros/ros2_ws/install/my_robot_interfaces/include/my_robot_interfaces/srv/set_led.hpp
[0.211s] -- Up-to-date: /home/gaetano/Documents/Udemy_Ros/ros2_ws/install/my_robot_interfaces/include/my_robot_interfaces/srv/compute_rectangle_area.hpp
[0.211s] -- Up-to-date: /home/gaetano/Documents/Udemy_Ros/ros2_ws/install/my_robot_interfaces/include/my_robot_interfaces
[0.211s] -- Up-to-date: /home/gaetano/Documents/Udemy_Ros/ros2_ws/install/my_robot_interfaces/include/my_robot_interfaces/msg
[0.211s] -- Up-to-date: /home/gaetano/Documents/Udemy_Ros/ros2_ws/install/my_robot_interfaces/include/my_robot_interfaces/msg/detail
[0.211s] -- Up-to-date: /home/gaetano/Documents/Udemy_Ros/ros2_ws/install/my_robot_interfaces/include/my_robot_interfaces/msg/detail/led_state__rosidl_typesupport_introspection_cpp.hpp
[0.212s] -- Up-to-date: /home/gaetano/Documents/Udemy_Ros/ros2_ws/install/my_robot_interfaces/include/my_robot_interfaces/msg/detail/led_state__type_support.cpp
[0.212s] -- Up-to-date: /home/gaetano/Documents/Udemy_Ros/ros2_ws/install/my_robot_interfaces/include/my_robot_interfaces/msg/detail/hardware_status__rosidl_typesupport_introspection_cpp.hpp
[0.212s] -- Up-to-date: /home/gaetano/Documents/Udemy_Ros/ros2_ws/install/my_robot_interfaces/include/my_robot_interfaces/msg/detail/hardware_status__type_support.cpp
[0.212s] -- Up-to-date: /home/gaetano/Documents/Udemy_Ros/ros2_ws/install/my_robot_interfaces/include/my_robot_interfaces/srv
[0.212s] -- Up-to-date: /home/gaetano/Documents/Udemy_Ros/ros2_ws/install/my_robot_interfaces/include/my_robot_interfaces/srv/detail
[0.212s] -- Up-to-date: /home/gaetano/Documents/Udemy_Ros/ros2_ws/install/my_robot_interfaces/include/my_robot_interfaces/srv/detail/compute_rectangle_area__rosidl_typesupport_introspection_cpp.hpp
[0.212s] -- Up-to-date: /home/gaetano/Documents/Udemy_Ros/ros2_ws/install/my_robot_interfaces/include/my_robot_interfaces/srv/detail/set_led__rosidl_typesupport_introspection_cpp.hpp
[0.212s] -- Up-to-date: /home/gaetano/Documents/Udemy_Ros/ros2_ws/install/my_robot_interfaces/include/my_robot_interfaces/srv/detail/compute_rectangle_area__type_support.cpp
[0.212s] -- Up-to-date: /home/gaetano/Documents/Udemy_Ros/ros2_ws/install/my_robot_interfaces/include/my_robot_interfaces/srv/detail/set_led__type_support.cpp
[0.212s] -- Up-to-date: /home/gaetano/Documents/Udemy_Ros/ros2_ws/install/my_robot_interfaces/lib/libmy_robot_interfaces__rosidl_typesupport_introspection_cpp.so
[0.212s] -- Up-to-date: /home/gaetano/Documents/Udemy_Ros/ros2_ws/install/my_robot_interfaces/lib/libmy_robot_interfaces__rosidl_typesupport_cpp.so
[0.212s] -- Up-to-date: /home/gaetano/Documents/Udemy_Ros/ros2_ws/install/my_robot_interfaces/share/my_robot_interfaces/environment/pythonpath.sh
[0.212s] -- Up-to-date: /home/gaetano/Documents/Udemy_Ros/ros2_ws/install/my_robot_interfaces/share/my_robot_interfaces/environment/pythonpath.dsv
[0.212s] -- Up-to-date: /home/gaetano/Documents/Udemy_Ros/ros2_ws/install/my_robot_interfaces/lib/python3.8/site-packages/my_robot_interfaces/__init__.py
[0.235s] -- Up-to-date: /home/gaetano/Documents/Udemy_Ros/ros2_ws/install/my_robot_interfaces/lib/python3.8/site-packages/my_robot_interfaces/msg
[0.236s] -- Up-to-date: /home/gaetano/Documents/Udemy_Ros/ros2_ws/install/my_robot_interfaces/lib/python3.8/site-packages/my_robot_interfaces/msg/__init__.py
[0.236s] -- Up-to-date: /home/gaetano/Documents/Udemy_Ros/ros2_ws/install/my_robot_interfaces/lib/python3.8/site-packages/my_robot_interfaces/msg/_hardware_status.py
[0.236s] -- Up-to-date: /home/gaetano/Documents/Udemy_Ros/ros2_ws/install/my_robot_interfaces/lib/python3.8/site-packages/my_robot_interfaces/msg/_hardware_status_s.c
[0.236s] -- Up-to-date: /home/gaetano/Documents/Udemy_Ros/ros2_ws/install/my_robot_interfaces/lib/python3.8/site-packages/my_robot_interfaces/msg/_led_state_s.c
[0.236s] -- Up-to-date: /home/gaetano/Documents/Udemy_Ros/ros2_ws/install/my_robot_interfaces/lib/python3.8/site-packages/my_robot_interfaces/msg/_led_state.py
[0.236s] -- Up-to-date: /home/gaetano/Documents/Udemy_Ros/ros2_ws/install/my_robot_interfaces/lib/python3.8/site-packages/my_robot_interfaces/srv
[0.236s] -- Up-to-date: /home/gaetano/Documents/Udemy_Ros/ros2_ws/install/my_robot_interfaces/lib/python3.8/site-packages/my_robot_interfaces/srv/_compute_rectangle_area_s.c
[0.237s] -- Up-to-date: /home/gaetano/Documents/Udemy_Ros/ros2_ws/install/my_robot_interfaces/lib/python3.8/site-packages/my_robot_interfaces/srv/_set_led.py
[0.237s] -- Up-to-date: /home/gaetano/Documents/Udemy_Ros/ros2_ws/install/my_robot_interfaces/lib/python3.8/site-packages/my_robot_interfaces/srv/__init__.py
[0.237s] -- Up-to-date: /home/gaetano/Documents/Udemy_Ros/ros2_ws/install/my_robot_interfaces/lib/python3.8/site-packages/my_robot_interfaces/srv/_compute_rectangle_area.py
[0.237s] -- Up-to-date: /home/gaetano/Documents/Udemy_Ros/ros2_ws/install/my_robot_interfaces/lib/python3.8/site-packages/my_robot_interfaces/srv/_set_led_s.c
[0.237s] -- Up-to-date: /home/gaetano/Documents/Udemy_Ros/ros2_ws/install/my_robot_interfaces/lib/python3.8/site-packages/my_robot_interfaces/my_robot_interfaces_s__rosidl_typesupport_fastrtps_c.cpython-38-x86_64-linux-gnu.so
[0.237s] -- Up-to-date: /home/gaetano/Documents/Udemy_Ros/ros2_ws/install/my_robot_interfaces/lib/python3.8/site-packages/my_robot_interfaces/my_robot_interfaces_s__rosidl_typesupport_introspection_c.cpython-38-x86_64-linux-gnu.so
[0.237s] -- Up-to-date: /home/gaetano/Documents/Udemy_Ros/ros2_ws/install/my_robot_interfaces/lib/python3.8/site-packages/my_robot_interfaces/my_robot_interfaces_s__rosidl_typesupport_c.cpython-38-x86_64-linux-gnu.so
[0.238s] -- Up-to-date: /home/gaetano/Documents/Udemy_Ros/ros2_ws/install/my_robot_interfaces/lib/libmy_robot_interfaces__python.so
[0.238s] -- Up-to-date: /home/gaetano/Documents/Udemy_Ros/ros2_ws/install/my_robot_interfaces/share/my_robot_interfaces/msg/HardwareStatus.idl
[0.238s] -- Up-to-date: /home/gaetano/Documents/Udemy_Ros/ros2_ws/install/my_robot_interfaces/share/my_robot_interfaces/msg/LedState.idl
[0.238s] -- Up-to-date: /home/gaetano/Documents/Udemy_Ros/ros2_ws/install/my_robot_interfaces/share/my_robot_interfaces/srv/ComputeRectangleArea.idl
[0.238s] -- Up-to-date: /home/gaetano/Documents/Udemy_Ros/ros2_ws/install/my_robot_interfaces/share/my_robot_interfaces/srv/SetLed.idl
[0.238s] -- Up-to-date: /home/gaetano/Documents/Udemy_Ros/ros2_ws/install/my_robot_interfaces/share/my_robot_interfaces/msg/HardwareStatus.msg
[0.238s] -- Up-to-date: /home/gaetano/Documents/Udemy_Ros/ros2_ws/install/my_robot_interfaces/share/my_robot_interfaces/msg/LedState.msg
[0.238s] -- Up-to-date: /home/gaetano/Documents/Udemy_Ros/ros2_ws/install/my_robot_interfaces/share/my_robot_interfaces/srv/ComputeRectangleArea.srv
[0.238s] -- Up-to-date: /home/gaetano/Documents/Udemy_Ros/ros2_ws/install/my_robot_interfaces/share/my_robot_interfaces/srv/ComputeRectangleArea_Request.msg
[0.238s] -- Up-to-date: /home/gaetano/Documents/Udemy_Ros/ros2_ws/install/my_robot_interfaces/share/my_robot_interfaces/srv/ComputeRectangleArea_Response.msg
[0.238s] -- Up-to-date: /home/gaetano/Documents/Udemy_Ros/ros2_ws/install/my_robot_interfaces/share/my_robot_interfaces/srv/SetLed.srv
[0.238s] -- Up-to-date: /home/gaetano/Documents/Udemy_Ros/ros2_ws/install/my_robot_interfaces/share/my_robot_interfaces/srv/SetLed_Request.msg
[0.238s] -- Up-to-date: /home/gaetano/Documents/Udemy_Ros/ros2_ws/install/my_robot_interfaces/share/my_robot_interfaces/srv/SetLed_Response.msg
[0.238s] -- Up-to-date: /home/gaetano/Documents/Udemy_Ros/ros2_ws/install/my_robot_interfaces/share/ament_index/resource_index/package_run_dependencies/my_robot_interfaces
[0.238s] -- Up-to-date: /home/gaetano/Documents/Udemy_Ros/ros2_ws/install/my_robot_interfaces/share/ament_index/resource_index/parent_prefix_path/my_robot_interfaces
[0.239s] -- Up-to-date: /home/gaetano/Documents/Udemy_Ros/ros2_ws/install/my_robot_interfaces/share/my_robot_interfaces/environment/ament_prefix_path.sh
[0.239s] -- Up-to-date: /home/gaetano/Documents/Udemy_Ros/ros2_ws/install/my_robot_interfaces/share/my_robot_interfaces/environment/ament_prefix_path.dsv
[0.239s] -- Up-to-date: /home/gaetano/Documents/Udemy_Ros/ros2_ws/install/my_robot_interfaces/share/my_robot_interfaces/environment/path.sh
[0.239s] -- Up-to-date: /home/gaetano/Documents/Udemy_Ros/ros2_ws/install/my_robot_interfaces/share/my_robot_interfaces/environment/path.dsv
[0.239s] -- Up-to-date: /home/gaetano/Documents/Udemy_Ros/ros2_ws/install/my_robot_interfaces/share/my_robot_interfaces/local_setup.bash
[0.239s] -- Up-to-date: /home/gaetano/Documents/Udemy_Ros/ros2_ws/install/my_robot_interfaces/share/my_robot_interfaces/local_setup.sh
[0.239s] -- Up-to-date: /home/gaetano/Documents/Udemy_Ros/ros2_ws/install/my_robot_interfaces/share/my_robot_interfaces/local_setup.zsh
[0.239s] -- Up-to-date: /home/gaetano/Documents/Udemy_Ros/ros2_ws/install/my_robot_interfaces/share/my_robot_interfaces/local_setup.dsv
[0.239s] -- Installing: /home/gaetano/Documents/Udemy_Ros/ros2_ws/install/my_robot_interfaces/share/my_robot_interfaces/package.dsv
[0.239s] -- Up-to-date: /home/gaetano/Documents/Udemy_Ros/ros2_ws/install/my_robot_interfaces/share/ament_index/resource_index/packages/my_robot_interfaces
[0.239s] -- Up-to-date: /home/gaetano/Documents/Udemy_Ros/ros2_ws/install/my_robot_interfaces/share/my_robot_interfaces/cmake/my_robot_interfaces__rosidl_generator_cExport.cmake
[0.239s] -- Up-to-date: /home/gaetano/Documents/Udemy_Ros/ros2_ws/install/my_robot_interfaces/share/my_robot_interfaces/cmake/my_robot_interfaces__rosidl_generator_cExport-noconfig.cmake
[0.239s] -- Up-to-date: /home/gaetano/Documents/Udemy_Ros/ros2_ws/install/my_robot_interfaces/share/my_robot_interfaces/cmake/my_robot_interfaces__rosidl_typesupport_introspection_cExport.cmake
[0.239s] -- Up-to-date: /home/gaetano/Documents/Udemy_Ros/ros2_ws/install/my_robot_interfaces/share/my_robot_interfaces/cmake/my_robot_interfaces__rosidl_typesupport_introspection_cExport-noconfig.cmake
[0.239s] -- Up-to-date: /home/gaetano/Documents/Udemy_Ros/ros2_ws/install/my_robot_interfaces/share/my_robot_interfaces/cmake/my_robot_interfaces__rosidl_typesupport_cExport.cmake
[0.239s] -- Up-to-date: /home/gaetano/Documents/Udemy_Ros/ros2_ws/install/my_robot_interfaces/share/my_robot_interfaces/cmake/my_robot_interfaces__rosidl_typesupport_cExport-noconfig.cmake
[0.239s] -- Up-to-date: /home/gaetano/Documents/Udemy_Ros/ros2_ws/install/my_robot_interfaces/share/my_robot_interfaces/cmake/my_robot_interfaces__rosidl_generator_cppExport.cmake
[0.239s] -- Up-to-date: /home/gaetano/Documents/Udemy_Ros/ros2_ws/install/my_robot_interfaces/share/my_robot_interfaces/cmake/my_robot_interfaces__rosidl_typesupport_introspection_cppExport.cmake
[0.239s] -- Up-to-date: /home/gaetano/Documents/Udemy_Ros/ros2_ws/install/my_robot_interfaces/share/my_robot_interfaces/cmake/my_robot_interfaces__rosidl_typesupport_introspection_cppExport-noconfig.cmake
[0.239s] -- Up-to-date: /home/gaetano/Documents/Udemy_Ros/ros2_ws/install/my_robot_interfaces/share/my_robot_interfaces/cmake/my_robot_interfaces__rosidl_typesupport_cppExport.cmake
[0.240s] -- Up-to-date: /home/gaetano/Documents/Udemy_Ros/ros2_ws/install/my_robot_interfaces/share/my_robot_interfaces/cmake/my_robot_interfaces__rosidl_typesupport_cppExport-noconfig.cmake
[0.240s] -- Up-to-date: /home/gaetano/Documents/Udemy_Ros/ros2_ws/install/my_robot_interfaces/share/my_robot_interfaces/cmake/rosidl_cmake-extras.cmake
[0.240s] -- Up-to-date: /home/gaetano/Documents/Udemy_Ros/ros2_ws/install/my_robot_interfaces/share/my_robot_interfaces/cmake/ament_cmake_export_dependencies-extras.cmake
[0.240s] -- Up-to-date: /home/gaetano/Documents/Udemy_Ros/ros2_ws/install/my_robot_interfaces/share/my_robot_interfaces/cmake/ament_cmake_export_libraries-extras.cmake
[0.240s] -- Up-to-date: /home/gaetano/Documents/Udemy_Ros/ros2_ws/install/my_robot_interfaces/share/my_robot_interfaces/cmake/ament_cmake_export_targets-extras.cmake
[0.240s] -- Up-to-date: /home/gaetano/Documents/Udemy_Ros/ros2_ws/install/my_robot_interfaces/share/my_robot_interfaces/cmake/ament_cmake_export_include_directories-extras.cmake
[0.240s] -- Up-to-date: /home/gaetano/Documents/Udemy_Ros/ros2_ws/install/my_robot_interfaces/share/my_robot_interfaces/cmake/rosidl_cmake_export_typesupport_libraries-extras.cmake
[0.240s] -- Up-to-date: /home/gaetano/Documents/Udemy_Ros/ros2_ws/install/my_robot_interfaces/share/my_robot_interfaces/cmake/rosidl_cmake_export_typesupport_targets-extras.cmake
[0.240s] -- Up-to-date: /home/gaetano/Documents/Udemy_Ros/ros2_ws/install/my_robot_interfaces/share/my_robot_interfaces/cmake/my_robot_interfacesConfig.cmake
[0.240s] -- Up-to-date: /home/gaetano/Documents/Udemy_Ros/ros2_ws/install/my_robot_interfaces/share/my_robot_interfaces/cmake/my_robot_interfacesConfig-version.cmake
[0.240s] -- Up-to-date: /home/gaetano/Documents/Udemy_Ros/ros2_ws/install/my_robot_interfaces/share/my_robot_interfaces/package.xml
[0.243s] Invoked command in '/home/gaetano/Documents/Udemy_Ros/ros2_ws/build/my_robot_interfaces' returned '0': CMAKE_PREFIX_PATH=${CMAKE_PREFIX_PATH}:/home/gaetano/Documents/Udemy_Ros/ros2_ws/install/my_py_pkg:/opt/ros/foxy /home/gaetano/.local/bin/cmake --install /home/gaetano/Documents/Udemy_Ros/ros2_ws/build/my_robot_interfaces
