[0.010s] Invoking command in '/home/gaetano/Documents/Udemy_Ros/ros2_ws/build/my_robot_interfaces': CMAKE_PREFIX_PATH=/opt/ros/foxy /home/gaetano/.local/bin/cmake --build /home/gaetano/Documents/Udemy_Ros/ros2_ws/build/my_robot_interfaces -- -j20 -l20
[0.040s] [  1%] Built target my_robot_interfaces__cpp
[0.042s] [ 12%] Built target my_robot_interfaces__rosidl_generator_c
[0.049s] [ 34%] Built target my_robot_interfaces__rosidl_typesupport_introspection_c
[0.049s] [ 34%] Built target my_robot_interfaces__rosidl_typesupport_c
[0.050s] [ 46%] Built target my_robot_interfaces__rosidl_typesupport_cpp
[0.051s] [ 57%] Built target my_robot_interfaces__rosidl_typesupport_introspection_cpp
[0.052s] [ 68%] Built target my_robot_interfaces__rosidl_typesupport_fastrtps_cpp
[0.062s] [ 79%] Built target my_robot_interfaces__rosidl_typesupport_fastrtps_c
[0.066s] [ 79%] Built target my_robot_interfaces
[0.072s] [ 80%] Built target my_robot_interfaces__py
[0.081s] [ 90%] Built target my_robot_interfaces__python
[0.088s] [ 93%] Built target my_robot_interfaces__rosidl_typesupport_fastrtps_c__pyext
[0.088s] [ 96%] Built target my_robot_interfaces__rosidl_typesupport_introspection_c__pyext
[0.089s] [100%] Built target my_robot_interfaces__rosidl_typesupport_c__pyext
[0.095s] Invoked command in '/home/gaetano/Documents/Udemy_Ros/ros2_ws/build/my_robot_interfaces' returned '0': CMAKE_PREFIX_PATH=/opt/ros/foxy /home/gaetano/.local/bin/cmake --build /home/gaetano/Documents/Udemy_Ros/ros2_ws/build/my_robot_interfaces -- -j20 -l20
[0.186s] Invoking command in '/home/gaetano/Documents/Udemy_Ros/ros2_ws/build/my_robot_interfaces': CMAKE_PREFIX_PATH=/opt/ros/foxy /home/gaetano/.local/bin/cmake --install /home/gaetano/Documents/Udemy_Ros/ros2_ws/build/my_robot_interfaces
[0.205s] -- Install configuration: ""
[0.206s] -- Up-to-date: /home/gaetano/Documents/Udemy_Ros/ros2_ws/install/my_robot_interfaces/share/ament_index/resource_index/rosidl_interfaces/my_robot_interfaces
[0.206s] -- Up-to-date: /home/gaetano/Documents/Udemy_Ros/ros2_ws/install/my_robot_interfaces/include/my_robot_interfaces
[0.206s] -- Up-to-date: /home/gaetano/Documents/Udemy_Ros/ros2_ws/install/my_robot_interfaces/include/my_robot_interfaces/msg
[0.206s] -- Up-to-date: /home/gaetano/Documents/Udemy_Ros/ros2_ws/install/my_robot_interfaces/include/my_robot_interfaces/msg/detail
[0.206s] -- Up-to-date: /home/gaetano/Documents/Udemy_Ros/ros2_ws/install/my_robot_interfaces/include/my_robot_interfaces/msg/detail/hardware_status__type_support.h
[0.206s] -- Up-to-date: /home/gaetano/Documents/Udemy_Ros/ros2_ws/install/my_robot_interfaces/include/my_robot_interfaces/msg/detail/led_state__type_support.h
[0.206s] -- Up-to-date: /home/gaetano/Documents/Udemy_Ros/ros2_ws/install/my_robot_interfaces/include/my_robot_interfaces/msg/detail/turtle_array__functions.c
[0.206s] -- Up-to-date: /home/gaetano/Documents/Udemy_Ros/ros2_ws/install/my_robot_interfaces/include/my_robot_interfaces/msg/detail/turtle_array__struct.h
[0.206s] -- Up-to-date: /home/gaetano/Documents/Udemy_Ros/ros2_ws/install/my_robot_interfaces/include/my_robot_interfaces/msg/detail/hardware_status__struct.h
[0.206s] -- Up-to-date: /home/gaetano/Documents/Udemy_Ros/ros2_ws/install/my_robot_interfaces/include/my_robot_interfaces/msg/detail/turtle_array__type_support.h
[0.207s] -- Up-to-date: /home/gaetano/Documents/Udemy_Ros/ros2_ws/install/my_robot_interfaces/include/my_robot_interfaces/msg/detail/hardware_status__functions.c
[0.207s] -- Up-to-date: /home/gaetano/Documents/Udemy_Ros/ros2_ws/install/my_robot_interfaces/include/my_robot_interfaces/msg/detail/led_state__functions.c
[0.207s] -- Up-to-date: /home/gaetano/Documents/Udemy_Ros/ros2_ws/install/my_robot_interfaces/include/my_robot_interfaces/msg/detail/led_state__functions.h
[0.207s] -- Up-to-date: /home/gaetano/Documents/Udemy_Ros/ros2_ws/install/my_robot_interfaces/include/my_robot_interfaces/msg/detail/turtle_array__functions.h
[0.207s] -- Up-to-date: /home/gaetano/Documents/Udemy_Ros/ros2_ws/install/my_robot_interfaces/include/my_robot_interfaces/msg/detail/hardware_status__functions.h
[0.207s] -- Up-to-date: /home/gaetano/Documents/Udemy_Ros/ros2_ws/install/my_robot_interfaces/include/my_robot_interfaces/msg/detail/led_state__struct.h
[0.207s] -- Up-to-date: /home/gaetano/Documents/Udemy_Ros/ros2_ws/install/my_robot_interfaces/include/my_robot_interfaces/msg/led_state.h
[0.207s] -- Up-to-date: /home/gaetano/Documents/Udemy_Ros/ros2_ws/install/my_robot_interfaces/include/my_robot_interfaces/msg/rosidl_generator_c__visibility_control.h
[0.208s] -- Up-to-date: /home/gaetano/Documents/Udemy_Ros/ros2_ws/install/my_robot_interfaces/include/my_robot_interfaces/msg/hardware_status.h
[0.208s] -- Up-to-date: /home/gaetano/Documents/Udemy_Ros/ros2_ws/install/my_robot_interfaces/include/my_robot_interfaces/msg/turtle_array.h
[0.208s] -- Up-to-date: /home/gaetano/Documents/Udemy_Ros/ros2_ws/install/my_robot_interfaces/include/my_robot_interfaces/srv
[0.208s] -- Up-to-date: /home/gaetano/Documents/Udemy_Ros/ros2_ws/install/my_robot_interfaces/include/my_robot_interfaces/srv/detail
[0.208s] -- Up-to-date: /home/gaetano/Documents/Udemy_Ros/ros2_ws/install/my_robot_interfaces/include/my_robot_interfaces/srv/detail/compute_rectangle_area__struct.h
[0.208s] -- Up-to-date: /home/gaetano/Documents/Udemy_Ros/ros2_ws/install/my_robot_interfaces/include/my_robot_interfaces/srv/detail/compute_rectangle_area__functions.c
[0.208s] -- Up-to-date: /home/gaetano/Documents/Udemy_Ros/ros2_ws/install/my_robot_interfaces/include/my_robot_interfaces/srv/detail/compute_rectangle_area__type_support.h
[0.208s] -- Up-to-date: /home/gaetano/Documents/Udemy_Ros/ros2_ws/install/my_robot_interfaces/include/my_robot_interfaces/srv/detail/set_led__type_support.h
[0.208s] -- Up-to-date: /home/gaetano/Documents/Udemy_Ros/ros2_ws/install/my_robot_interfaces/include/my_robot_interfaces/srv/detail/set_led__functions.h
[0.208s] -- Up-to-date: /home/gaetano/Documents/Udemy_Ros/ros2_ws/install/my_robot_interfaces/include/my_robot_interfaces/srv/detail/set_led__functions.c
[0.208s] -- Up-to-date: /home/gaetano/Documents/Udemy_Ros/ros2_ws/install/my_robot_interfaces/include/my_robot_interfaces/srv/detail/compute_rectangle_area__functions.h
[0.208s] -- Up-to-date: /home/gaetano/Documents/Udemy_Ros/ros2_ws/install/my_robot_interfaces/include/my_robot_interfaces/srv/detail/set_led__struct.h
[0.208s] -- Up-to-date: /home/gaetano/Documents/Udemy_Ros/ros2_ws/install/my_robot_interfaces/include/my_robot_interfaces/srv/compute_rectangle_area.h
[0.209s] -- Up-to-date: /home/gaetano/Documents/Udemy_Ros/ros2_ws/install/my_robot_interfaces/include/my_robot_interfaces/srv/set_led.h
[0.209s] -- Up-to-date: /home/gaetano/Documents/Udemy_Ros/ros2_ws/install/my_robot_interfaces/share/my_robot_interfaces/environment/library_path.sh
[0.209s] -- Up-to-date: /home/gaetano/Documents/Udemy_Ros/ros2_ws/install/my_robot_interfaces/share/my_robot_interfaces/environment/library_path.dsv
[0.209s] -- Up-to-date: /home/gaetano/Documents/Udemy_Ros/ros2_ws/install/my_robot_interfaces/lib/libmy_robot_interfaces__rosidl_generator_c.so
[0.209s] -- Up-to-date: /home/gaetano/Documents/Udemy_Ros/ros2_ws/install/my_robot_interfaces/include/my_robot_interfaces
[0.209s] -- Up-to-date: /home/gaetano/Documents/Udemy_Ros/ros2_ws/install/my_robot_interfaces/include/my_robot_interfaces/msg
[0.209s] -- Up-to-date: /home/gaetano/Documents/Udemy_Ros/ros2_ws/install/my_robot_interfaces/include/my_robot_interfaces/msg/detail
[0.209s] -- Up-to-date: /home/gaetano/Documents/Udemy_Ros/ros2_ws/install/my_robot_interfaces/include/my_robot_interfaces/msg/detail/led_state__rosidl_typesupport_fastrtps_c.h
[0.209s] -- Up-to-date: /home/gaetano/Documents/Udemy_Ros/ros2_ws/install/my_robot_interfaces/include/my_robot_interfaces/msg/detail/hardware_status__rosidl_typesupport_fastrtps_c.h
[0.209s] -- Up-to-date: /home/gaetano/Documents/Udemy_Ros/ros2_ws/install/my_robot_interfaces/include/my_robot_interfaces/msg/detail/turtle_array__rosidl_typesupport_fastrtps_c.h
[0.209s] -- Up-to-date: /home/gaetano/Documents/Udemy_Ros/ros2_ws/install/my_robot_interfaces/include/my_robot_interfaces/msg/rosidl_typesupport_fastrtps_c__visibility_control.h
[0.209s] -- Up-to-date: /home/gaetano/Documents/Udemy_Ros/ros2_ws/install/my_robot_interfaces/include/my_robot_interfaces/srv
[0.209s] -- Up-to-date: /home/gaetano/Documents/Udemy_Ros/ros2_ws/install/my_robot_interfaces/include/my_robot_interfaces/srv/detail
[0.209s] -- Up-to-date: /home/gaetano/Documents/Udemy_Ros/ros2_ws/install/my_robot_interfaces/include/my_robot_interfaces/srv/detail/set_led__rosidl_typesupport_fastrtps_c.h
[0.209s] -- Up-to-date: /home/gaetano/Documents/Udemy_Ros/ros2_ws/install/my_robot_interfaces/include/my_robot_interfaces/srv/detail/compute_rectangle_area__rosidl_typesupport_fastrtps_c.h
[0.209s] -- Up-to-date: /home/gaetano/Documents/Udemy_Ros/ros2_ws/install/my_robot_interfaces/lib/libmy_robot_interfaces__rosidl_typesupport_fastrtps_c.so
[0.210s] -- Up-to-date: /home/gaetano/Documents/Udemy_Ros/ros2_ws/install/my_robot_interfaces/include/my_robot_interfaces
[0.210s] -- Up-to-date: /home/gaetano/Documents/Udemy_Ros/ros2_ws/install/my_robot_interfaces/include/my_robot_interfaces/msg
[0.210s] -- Up-to-date: /home/gaetano/Documents/Udemy_Ros/ros2_ws/install/my_robot_interfaces/include/my_robot_interfaces/msg/detail
[0.210s] -- Up-to-date: /home/gaetano/Documents/Udemy_Ros/ros2_ws/install/my_robot_interfaces/include/my_robot_interfaces/msg/detail/hardware_status__rosidl_typesupport_fastrtps_cpp.hpp
[0.210s] -- Up-to-date: /home/gaetano/Documents/Udemy_Ros/ros2_ws/install/my_robot_interfaces/include/my_robot_interfaces/msg/detail/turtle_array__rosidl_typesupport_fastrtps_cpp.hpp
[0.210s] -- Up-to-date: /home/gaetano/Documents/Udemy_Ros/ros2_ws/install/my_robot_interfaces/include/my_robot_interfaces/msg/detail/dds_fastrtps
[0.210s] -- Up-to-date: /home/gaetano/Documents/Udemy_Ros/ros2_ws/install/my_robot_interfaces/include/my_robot_interfaces/msg/detail/led_state__rosidl_typesupport_fastrtps_cpp.hpp
[0.210s] -- Up-to-date: /home/gaetano/Documents/Udemy_Ros/ros2_ws/install/my_robot_interfaces/include/my_robot_interfaces/msg/rosidl_typesupport_fastrtps_cpp__visibility_control.h
[0.210s] -- Up-to-date: /home/gaetano/Documents/Udemy_Ros/ros2_ws/install/my_robot_interfaces/include/my_robot_interfaces/srv
[0.210s] -- Up-to-date: /home/gaetano/Documents/Udemy_Ros/ros2_ws/install/my_robot_interfaces/include/my_robot_interfaces/srv/detail
[0.210s] -- Up-to-date: /home/gaetano/Documents/Udemy_Ros/ros2_ws/install/my_robot_interfaces/include/my_robot_interfaces/srv/detail/set_led__rosidl_typesupport_fastrtps_cpp.hpp
[0.210s] -- Up-to-date: /home/gaetano/Documents/Udemy_Ros/ros2_ws/install/my_robot_interfaces/include/my_robot_interfaces/srv/detail/dds_fastrtps
[0.210s] -- Up-to-date: /home/gaetano/Documents/Udemy_Ros/ros2_ws/install/my_robot_interfaces/include/my_robot_interfaces/srv/detail/compute_rectangle_area__rosidl_typesupport_fastrtps_cpp.hpp
[0.210s] -- Up-to-date: /home/gaetano/Documents/Udemy_Ros/ros2_ws/install/my_robot_interfaces/lib/libmy_robot_interfaces__rosidl_typesupport_fastrtps_cpp.so
[0.210s] -- Up-to-date: /home/gaetano/Documents/Udemy_Ros/ros2_ws/install/my_robot_interfaces/include/my_robot_interfaces
[0.211s] -- Up-to-date: /home/gaetano/Documents/Udemy_Ros/ros2_ws/install/my_robot_interfaces/include/my_robot_interfaces/msg
[0.211s] -- Up-to-date: /home/gaetano/Documents/Udemy_Ros/ros2_ws/install/my_robot_interfaces/include/my_robot_interfaces/msg/detail
[0.211s] -- Up-to-date: /home/gaetano/Documents/Udemy_Ros/ros2_ws/install/my_robot_interfaces/include/my_robot_interfaces/msg/detail/turtle_array__type_support.c
[0.211s] -- Up-to-date: /home/gaetano/Documents/Udemy_Ros/ros2_ws/install/my_robot_interfaces/include/my_robot_interfaces/msg/detail/led_state__rosidl_typesupport_introspection_c.h
[0.211s] -- Up-to-date: /home/gaetano/Documents/Udemy_Ros/ros2_ws/install/my_robot_interfaces/include/my_robot_interfaces/msg/detail/led_state__type_support.c
[0.211s] -- Up-to-date: /home/gaetano/Documents/Udemy_Ros/ros2_ws/install/my_robot_interfaces/include/my_robot_interfaces/msg/detail/hardware_status__type_support.c
[0.211s] -- Up-to-date: /home/gaetano/Documents/Udemy_Ros/ros2_ws/install/my_robot_interfaces/include/my_robot_interfaces/msg/detail/hardware_status__rosidl_typesupport_introspection_c.h
[0.211s] -- Up-to-date: /home/gaetano/Documents/Udemy_Ros/ros2_ws/install/my_robot_interfaces/include/my_robot_interfaces/msg/detail/turtle_array__rosidl_typesupport_introspection_c.h
[0.211s] -- Up-to-date: /home/gaetano/Documents/Udemy_Ros/ros2_ws/install/my_robot_interfaces/include/my_robot_interfaces/msg/rosidl_typesupport_introspection_c__visibility_control.h
[0.211s] -- Up-to-date: /home/gaetano/Documents/Udemy_Ros/ros2_ws/install/my_robot_interfaces/include/my_robot_interfaces/srv
[0.211s] -- Up-to-date: /home/gaetano/Documents/Udemy_Ros/ros2_ws/install/my_robot_interfaces/include/my_robot_interfaces/srv/detail
[0.211s] -- Up-to-date: /home/gaetano/Documents/Udemy_Ros/ros2_ws/install/my_robot_interfaces/include/my_robot_interfaces/srv/detail/compute_rectangle_area__type_support.c
[0.211s] -- Up-to-date: /home/gaetano/Documents/Udemy_Ros/ros2_ws/install/my_robot_interfaces/include/my_robot_interfaces/srv/detail/set_led__type_support.c
[0.211s] -- Up-to-date: /home/gaetano/Documents/Udemy_Ros/ros2_ws/install/my_robot_interfaces/include/my_robot_interfaces/srv/detail/compute_rectangle_area__rosidl_typesupport_introspection_c.h
[0.211s] -- Up-to-date: /home/gaetano/Documents/Udemy_Ros/ros2_ws/install/my_robot_interfaces/include/my_robot_interfaces/srv/detail/set_led__rosidl_typesupport_introspection_c.h
[0.212s] -- Up-to-date: /home/gaetano/Documents/Udemy_Ros/ros2_ws/install/my_robot_interfaces/lib/libmy_robot_interfaces__rosidl_typesupport_introspection_c.so
[0.212s] -- Up-to-date: /home/gaetano/Documents/Udemy_Ros/ros2_ws/install/my_robot_interfaces/lib/libmy_robot_interfaces__rosidl_typesupport_c.so
[0.212s] -- Up-to-date: /home/gaetano/Documents/Udemy_Ros/ros2_ws/install/my_robot_interfaces/include/my_robot_interfaces
[0.212s] -- Up-to-date: /home/gaetano/Documents/Udemy_Ros/ros2_ws/install/my_robot_interfaces/include/my_robot_interfaces/msg
[0.212s] -- Up-to-date: /home/gaetano/Documents/Udemy_Ros/ros2_ws/install/my_robot_interfaces/include/my_robot_interfaces/msg/detail
[0.212s] -- Up-to-date: /home/gaetano/Documents/Udemy_Ros/ros2_ws/install/my_robot_interfaces/include/my_robot_interfaces/msg/detail/turtle_array__traits.hpp
[0.212s] -- Up-to-date: /home/gaetano/Documents/Udemy_Ros/ros2_ws/install/my_robot_interfaces/include/my_robot_interfaces/msg/detail/led_state__traits.hpp
[0.212s] -- Up-to-date: /home/gaetano/Documents/Udemy_Ros/ros2_ws/install/my_robot_interfaces/include/my_robot_interfaces/msg/detail/hardware_status__traits.hpp
[0.212s] -- Up-to-date: /home/gaetano/Documents/Udemy_Ros/ros2_ws/install/my_robot_interfaces/include/my_robot_interfaces/msg/detail/hardware_status__builder.hpp
[0.212s] -- Up-to-date: /home/gaetano/Documents/Udemy_Ros/ros2_ws/install/my_robot_interfaces/include/my_robot_interfaces/msg/detail/turtle_array__builder.hpp
[0.212s] -- Up-to-date: /home/gaetano/Documents/Udemy_Ros/ros2_ws/install/my_robot_interfaces/include/my_robot_interfaces/msg/detail/hardware_status__type_support.hpp
[0.212s] -- Up-to-date: /home/gaetano/Documents/Udemy_Ros/ros2_ws/install/my_robot_interfaces/include/my_robot_interfaces/msg/detail/led_state__builder.hpp
[0.212s] -- Up-to-date: /home/gaetano/Documents/Udemy_Ros/ros2_ws/install/my_robot_interfaces/include/my_robot_interfaces/msg/detail/turtle_array__struct.hpp
[0.212s] -- Up-to-date: /home/gaetano/Documents/Udemy_Ros/ros2_ws/install/my_robot_interfaces/include/my_robot_interfaces/msg/detail/led_state__type_support.hpp
[0.212s] -- Up-to-date: /home/gaetano/Documents/Udemy_Ros/ros2_ws/install/my_robot_interfaces/include/my_robot_interfaces/msg/detail/hardware_status__struct.hpp
[0.213s] -- Up-to-date: /home/gaetano/Documents/Udemy_Ros/ros2_ws/install/my_robot_interfaces/include/my_robot_interfaces/msg/detail/turtle_array__type_support.hpp
[0.213s] -- Up-to-date: /home/gaetano/Documents/Udemy_Ros/ros2_ws/install/my_robot_interfaces/include/my_robot_interfaces/msg/detail/led_state__struct.hpp
[0.213s] -- Up-to-date: /home/gaetano/Documents/Udemy_Ros/ros2_ws/install/my_robot_interfaces/include/my_robot_interfaces/msg/led_state.hpp
[0.213s] -- Up-to-date: /home/gaetano/Documents/Udemy_Ros/ros2_ws/install/my_robot_interfaces/include/my_robot_interfaces/msg/turtle_array.hpp
[0.213s] -- Up-to-date: /home/gaetano/Documents/Udemy_Ros/ros2_ws/install/my_robot_interfaces/include/my_robot_interfaces/msg/hardware_status.hpp
[0.213s] -- Up-to-date: /home/gaetano/Documents/Udemy_Ros/ros2_ws/install/my_robot_interfaces/include/my_robot_interfaces/msg/rosidl_generator_cpp__visibility_control.hpp
[0.213s] -- Up-to-date: /home/gaetano/Documents/Udemy_Ros/ros2_ws/install/my_robot_interfaces/include/my_robot_interfaces/srv
[0.213s] -- Up-to-date: /home/gaetano/Documents/Udemy_Ros/ros2_ws/install/my_robot_interfaces/include/my_robot_interfaces/srv/detail
[0.213s] -- Up-to-date: /home/gaetano/Documents/Udemy_Ros/ros2_ws/install/my_robot_interfaces/include/my_robot_interfaces/srv/detail/compute_rectangle_area__struct.hpp
[0.213s] -- Up-to-date: /home/gaetano/Documents/Udemy_Ros/ros2_ws/install/my_robot_interfaces/include/my_robot_interfaces/srv/detail/set_led__struct.hpp
[0.213s] -- Up-to-date: /home/gaetano/Documents/Udemy_Ros/ros2_ws/install/my_robot_interfaces/include/my_robot_interfaces/srv/detail/set_led__traits.hpp
[0.213s] -- Up-to-date: /home/gaetano/Documents/Udemy_Ros/ros2_ws/install/my_robot_interfaces/include/my_robot_interfaces/srv/detail/set_led__builder.hpp
[0.213s] -- Up-to-date: /home/gaetano/Documents/Udemy_Ros/ros2_ws/install/my_robot_interfaces/include/my_robot_interfaces/srv/detail/compute_rectangle_area__builder.hpp
[0.213s] -- Up-to-date: /home/gaetano/Documents/Udemy_Ros/ros2_ws/install/my_robot_interfaces/include/my_robot_interfaces/srv/detail/compute_rectangle_area__type_support.hpp
[0.213s] -- Up-to-date: /home/gaetano/Documents/Udemy_Ros/ros2_ws/install/my_robot_interfaces/include/my_robot_interfaces/srv/detail/compute_rectangle_area__traits.hpp
[0.214s] -- Up-to-date: /home/gaetano/Documents/Udemy_Ros/ros2_ws/install/my_robot_interfaces/include/my_robot_interfaces/srv/detail/set_led__type_support.hpp
[0.214s] -- Up-to-date: /home/gaetano/Documents/Udemy_Ros/ros2_ws/install/my_robot_interfaces/include/my_robot_interfaces/srv/set_led.hpp
[0.214s] -- Up-to-date: /home/gaetano/Documents/Udemy_Ros/ros2_ws/install/my_robot_interfaces/include/my_robot_interfaces/srv/compute_rectangle_area.hpp
[0.214s] -- Up-to-date: /home/gaetano/Documents/Udemy_Ros/ros2_ws/install/my_robot_interfaces/include/my_robot_interfaces
[0.214s] -- Up-to-date: /home/gaetano/Documents/Udemy_Ros/ros2_ws/install/my_robot_interfaces/include/my_robot_interfaces/msg
[0.214s] -- Up-to-date: /home/gaetano/Documents/Udemy_Ros/ros2_ws/install/my_robot_interfaces/include/my_robot_interfaces/msg/detail
[0.214s] -- Up-to-date: /home/gaetano/Documents/Udemy_Ros/ros2_ws/install/my_robot_interfaces/include/my_robot_interfaces/msg/detail/led_state__rosidl_typesupport_introspection_cpp.hpp
[0.214s] -- Up-to-date: /home/gaetano/Documents/Udemy_Ros/ros2_ws/install/my_robot_interfaces/include/my_robot_interfaces/msg/detail/led_state__type_support.cpp
[0.214s] -- Up-to-date: /home/gaetano/Documents/Udemy_Ros/ros2_ws/install/my_robot_interfaces/include/my_robot_interfaces/msg/detail/hardware_status__rosidl_typesupport_introspection_cpp.hpp
[0.214s] -- Up-to-date: /home/gaetano/Documents/Udemy_Ros/ros2_ws/install/my_robot_interfaces/include/my_robot_interfaces/msg/detail/turtle_array__type_support.cpp
[0.214s] -- Up-to-date: /home/gaetano/Documents/Udemy_Ros/ros2_ws/install/my_robot_interfaces/include/my_robot_interfaces/msg/detail/hardware_status__type_support.cpp
[0.214s] -- Up-to-date: /home/gaetano/Documents/Udemy_Ros/ros2_ws/install/my_robot_interfaces/include/my_robot_interfaces/msg/detail/turtle_array__rosidl_typesupport_introspection_cpp.hpp
[0.214s] -- Up-to-date: /home/gaetano/Documents/Udemy_Ros/ros2_ws/install/my_robot_interfaces/include/my_robot_interfaces/srv
[0.214s] -- Up-to-date: /home/gaetano/Documents/Udemy_Ros/ros2_ws/install/my_robot_interfaces/include/my_robot_interfaces/srv/detail
[0.214s] -- Up-to-date: /home/gaetano/Documents/Udemy_Ros/ros2_ws/install/my_robot_interfaces/include/my_robot_interfaces/srv/detail/compute_rectangle_area__rosidl_typesupport_introspection_cpp.hpp
[0.214s] -- Up-to-date: /home/gaetano/Documents/Udemy_Ros/ros2_ws/install/my_robot_interfaces/include/my_robot_interfaces/srv/detail/set_led__rosidl_typesupport_introspection_cpp.hpp
[0.215s] -- Up-to-date: /home/gaetano/Documents/Udemy_Ros/ros2_ws/install/my_robot_interfaces/include/my_robot_interfaces/srv/detail/compute_rectangle_area__type_support.cpp
[0.215s] -- Up-to-date: /home/gaetano/Documents/Udemy_Ros/ros2_ws/install/my_robot_interfaces/include/my_robot_interfaces/srv/detail/set_led__type_support.cpp
[0.215s] -- Up-to-date: /home/gaetano/Documents/Udemy_Ros/ros2_ws/install/my_robot_interfaces/lib/libmy_robot_interfaces__rosidl_typesupport_introspection_cpp.so
[0.215s] -- Up-to-date: /home/gaetano/Documents/Udemy_Ros/ros2_ws/install/my_robot_interfaces/lib/libmy_robot_interfaces__rosidl_typesupport_cpp.so
[0.215s] -- Up-to-date: /home/gaetano/Documents/Udemy_Ros/ros2_ws/install/my_robot_interfaces/share/my_robot_interfaces/environment/pythonpath.sh
[0.215s] -- Up-to-date: /home/gaetano/Documents/Udemy_Ros/ros2_ws/install/my_robot_interfaces/share/my_robot_interfaces/environment/pythonpath.dsv
[0.215s] -- Up-to-date: /home/gaetano/Documents/Udemy_Ros/ros2_ws/install/my_robot_interfaces/lib/python3.8/site-packages/my_robot_interfaces/__init__.py
[0.231s] -- Up-to-date: /home/gaetano/Documents/Udemy_Ros/ros2_ws/install/my_robot_interfaces/lib/python3.8/site-packages/my_robot_interfaces/msg
[0.231s] -- Up-to-date: /home/gaetano/Documents/Udemy_Ros/ros2_ws/install/my_robot_interfaces/lib/python3.8/site-packages/my_robot_interfaces/msg/__init__.py
[0.231s] -- Up-to-date: /home/gaetano/Documents/Udemy_Ros/ros2_ws/install/my_robot_interfaces/lib/python3.8/site-packages/my_robot_interfaces/msg/_hardware_status.py
[0.231s] -- Up-to-date: /home/gaetano/Documents/Udemy_Ros/ros2_ws/install/my_robot_interfaces/lib/python3.8/site-packages/my_robot_interfaces/msg/_turtle_array.py
[0.232s] -- Up-to-date: /home/gaetano/Documents/Udemy_Ros/ros2_ws/install/my_robot_interfaces/lib/python3.8/site-packages/my_robot_interfaces/msg/_hardware_status_s.c
[0.232s] -- Up-to-date: /home/gaetano/Documents/Udemy_Ros/ros2_ws/install/my_robot_interfaces/lib/python3.8/site-packages/my_robot_interfaces/msg/_led_state_s.c
[0.232s] -- Up-to-date: /home/gaetano/Documents/Udemy_Ros/ros2_ws/install/my_robot_interfaces/lib/python3.8/site-packages/my_robot_interfaces/msg/_turtle_array_s.c
[0.232s] -- Up-to-date: /home/gaetano/Documents/Udemy_Ros/ros2_ws/install/my_robot_interfaces/lib/python3.8/site-packages/my_robot_interfaces/msg/_led_state.py
[0.232s] -- Up-to-date: /home/gaetano/Documents/Udemy_Ros/ros2_ws/install/my_robot_interfaces/lib/python3.8/site-packages/my_robot_interfaces/srv
[0.232s] -- Up-to-date: /home/gaetano/Documents/Udemy_Ros/ros2_ws/install/my_robot_interfaces/lib/python3.8/site-packages/my_robot_interfaces/srv/_compute_rectangle_area_s.c
[0.232s] -- Up-to-date: /home/gaetano/Documents/Udemy_Ros/ros2_ws/install/my_robot_interfaces/lib/python3.8/site-packages/my_robot_interfaces/srv/_set_led.py
[0.232s] -- Up-to-date: /home/gaetano/Documents/Udemy_Ros/ros2_ws/install/my_robot_interfaces/lib/python3.8/site-packages/my_robot_interfaces/srv/__init__.py
[0.232s] -- Up-to-date: /home/gaetano/Documents/Udemy_Ros/ros2_ws/install/my_robot_interfaces/lib/python3.8/site-packages/my_robot_interfaces/srv/_compute_rectangle_area.py
[0.232s] -- Up-to-date: /home/gaetano/Documents/Udemy_Ros/ros2_ws/install/my_robot_interfaces/lib/python3.8/site-packages/my_robot_interfaces/srv/_set_led_s.c
[0.233s] -- Up-to-date: /home/gaetano/Documents/Udemy_Ros/ros2_ws/install/my_robot_interfaces/lib/python3.8/site-packages/my_robot_interfaces/my_robot_interfaces_s__rosidl_typesupport_fastrtps_c.cpython-38-x86_64-linux-gnu.so
[0.233s] -- Up-to-date: /home/gaetano/Documents/Udemy_Ros/ros2_ws/install/my_robot_interfaces/lib/python3.8/site-packages/my_robot_interfaces/my_robot_interfaces_s__rosidl_typesupport_introspection_c.cpython-38-x86_64-linux-gnu.so
[0.233s] -- Up-to-date: /home/gaetano/Documents/Udemy_Ros/ros2_ws/install/my_robot_interfaces/lib/python3.8/site-packages/my_robot_interfaces/my_robot_interfaces_s__rosidl_typesupport_c.cpython-38-x86_64-linux-gnu.so
[0.233s] -- Up-to-date: /home/gaetano/Documents/Udemy_Ros/ros2_ws/install/my_robot_interfaces/lib/libmy_robot_interfaces__python.so
[0.233s] -- Up-to-date: /home/gaetano/Documents/Udemy_Ros/ros2_ws/install/my_robot_interfaces/share/my_robot_interfaces/msg/HardwareStatus.idl
[0.233s] -- Up-to-date: /home/gaetano/Documents/Udemy_Ros/ros2_ws/install/my_robot_interfaces/share/my_robot_interfaces/msg/LedState.idl
[0.233s] -- Up-to-date: /home/gaetano/Documents/Udemy_Ros/ros2_ws/install/my_robot_interfaces/share/my_robot_interfaces/msg/TurtleArray.idl
[0.233s] -- Up-to-date: /home/gaetano/Documents/Udemy_Ros/ros2_ws/install/my_robot_interfaces/share/my_robot_interfaces/srv/ComputeRectangleArea.idl
[0.233s] -- Up-to-date: /home/gaetano/Documents/Udemy_Ros/ros2_ws/install/my_robot_interfaces/share/my_robot_interfaces/srv/SetLed.idl
[0.233s] -- Up-to-date: /home/gaetano/Documents/Udemy_Ros/ros2_ws/install/my_robot_interfaces/share/my_robot_interfaces/msg/HardwareStatus.msg
[0.233s] -- Up-to-date: /home/gaetano/Documents/Udemy_Ros/ros2_ws/install/my_robot_interfaces/share/my_robot_interfaces/msg/LedState.msg
[0.233s] -- Up-to-date: /home/gaetano/Documents/Udemy_Ros/ros2_ws/install/my_robot_interfaces/share/my_robot_interfaces/msg/TurtleArray.msg
[0.234s] -- Up-to-date: /home/gaetano/Documents/Udemy_Ros/ros2_ws/install/my_robot_interfaces/share/my_robot_interfaces/srv/ComputeRectangleArea.srv
[0.234s] -- Up-to-date: /home/gaetano/Documents/Udemy_Ros/ros2_ws/install/my_robot_interfaces/share/my_robot_interfaces/srv/ComputeRectangleArea_Request.msg
[0.234s] -- Up-to-date: /home/gaetano/Documents/Udemy_Ros/ros2_ws/install/my_robot_interfaces/share/my_robot_interfaces/srv/ComputeRectangleArea_Response.msg
[0.234s] -- Up-to-date: /home/gaetano/Documents/Udemy_Ros/ros2_ws/install/my_robot_interfaces/share/my_robot_interfaces/srv/SetLed.srv
[0.234s] -- Up-to-date: /home/gaetano/Documents/Udemy_Ros/ros2_ws/install/my_robot_interfaces/share/my_robot_interfaces/srv/SetLed_Request.msg
[0.234s] -- Up-to-date: /home/gaetano/Documents/Udemy_Ros/ros2_ws/install/my_robot_interfaces/share/my_robot_interfaces/srv/SetLed_Response.msg
[0.234s] -- Up-to-date: /home/gaetano/Documents/Udemy_Ros/ros2_ws/install/my_robot_interfaces/share/ament_index/resource_index/package_run_dependencies/my_robot_interfaces
[0.234s] -- Up-to-date: /home/gaetano/Documents/Udemy_Ros/ros2_ws/install/my_robot_interfaces/share/ament_index/resource_index/parent_prefix_path/my_robot_interfaces
[0.234s] -- Up-to-date: /home/gaetano/Documents/Udemy_Ros/ros2_ws/install/my_robot_interfaces/share/my_robot_interfaces/environment/ament_prefix_path.sh
[0.234s] -- Up-to-date: /home/gaetano/Documents/Udemy_Ros/ros2_ws/install/my_robot_interfaces/share/my_robot_interfaces/environment/ament_prefix_path.dsv
[0.234s] -- Up-to-date: /home/gaetano/Documents/Udemy_Ros/ros2_ws/install/my_robot_interfaces/share/my_robot_interfaces/environment/path.sh
[0.234s] -- Up-to-date: /home/gaetano/Documents/Udemy_Ros/ros2_ws/install/my_robot_interfaces/share/my_robot_interfaces/environment/path.dsv
[0.234s] -- Up-to-date: /home/gaetano/Documents/Udemy_Ros/ros2_ws/install/my_robot_interfaces/share/my_robot_interfaces/local_setup.bash
[0.234s] -- Up-to-date: /home/gaetano/Documents/Udemy_Ros/ros2_ws/install/my_robot_interfaces/share/my_robot_interfaces/local_setup.sh
[0.234s] -- Up-to-date: /home/gaetano/Documents/Udemy_Ros/ros2_ws/install/my_robot_interfaces/share/my_robot_interfaces/local_setup.zsh
[0.234s] -- Up-to-date: /home/gaetano/Documents/Udemy_Ros/ros2_ws/install/my_robot_interfaces/share/my_robot_interfaces/local_setup.dsv
[0.235s] -- Installing: /home/gaetano/Documents/Udemy_Ros/ros2_ws/install/my_robot_interfaces/share/my_robot_interfaces/package.dsv
[0.235s] -- Up-to-date: /home/gaetano/Documents/Udemy_Ros/ros2_ws/install/my_robot_interfaces/share/ament_index/resource_index/packages/my_robot_interfaces
[0.235s] -- Up-to-date: /home/gaetano/Documents/Udemy_Ros/ros2_ws/install/my_robot_interfaces/share/my_robot_interfaces/cmake/my_robot_interfaces__rosidl_generator_cExport.cmake
[0.235s] -- Up-to-date: /home/gaetano/Documents/Udemy_Ros/ros2_ws/install/my_robot_interfaces/share/my_robot_interfaces/cmake/my_robot_interfaces__rosidl_generator_cExport-noconfig.cmake
[0.235s] -- Up-to-date: /home/gaetano/Documents/Udemy_Ros/ros2_ws/install/my_robot_interfaces/share/my_robot_interfaces/cmake/my_robot_interfaces__rosidl_typesupport_introspection_cExport.cmake
[0.235s] -- Up-to-date: /home/gaetano/Documents/Udemy_Ros/ros2_ws/install/my_robot_interfaces/share/my_robot_interfaces/cmake/my_robot_interfaces__rosidl_typesupport_introspection_cExport-noconfig.cmake
[0.235s] -- Up-to-date: /home/gaetano/Documents/Udemy_Ros/ros2_ws/install/my_robot_interfaces/share/my_robot_interfaces/cmake/my_robot_interfaces__rosidl_typesupport_cExport.cmake
[0.235s] -- Up-to-date: /home/gaetano/Documents/Udemy_Ros/ros2_ws/install/my_robot_interfaces/share/my_robot_interfaces/cmake/my_robot_interfaces__rosidl_typesupport_cExport-noconfig.cmake
[0.235s] -- Up-to-date: /home/gaetano/Documents/Udemy_Ros/ros2_ws/install/my_robot_interfaces/share/my_robot_interfaces/cmake/my_robot_interfaces__rosidl_generator_cppExport.cmake
[0.235s] -- Up-to-date: /home/gaetano/Documents/Udemy_Ros/ros2_ws/install/my_robot_interfaces/share/my_robot_interfaces/cmake/my_robot_interfaces__rosidl_typesupport_introspection_cppExport.cmake
[0.235s] -- Up-to-date: /home/gaetano/Documents/Udemy_Ros/ros2_ws/install/my_robot_interfaces/share/my_robot_interfaces/cmake/my_robot_interfaces__rosidl_typesupport_introspection_cppExport-noconfig.cmake
[0.235s] -- Up-to-date: /home/gaetano/Documents/Udemy_Ros/ros2_ws/install/my_robot_interfaces/share/my_robot_interfaces/cmake/my_robot_interfaces__rosidl_typesupport_cppExport.cmake
[0.235s] -- Up-to-date: /home/gaetano/Documents/Udemy_Ros/ros2_ws/install/my_robot_interfaces/share/my_robot_interfaces/cmake/my_robot_interfaces__rosidl_typesupport_cppExport-noconfig.cmake
[0.235s] -- Up-to-date: /home/gaetano/Documents/Udemy_Ros/ros2_ws/install/my_robot_interfaces/share/my_robot_interfaces/cmake/rosidl_cmake-extras.cmake
[0.235s] -- Up-to-date: /home/gaetano/Documents/Udemy_Ros/ros2_ws/install/my_robot_interfaces/share/my_robot_interfaces/cmake/ament_cmake_export_dependencies-extras.cmake
[0.236s] -- Up-to-date: /home/gaetano/Documents/Udemy_Ros/ros2_ws/install/my_robot_interfaces/share/my_robot_interfaces/cmake/ament_cmake_export_libraries-extras.cmake
[0.236s] -- Up-to-date: /home/gaetano/Documents/Udemy_Ros/ros2_ws/install/my_robot_interfaces/share/my_robot_interfaces/cmake/ament_cmake_export_targets-extras.cmake
[0.236s] -- Up-to-date: /home/gaetano/Documents/Udemy_Ros/ros2_ws/install/my_robot_interfaces/share/my_robot_interfaces/cmake/ament_cmake_export_include_directories-extras.cmake
[0.236s] -- Up-to-date: /home/gaetano/Documents/Udemy_Ros/ros2_ws/install/my_robot_interfaces/share/my_robot_interfaces/cmake/rosidl_cmake_export_typesupport_libraries-extras.cmake
[0.236s] -- Up-to-date: /home/gaetano/Documents/Udemy_Ros/ros2_ws/install/my_robot_interfaces/share/my_robot_interfaces/cmake/rosidl_cmake_export_typesupport_targets-extras.cmake
[0.236s] -- Up-to-date: /home/gaetano/Documents/Udemy_Ros/ros2_ws/install/my_robot_interfaces/share/my_robot_interfaces/cmake/my_robot_interfacesConfig.cmake
[0.236s] -- Up-to-date: /home/gaetano/Documents/Udemy_Ros/ros2_ws/install/my_robot_interfaces/share/my_robot_interfaces/cmake/my_robot_interfacesConfig-version.cmake
[0.236s] -- Up-to-date: /home/gaetano/Documents/Udemy_Ros/ros2_ws/install/my_robot_interfaces/share/my_robot_interfaces/package.xml
[0.237s] Invoked command in '/home/gaetano/Documents/Udemy_Ros/ros2_ws/build/my_robot_interfaces' returned '0': CMAKE_PREFIX_PATH=/opt/ros/foxy /home/gaetano/.local/bin/cmake --install /home/gaetano/Documents/Udemy_Ros/ros2_ws/build/my_robot_interfaces
