[0.181s] DEBUG:colcon:Command line arguments: ['/usr/bin/colcon', 'build', '--packages-select', 'my_py_pkg', '--symlink-install']
[0.181s] DEBUG:colcon:Parsed command line arguments: Namespace(allow_overriding=[], ament_cmake_args=None, base_paths=['.'], build_base='build', catkin_cmake_args=None, catkin_skip_building_tests=False, cmake_args=None, cmake_clean_cache=False, cmake_clean_first=False, cmake_force_configure=False, cmake_target=None, cmake_target_skip_unavailable=False, continue_on_error=False, event_handlers=None, executor='parallel', ignore_user_meta=False, install_base='install', log_base=None, log_level=None, main=<bound method BuildVerb.main of <colcon_core.verb.build.BuildVerb object at 0x7f5b5bd11be0>>, merge_install=False, metas=['./colcon.meta'], packages_above=None, packages_above_and_dependencies=None, packages_above_depth=None, packages_end=None, packages_ignore=None, packages_ignore_regex=None, packages_select=['my_py_pkg'], packages_select_build_failed=False, packages_select_by_dep=None, packages_select_regex=None, packages_select_test_failures=False, packages_skip=None, packages_skip_build_finished=False, packages_skip_by_dep=None, packages_skip_regex=None, packages_skip_test_passed=False, packages_skip_up_to=None, packages_start=None, packages_up_to=None, packages_up_to_regex=None, parallel_workers=20, paths=None, symlink_install=True, test_result_base=None, verb_extension=<colcon_core.verb.build.BuildVerb object at 0x7f5b5bd11be0>, verb_name='build', verb_parser=<colcon_defaults.argument_parser.defaults.DefaultArgumentsDecorator object at 0x7f5b5bd1c190>)
[0.193s] Level 1:colcon.colcon_core.package_discovery:discover_packages(colcon_meta) check parameters
[0.193s] Level 1:colcon.colcon_core.package_discovery:discover_packages(recursive) check parameters
[0.193s] Level 1:colcon.colcon_core.package_discovery:discover_packages(ignore) check parameters
[0.193s] Level 1:colcon.colcon_core.package_discovery:discover_packages(path) check parameters
[0.193s] Level 1:colcon.colcon_core.package_discovery:discover_packages(colcon_meta) discover
[0.193s] Level 1:colcon.colcon_core.package_discovery:discover_packages(recursive) discover
[0.193s] INFO:colcon.colcon_core.package_discovery:Crawling recursively for packages in '/home/gaetano/Documents/Udemy_Ros/ros2_ws'
[0.193s] Level 1:colcon.colcon_core.package_identification:_identify(.) by extensions ['ignore', 'ignore_ament_install']
[0.193s] Level 1:colcon.colcon_core.package_identification:_identify(.) by extension 'ignore'
[0.194s] Level 1:colcon.colcon_core.package_identification:_identify(.) by extension 'ignore_ament_install'
[0.194s] Level 1:colcon.colcon_core.package_identification:_identify(.) by extensions ['colcon_pkg']
[0.194s] Level 1:colcon.colcon_core.package_identification:_identify(.) by extension 'colcon_pkg'
[0.194s] Level 1:colcon.colcon_core.package_identification:_identify(.) by extensions ['colcon_meta']
[0.194s] Level 1:colcon.colcon_core.package_identification:_identify(.) by extension 'colcon_meta'
[0.194s] Level 1:colcon.colcon_core.package_identification:_identify(.) by extensions ['ros']
[0.194s] Level 1:colcon.colcon_core.package_identification:_identify(.) by extension 'ros'
[0.199s] Level 1:colcon.colcon_core.package_identification:_identify(.) by extensions ['cmake', 'python']
[0.199s] Level 1:colcon.colcon_core.package_identification:_identify(.) by extension 'cmake'
[0.199s] Level 1:colcon.colcon_core.package_identification:_identify(.) by extension 'python'
[0.199s] Level 1:colcon.colcon_core.package_identification:_identify(.) by extensions ['python_setup_py']
[0.199s] Level 1:colcon.colcon_core.package_identification:_identify(.) by extension 'python_setup_py'
[0.199s] Level 1:colcon.colcon_core.package_identification:_identify(build) by extensions ['ignore', 'ignore_ament_install']
[0.199s] Level 1:colcon.colcon_core.package_identification:_identify(build) by extension 'ignore'
[0.199s] Level 1:colcon.colcon_core.package_identification:_identify(build) ignored
[0.199s] Level 1:colcon.colcon_core.package_identification:_identify(install) by extensions ['ignore', 'ignore_ament_install']
[0.200s] Level 1:colcon.colcon_core.package_identification:_identify(install) by extension 'ignore'
[0.200s] Level 1:colcon.colcon_core.package_identification:_identify(install) ignored
[0.200s] Level 1:colcon.colcon_core.package_identification:_identify(log) by extensions ['ignore', 'ignore_ament_install']
[0.200s] Level 1:colcon.colcon_core.package_identification:_identify(log) by extension 'ignore'
[0.200s] Level 1:colcon.colcon_core.package_identification:_identify(log) ignored
[0.200s] Level 1:colcon.colcon_core.package_identification:_identify(ros2_boiler_plate_nodes) by extensions ['ignore', 'ignore_ament_install']
[0.200s] Level 1:colcon.colcon_core.package_identification:_identify(ros2_boiler_plate_nodes) by extension 'ignore'
[0.200s] Level 1:colcon.colcon_core.package_identification:_identify(ros2_boiler_plate_nodes) by extension 'ignore_ament_install'
[0.200s] Level 1:colcon.colcon_core.package_identification:_identify(ros2_boiler_plate_nodes) by extensions ['colcon_pkg']
[0.200s] Level 1:colcon.colcon_core.package_identification:_identify(ros2_boiler_plate_nodes) by extension 'colcon_pkg'
[0.200s] Level 1:colcon.colcon_core.package_identification:_identify(ros2_boiler_plate_nodes) by extensions ['colcon_meta']
[0.200s] Level 1:colcon.colcon_core.package_identification:_identify(ros2_boiler_plate_nodes) by extension 'colcon_meta'
[0.200s] Level 1:colcon.colcon_core.package_identification:_identify(ros2_boiler_plate_nodes) by extensions ['ros']
[0.200s] Level 1:colcon.colcon_core.package_identification:_identify(ros2_boiler_plate_nodes) by extension 'ros'
[0.200s] Level 1:colcon.colcon_core.package_identification:_identify(ros2_boiler_plate_nodes) by extensions ['cmake', 'python']
[0.200s] Level 1:colcon.colcon_core.package_identification:_identify(ros2_boiler_plate_nodes) by extension 'cmake'
[0.200s] Level 1:colcon.colcon_core.package_identification:_identify(ros2_boiler_plate_nodes) by extension 'python'
[0.200s] Level 1:colcon.colcon_core.package_identification:_identify(ros2_boiler_plate_nodes) by extensions ['python_setup_py']
[0.200s] Level 1:colcon.colcon_core.package_identification:_identify(ros2_boiler_plate_nodes) by extension 'python_setup_py'
[0.200s] Level 1:colcon.colcon_core.package_identification:_identify(src) by extensions ['ignore', 'ignore_ament_install']
[0.200s] Level 1:colcon.colcon_core.package_identification:_identify(src) by extension 'ignore'
[0.200s] Level 1:colcon.colcon_core.package_identification:_identify(src) by extension 'ignore_ament_install'
[0.200s] Level 1:colcon.colcon_core.package_identification:_identify(src) by extensions ['colcon_pkg']
[0.200s] Level 1:colcon.colcon_core.package_identification:_identify(src) by extension 'colcon_pkg'
[0.200s] Level 1:colcon.colcon_core.package_identification:_identify(src) by extensions ['colcon_meta']
[0.200s] Level 1:colcon.colcon_core.package_identification:_identify(src) by extension 'colcon_meta'
[0.200s] Level 1:colcon.colcon_core.package_identification:_identify(src) by extensions ['ros']
[0.200s] Level 1:colcon.colcon_core.package_identification:_identify(src) by extension 'ros'
[0.200s] Level 1:colcon.colcon_core.package_identification:_identify(src) by extensions ['cmake', 'python']
[0.200s] Level 1:colcon.colcon_core.package_identification:_identify(src) by extension 'cmake'
[0.200s] Level 1:colcon.colcon_core.package_identification:_identify(src) by extension 'python'
[0.200s] Level 1:colcon.colcon_core.package_identification:_identify(src) by extensions ['python_setup_py']
[0.200s] Level 1:colcon.colcon_core.package_identification:_identify(src) by extension 'python_setup_py'
[0.200s] Level 1:colcon.colcon_core.package_identification:_identify(src/my_cpp_pkg) by extensions ['ignore', 'ignore_ament_install']
[0.200s] Level 1:colcon.colcon_core.package_identification:_identify(src/my_cpp_pkg) by extension 'ignore'
[0.200s] Level 1:colcon.colcon_core.package_identification:_identify(src/my_cpp_pkg) by extension 'ignore_ament_install'
[0.200s] Level 1:colcon.colcon_core.package_identification:_identify(src/my_cpp_pkg) by extensions ['colcon_pkg']
[0.200s] Level 1:colcon.colcon_core.package_identification:_identify(src/my_cpp_pkg) by extension 'colcon_pkg'
[0.200s] Level 1:colcon.colcon_core.package_identification:_identify(src/my_cpp_pkg) by extensions ['colcon_meta']
[0.200s] Level 1:colcon.colcon_core.package_identification:_identify(src/my_cpp_pkg) by extension 'colcon_meta'
[0.200s] Level 1:colcon.colcon_core.package_identification:_identify(src/my_cpp_pkg) by extensions ['ros']
[0.200s] Level 1:colcon.colcon_core.package_identification:_identify(src/my_cpp_pkg) by extension 'ros'
[0.202s] DEBUG:colcon.colcon_core.package_identification:Package 'src/my_cpp_pkg' with type 'ros.ament_cmake' and name 'my_cpp_pkg'
[0.202s] Level 1:colcon.colcon_core.package_identification:_identify(src/my_py_pkg) by extensions ['ignore', 'ignore_ament_install']
[0.202s] Level 1:colcon.colcon_core.package_identification:_identify(src/my_py_pkg) by extension 'ignore'
[0.202s] Level 1:colcon.colcon_core.package_identification:_identify(src/my_py_pkg) by extension 'ignore_ament_install'
[0.202s] Level 1:colcon.colcon_core.package_identification:_identify(src/my_py_pkg) by extensions ['colcon_pkg']
[0.202s] Level 1:colcon.colcon_core.package_identification:_identify(src/my_py_pkg) by extension 'colcon_pkg'
[0.202s] Level 1:colcon.colcon_core.package_identification:_identify(src/my_py_pkg) by extensions ['colcon_meta']
[0.202s] Level 1:colcon.colcon_core.package_identification:_identify(src/my_py_pkg) by extension 'colcon_meta'
[0.202s] Level 1:colcon.colcon_core.package_identification:_identify(src/my_py_pkg) by extensions ['ros']
[0.202s] Level 1:colcon.colcon_core.package_identification:_identify(src/my_py_pkg) by extension 'ros'
[0.202s] DEBUG:colcon.colcon_core.package_identification:Package 'src/my_py_pkg' with type 'ros.ament_python' and name 'my_py_pkg'
[0.202s] Level 1:colcon.colcon_core.package_identification:_identify(src/my_robot_interfaces) by extensions ['ignore', 'ignore_ament_install']
[0.202s] Level 1:colcon.colcon_core.package_identification:_identify(src/my_robot_interfaces) by extension 'ignore'
[0.202s] Level 1:colcon.colcon_core.package_identification:_identify(src/my_robot_interfaces) by extension 'ignore_ament_install'
[0.202s] Level 1:colcon.colcon_core.package_identification:_identify(src/my_robot_interfaces) by extensions ['colcon_pkg']
[0.202s] Level 1:colcon.colcon_core.package_identification:_identify(src/my_robot_interfaces) by extension 'colcon_pkg'
[0.202s] Level 1:colcon.colcon_core.package_identification:_identify(src/my_robot_interfaces) by extensions ['colcon_meta']
[0.202s] Level 1:colcon.colcon_core.package_identification:_identify(src/my_robot_interfaces) by extension 'colcon_meta'
[0.202s] Level 1:colcon.colcon_core.package_identification:_identify(src/my_robot_interfaces) by extensions ['ros']
[0.202s] Level 1:colcon.colcon_core.package_identification:_identify(src/my_robot_interfaces) by extension 'ros'
[0.203s] DEBUG:colcon.colcon_core.package_identification:Package 'src/my_robot_interfaces' with type 'ros.ament_cmake' and name 'my_robot_interfaces'
[0.203s] Level 1:colcon.colcon_core.package_discovery:discover_packages(recursive) using defaults
[0.203s] Level 1:colcon.colcon_core.package_discovery:discover_packages(ignore) discover
[0.203s] Level 1:colcon.colcon_core.package_discovery:discover_packages(ignore) using defaults
[0.203s] Level 1:colcon.colcon_core.package_discovery:discover_packages(path) discover
[0.203s] Level 1:colcon.colcon_core.package_discovery:discover_packages(path) using defaults
[0.215s] INFO:colcon.colcon_core.package_selection:Skipping not selected package 'my_cpp_pkg' in 'src/my_cpp_pkg'
[0.215s] INFO:colcon.colcon_core.package_selection:Skipping not selected package 'my_robot_interfaces' in 'src/my_robot_interfaces'
[0.216s] Level 1:colcon.colcon_core.package_discovery:discover_packages(prefix_path) check parameters
[0.216s] Level 1:colcon.colcon_core.package_discovery:discover_packages(prefix_path) discover
[0.217s] DEBUG:colcon.colcon_installed_package_information.package_discovery:Found 3 installed packages in /home/gaetano/Documents/Udemy_Ros/ros2_ws/install
[0.218s] DEBUG:colcon.colcon_installed_package_information.package_discovery:Found 256 installed packages in /opt/ros/foxy
[0.218s] Level 1:colcon.colcon_core.package_discovery:discover_packages(prefix_path) using defaults
[0.248s] Level 5:colcon.colcon_core.verb:set package 'my_py_pkg' build argument 'cmake_args' from command line to 'None'
[0.248s] Level 5:colcon.colcon_core.verb:set package 'my_py_pkg' build argument 'cmake_target' from command line to 'None'
[0.248s] Level 5:colcon.colcon_core.verb:set package 'my_py_pkg' build argument 'cmake_target_skip_unavailable' from command line to 'False'
[0.248s] Level 5:colcon.colcon_core.verb:set package 'my_py_pkg' build argument 'cmake_clean_cache' from command line to 'False'
[0.248s] Level 5:colcon.colcon_core.verb:set package 'my_py_pkg' build argument 'cmake_clean_first' from command line to 'False'
[0.248s] Level 5:colcon.colcon_core.verb:set package 'my_py_pkg' build argument 'cmake_force_configure' from command line to 'False'
[0.248s] Level 5:colcon.colcon_core.verb:set package 'my_py_pkg' build argument 'ament_cmake_args' from command line to 'None'
[0.248s] Level 5:colcon.colcon_core.verb:set package 'my_py_pkg' build argument 'catkin_cmake_args' from command line to 'None'
[0.248s] Level 5:colcon.colcon_core.verb:set package 'my_py_pkg' build argument 'catkin_skip_building_tests' from command line to 'False'
[0.248s] DEBUG:colcon.colcon_core.verb:Building package 'my_py_pkg' with the following arguments: {'ament_cmake_args': None, 'build_base': '/home/gaetano/Documents/Udemy_Ros/ros2_ws/build/my_py_pkg', 'catkin_cmake_args': None, 'catkin_skip_building_tests': False, 'cmake_args': None, 'cmake_clean_cache': False, 'cmake_clean_first': False, 'cmake_force_configure': False, 'cmake_target': None, 'cmake_target_skip_unavailable': False, 'install_base': '/home/gaetano/Documents/Udemy_Ros/ros2_ws/install/my_py_pkg', 'merge_install': False, 'path': '/home/gaetano/Documents/Udemy_Ros/ros2_ws/src/my_py_pkg', 'symlink_install': True, 'test_result_base': None}
[0.249s] INFO:colcon.colcon_core.executor:Executing jobs using 'parallel' executor
[0.251s] DEBUG:colcon.colcon_parallel_executor.executor.parallel:run_until_complete
[0.251s] INFO:colcon.colcon_ros.task.ament_python.build:Building ROS package in '/home/gaetano/Documents/Udemy_Ros/ros2_ws/src/my_py_pkg' with build type 'ament_python'
[0.251s] Level 1:colcon.colcon_core.shell:create_environment_hook('my_py_pkg', 'ament_prefix_path')
[0.253s] INFO:colcon.colcon_core.plugin_system:Skipping extension 'colcon_core.shell.bat': Not used on non-Windows systems
[0.253s] INFO:colcon.colcon_core.shell:Creating environment hook '/home/gaetano/Documents/Udemy_Ros/ros2_ws/install/my_py_pkg/share/my_py_pkg/hook/ament_prefix_path.ps1'
[0.254s] INFO:colcon.colcon_core.shell:Creating environment descriptor '/home/gaetano/Documents/Udemy_Ros/ros2_ws/install/my_py_pkg/share/my_py_pkg/hook/ament_prefix_path.dsv'
[0.254s] INFO:colcon.colcon_core.shell:Creating environment hook '/home/gaetano/Documents/Udemy_Ros/ros2_ws/install/my_py_pkg/share/my_py_pkg/hook/ament_prefix_path.sh'
[0.255s] INFO:colcon.colcon_core.shell:Skip shell extension 'powershell' for command environment: Not usable outside of PowerShell
[0.255s] DEBUG:colcon.colcon_core.shell:Skip shell extension 'dsv' for command environment
[0.405s] INFO:colcon.colcon_core.task.python.build:Building Python package in '/home/gaetano/Documents/Udemy_Ros/ros2_ws/src/my_py_pkg'
[0.407s] INFO:colcon.colcon_core.shell:Skip shell extension 'powershell' for command environment: Not usable outside of PowerShell
[0.407s] DEBUG:colcon.colcon_core.shell:Skip shell extension 'dsv' for command environment
[0.680s] DEBUG:colcon.colcon_core.event_handler.log_command:Invoking command in '/home/gaetano/Documents/Udemy_Ros/ros2_ws/build/my_py_pkg': PYTHONPATH=/home/gaetano/Documents/Udemy_Ros/ros2_ws/build/my_py_pkg/prefix_override:/home/gaetano/Documents/Udemy_Ros/ros2_ws/install/my_py_pkg/lib/python3.8/site-packages:/home/gaetano/Documents/Udemy_Ros/ros2_ws/install/my_robot_interfaces/lib/python3.8/site-packages:/home/gaetano/Documents/Udemy_Ros/ros2_ws/install/my_py_pkg/lib/python3.8/site-packages:/opt/ros/foxy/lib/python3.8/site-packages:/home/gaetano/SuperGluePretrainedNetwork:/home/gaetano/SuperGluePretrainedNetwork /usr/bin/python3 setup.py develop --editable --build-directory /home/gaetano/Documents/Udemy_Ros/ros2_ws/build/my_py_pkg/build --no-deps install_data
[0.936s] Level 1:colcon.colcon_core.shell:create_environment_hook('my_py_pkg', 'pythonpath_develop')
[0.937s] INFO:colcon.colcon_core.shell:Creating environment hook '/home/gaetano/Documents/Udemy_Ros/ros2_ws/build/my_py_pkg/share/my_py_pkg/hook/pythonpath_develop.ps1'
[0.938s] DEBUG:colcon.colcon_core.event_handler.log_command:Invoked command in '/home/gaetano/Documents/Udemy_Ros/ros2_ws/build/my_py_pkg' returned '0': PYTHONPATH=/home/gaetano/Documents/Udemy_Ros/ros2_ws/build/my_py_pkg/prefix_override:/home/gaetano/Documents/Udemy_Ros/ros2_ws/install/my_py_pkg/lib/python3.8/site-packages:/home/gaetano/Documents/Udemy_Ros/ros2_ws/install/my_robot_interfaces/lib/python3.8/site-packages:/home/gaetano/Documents/Udemy_Ros/ros2_ws/install/my_py_pkg/lib/python3.8/site-packages:/opt/ros/foxy/lib/python3.8/site-packages:/home/gaetano/SuperGluePretrainedNetwork:/home/gaetano/SuperGluePretrainedNetwork /usr/bin/python3 setup.py develop --editable --build-directory /home/gaetano/Documents/Udemy_Ros/ros2_ws/build/my_py_pkg/build --no-deps install_data
[0.938s] INFO:colcon.colcon_core.shell:Creating environment descriptor '/home/gaetano/Documents/Udemy_Ros/ros2_ws/build/my_py_pkg/share/my_py_pkg/hook/pythonpath_develop.dsv'
[0.938s] INFO:colcon.colcon_core.shell:Creating environment hook '/home/gaetano/Documents/Udemy_Ros/ros2_ws/build/my_py_pkg/share/my_py_pkg/hook/pythonpath_develop.sh'
[0.942s] Level 1:colcon.colcon_core.environment:checking '/home/gaetano/Documents/Udemy_Ros/ros2_ws/install/my_py_pkg' for CMake module files
[0.942s] Level 1:colcon.colcon_core.environment:checking '/home/gaetano/Documents/Udemy_Ros/ros2_ws/install/my_py_pkg' for CMake config files
[0.942s] Level 1:colcon.colcon_core.environment:checking '/home/gaetano/Documents/Udemy_Ros/ros2_ws/install/my_py_pkg/lib'
[0.943s] Level 1:colcon.colcon_core.environment:checking '/home/gaetano/Documents/Udemy_Ros/ros2_ws/install/my_py_pkg/bin'
[0.943s] Level 1:colcon.colcon_core.environment:checking '/home/gaetano/Documents/Udemy_Ros/ros2_ws/install/my_py_pkg/lib/pkgconfig/my_py_pkg.pc'
[0.943s] Level 1:colcon.colcon_core.environment:checking '/home/gaetano/Documents/Udemy_Ros/ros2_ws/install/my_py_pkg/lib/python3.8/site-packages'
[0.943s] Level 1:colcon.colcon_core.shell:create_environment_hook('my_py_pkg', 'pythonpath')
[0.944s] INFO:colcon.colcon_core.shell:Creating environment hook '/home/gaetano/Documents/Udemy_Ros/ros2_ws/install/my_py_pkg/share/my_py_pkg/hook/pythonpath.ps1'
[0.944s] INFO:colcon.colcon_core.shell:Creating environment descriptor '/home/gaetano/Documents/Udemy_Ros/ros2_ws/install/my_py_pkg/share/my_py_pkg/hook/pythonpath.dsv'
[0.944s] INFO:colcon.colcon_core.shell:Creating environment hook '/home/gaetano/Documents/Udemy_Ros/ros2_ws/install/my_py_pkg/share/my_py_pkg/hook/pythonpath.sh'
[0.944s] Level 1:colcon.colcon_core.environment:checking '/home/gaetano/Documents/Udemy_Ros/ros2_ws/install/my_py_pkg/bin'
[0.944s] Level 1:colcon.colcon_core.environment:create_environment_scripts_only(my_py_pkg)
[0.945s] INFO:colcon.colcon_core.shell:Creating package script '/home/gaetano/Documents/Udemy_Ros/ros2_ws/install/my_py_pkg/share/my_py_pkg/package.ps1'
[0.946s] INFO:colcon.colcon_core.shell:Creating package descriptor '/home/gaetano/Documents/Udemy_Ros/ros2_ws/install/my_py_pkg/share/my_py_pkg/package.dsv'
[0.946s] INFO:colcon.colcon_core.shell:Creating package script '/home/gaetano/Documents/Udemy_Ros/ros2_ws/install/my_py_pkg/share/my_py_pkg/package.sh'
[0.946s] INFO:colcon.colcon_core.shell:Creating package script '/home/gaetano/Documents/Udemy_Ros/ros2_ws/install/my_py_pkg/share/my_py_pkg/package.bash'
[0.946s] INFO:colcon.colcon_core.shell:Creating package script '/home/gaetano/Documents/Udemy_Ros/ros2_ws/install/my_py_pkg/share/my_py_pkg/package.zsh'
[0.947s] Level 1:colcon.colcon_core.environment:create_file_with_runtime_dependencies(/home/gaetano/Documents/Udemy_Ros/ros2_ws/install/my_py_pkg/share/colcon-core/packages/my_py_pkg)
[0.947s] DEBUG:colcon.colcon_parallel_executor.executor.parallel:closing loop
[0.947s] DEBUG:colcon.colcon_parallel_executor.executor.parallel:loop closed
[0.947s] DEBUG:colcon.colcon_parallel_executor.executor.parallel:run_until_complete finished with '0'
[0.947s] DEBUG:colcon.colcon_core.event_reactor:joining thread
[0.951s] INFO:colcon.colcon_core.plugin_system:Skipping extension 'colcon_notification.desktop_notification.terminal_notifier': Not used on non-Darwin systems
[0.951s] INFO:colcon.colcon_core.plugin_system:Skipping extension 'colcon_notification.desktop_notification.win32': Not used on non-Windows systems
[0.951s] INFO:colcon.colcon_notification.desktop_notification:Sending desktop notification using 'notify2'
[0.961s] DEBUG:colcon.colcon_core.event_reactor:joined thread
[0.962s] INFO:colcon.colcon_core.shell:Creating prefix script '/home/gaetano/Documents/Udemy_Ros/ros2_ws/install/local_setup.ps1'
[0.962s] INFO:colcon.colcon_core.shell:Creating prefix util module '/home/gaetano/Documents/Udemy_Ros/ros2_ws/install/_local_setup_util_ps1.py'
[0.963s] INFO:colcon.colcon_core.shell:Creating prefix chain script '/home/gaetano/Documents/Udemy_Ros/ros2_ws/install/setup.ps1'
[0.964s] INFO:colcon.colcon_core.shell:Creating prefix script '/home/gaetano/Documents/Udemy_Ros/ros2_ws/install/local_setup.sh'
[0.964s] INFO:colcon.colcon_core.shell:Creating prefix util module '/home/gaetano/Documents/Udemy_Ros/ros2_ws/install/_local_setup_util_sh.py'
[0.964s] INFO:colcon.colcon_core.shell:Creating prefix chain script '/home/gaetano/Documents/Udemy_Ros/ros2_ws/install/setup.sh'
[0.965s] INFO:colcon.colcon_core.shell:Creating prefix script '/home/gaetano/Documents/Udemy_Ros/ros2_ws/install/local_setup.bash'
[0.965s] INFO:colcon.colcon_core.shell:Creating prefix chain script '/home/gaetano/Documents/Udemy_Ros/ros2_ws/install/setup.bash'
[0.966s] INFO:colcon.colcon_core.shell:Creating prefix script '/home/gaetano/Documents/Udemy_Ros/ros2_ws/install/local_setup.zsh'
[0.966s] INFO:colcon.colcon_core.shell:Creating prefix chain script '/home/gaetano/Documents/Udemy_Ros/ros2_ws/install/setup.zsh'
